<?xml version="1.0" encoding="UTF-8"?>
<testsuite name="functional.ConcurrentGetAccountTest" tests="1" skipped="0" failures="0" errors="0" timestamp="2019-09-06T03:55:48" hostname="AR0FVFYR01DHV2J" time="2.506">
  <properties/>
  <testcase name="shouldGet500AccountsSuccessfullyAnd500FailedTest" classname="functional.ConcurrentGetAccountTest" time="2.506"/>
  <system-out><![CDATA[]]></system-out>
  <system-err><![CDATA[[Thread-43] WARN org.eclipse.jetty.server.AbstractConnector - Ignoring deprecated socket close linger time
[Thread-43] INFO spark.embeddedserver.jetty.EmbeddedJettyServer - == Spark has ignited ...
[Thread-43] INFO spark.embeddedserver.jetty.EmbeddedJettyServer - >> Listening on 0.0.0.0:8888
[Thread-43] INFO org.eclipse.jetty.server.Server - jetty-9.4.12.v20180830; built: 2018-08-30T13:59:14.071Z; git: 27208684755d94a92186989f695db2d7b21ebc51; jvm 11.0.3+12-b304.10
[Thread-43] INFO org.eclipse.jetty.server.session - DefaultSessionIdManager workerName=node0
[Thread-43] INFO org.eclipse.jetty.server.session - No SessionScavenger set, using defaults
[Thread-43] INFO org.eclipse.jetty.server.session - node0 Scavenging every 660000ms
[Thread-43] INFO org.eclipse.jetty.server.AbstractConnector - Started ServerConnector@7aa93d21{HTTP/1.1,[http/1.1]}{0.0.0.0:8888}
[Thread-43] INFO org.eclipse.jetty.server.Server - Started @6576ms
[qtp644479171-75] INFO  - REQUEST: GET http://localhost:8888/api/1.0/account/9
[qtp644479171-71] INFO  - REQUEST: GET http://localhost:8888/api/1.0/account/6
[qtp644479171-73] INFO  - REQUEST: GET http://localhost:8888/api/1.0/account/8
[qtp644479171-70] INFO  - REQUEST: GET http://localhost:8888/api/1.0/account/4
[qtp644479171-74] INFO  - REQUEST: GET http://localhost:8888/api/1.0/account/5
[qtp644479171-91] INFO  - REQUEST: GET http://localhost:8888/api/1.0/account/3
[qtp644479171-70] INFO  - RESPONSE: 200 {"id":"4","balance":0}
[qtp644479171-73] INFO  - RESPONSE: 200 {"id":"8","balance":0}
[qtp644479171-74] INFO  - RESPONSE: 200 {"id":"5","balance":0}
[qtp644479171-71] INFO  - RESPONSE: 200 {"id":"6","balance":0}
[qtp644479171-75] INFO  - RESPONSE: 200 {"id":"9","balance":0}
[qtp644479171-91] INFO  - RESPONSE: 200 {"id":"3","balance":0}
[qtp644479171-91] INFO  - REQUEST: GET http://localhost:8888/api/1.0/account/10
[qtp644479171-91] INFO  - RESPONSE: 200 {"id":"10","balance":0}
[qtp644479171-76] INFO  - REQUEST: GET http://localhost:8888/api/1.0/account/2
[qtp644479171-76] INFO  - RESPONSE: 200 {"id":"2","balance":0}
[qtp644479171-93] INFO  - REQUEST: GET http://localhost:8888/api/1.0/account/1
[qtp644479171-93] INFO  - RESPONSE: 200 {"id":"1","balance":0}
[qtp644479171-77] INFO  - REQUEST: GET http://localhost:8888/api/1.0/account/13
[qtp644479171-77] INFO  - RESPONSE: 200 {"id":"13","balance":0}
[qtp644479171-90] INFO  - REQUEST: GET http://localhost:8888/api/1.0/account/15
[qtp644479171-77] INFO  - REQUEST: GET http://localhost:8888/api/1.0/account/12
[qtp644479171-90] INFO  - RESPONSE: 200 {"id":"15","balance":0}
[qtp644479171-77] INFO  - RESPONSE: 200 {"id":"12","balance":0}
[qtp644479171-76] INFO  - REQUEST: GET http://localhost:8888/api/1.0/account/11
[qtp644479171-76] INFO  - RESPONSE: 200 {"id":"11","balance":0}
[qtp644479171-90] INFO  - REQUEST: GET http://localhost:8888/api/1.0/account/14
[qtp644479171-90] INFO  - RESPONSE: 200 {"id":"14","balance":0}
[qtp644479171-77] INFO  - REQUEST: GET http://localhost:8888/api/1.0/account/16
[qtp644479171-77] INFO  - RESPONSE: 200 {"id":"16","balance":0}
[qtp644479171-90] INFO  - REQUEST: GET http://localhost:8888/api/1.0/account/21
[qtp644479171-90] INFO  - RESPONSE: 200 {"id":"21","balance":0}
[qtp644479171-77] INFO  - REQUEST: GET http://localhost:8888/api/1.0/account/18
[qtp644479171-77] INFO  - RESPONSE: 200 {"id":"18","balance":0}
[qtp644479171-76] INFO  - REQUEST: GET http://localhost:8888/api/1.0/account/17
[qtp644479171-76] INFO  - RESPONSE: 200 {"id":"17","balance":0}
[qtp644479171-76] INFO  - REQUEST: GET http://localhost:8888/api/1.0/account/19
[qtp644479171-76] INFO  - RESPONSE: 200 {"id":"19","balance":0}
[qtp644479171-76] INFO  - REQUEST: GET http://localhost:8888/api/1.0/account/23
[qtp644479171-76] INFO  - RESPONSE: 200 {"id":"23","balance":0}
[qtp644479171-90] INFO  - REQUEST: GET http://localhost:8888/api/1.0/account/22
[qtp644479171-90] INFO  - RESPONSE: 200 {"id":"22","balance":0}
[qtp644479171-75] INFO  - REQUEST: GET http://localhost:8888/api/1.0/account/20
[qtp644479171-75] INFO  - RESPONSE: 200 {"id":"20","balance":0}
[qtp644479171-92] INFO  - REQUEST: GET http://localhost:8888/api/1.0/account/27
[qtp644479171-92] INFO  - RESPONSE: 200 {"id":"27","balance":0}
[qtp644479171-76] INFO  - REQUEST: GET http://localhost:8888/api/1.0/account/24
[qtp644479171-76] INFO  - RESPONSE: 200 {"id":"24","balance":0}
[qtp644479171-90] INFO  - REQUEST: GET http://localhost:8888/api/1.0/account/26
[qtp644479171-90] INFO  - RESPONSE: 200 {"id":"26","balance":0}
[qtp644479171-92] INFO  - REQUEST: GET http://localhost:8888/api/1.0/account/29
[qtp644479171-92] INFO  - RESPONSE: 200 {"id":"29","balance":0}
[qtp644479171-92] INFO  - REQUEST: GET http://localhost:8888/api/1.0/account/25
[qtp644479171-92] INFO  - RESPONSE: 200 {"id":"25","balance":0}
[qtp644479171-90] INFO  - REQUEST: GET http://localhost:8888/api/1.0/account/28
[qtp644479171-90] INFO  - RESPONSE: 200 {"id":"28","balance":0}
[qtp644479171-90] INFO  - REQUEST: GET http://localhost:8888/api/1.0/account/30
[qtp644479171-90] INFO  - RESPONSE: 200 {"id":"30","balance":0}
[qtp644479171-92] INFO  - REQUEST: GET http://localhost:8888/api/1.0/account/31
[qtp644479171-92] INFO  - RESPONSE: 200 {"id":"31","balance":0}
[qtp644479171-90] INFO  - REQUEST: GET http://localhost:8888/api/1.0/account/35
[qtp644479171-90] INFO  - RESPONSE: 200 {"id":"35","balance":0}
[qtp644479171-90] INFO  - REQUEST: GET http://localhost:8888/api/1.0/account/32
[qtp644479171-90] INFO  - RESPONSE: 200 {"id":"32","balance":0}
[qtp644479171-70] INFO  - REQUEST: GET http://localhost:8888/api/1.0/account/33
[qtp644479171-90] INFO  - REQUEST: GET http://localhost:8888/api/1.0/account/34
[qtp644479171-70] INFO  - RESPONSE: 200 {"id":"33","balance":0}
[qtp644479171-90] INFO  - RESPONSE: 200 {"id":"34","balance":0}
[qtp644479171-76] INFO  - REQUEST: GET http://localhost:8888/api/1.0/account/37
[qtp644479171-70] INFO  - REQUEST: GET http://localhost:8888/api/1.0/account/36
[qtp644479171-76] INFO  - RESPONSE: 200 {"id":"37","balance":0}
[qtp644479171-70] INFO  - RESPONSE: 200 {"id":"36","balance":0}
[qtp644479171-92] INFO  - REQUEST: GET http://localhost:8888/api/1.0/account/40
[qtp644479171-92] INFO  - RESPONSE: 200 {"id":"40","balance":0}
[qtp644479171-70] INFO  - REQUEST: GET http://localhost:8888/api/1.0/account/39
[qtp644479171-70] INFO  - RESPONSE: 200 {"id":"39","balance":0}
[qtp644479171-92] INFO  - REQUEST: GET http://localhost:8888/api/1.0/account/38
[qtp644479171-92] INFO  - RESPONSE: 200 {"id":"38","balance":0}
[qtp644479171-77] INFO  - REQUEST: GET http://localhost:8888/api/1.0/account/44
[qtp644479171-77] INFO  - RESPONSE: 200 {"id":"44","balance":0}
[qtp644479171-70] INFO  - REQUEST: GET http://localhost:8888/api/1.0/account/43
[qtp644479171-70] INFO  - RESPONSE: 200 {"id":"43","balance":0}
[qtp644479171-76] INFO  - REQUEST: GET http://localhost:8888/api/1.0/account/42
[qtp644479171-76] INFO  - RESPONSE: 200 {"id":"42","balance":0}
[qtp644479171-92] INFO  - REQUEST: GET http://localhost:8888/api/1.0/account/41
[qtp644479171-92] INFO  - RESPONSE: 200 {"id":"41","balance":0}
[qtp644479171-70] INFO  - REQUEST: GET http://localhost:8888/api/1.0/account/45
[qtp644479171-70] INFO  - RESPONSE: 200 {"id":"45","balance":0}
[qtp644479171-70] INFO  - REQUEST: GET http://localhost:8888/api/1.0/account/48
[qtp644479171-70] INFO  - RESPONSE: 200 {"id":"48","balance":0}
[qtp644479171-70] INFO  - REQUEST: GET http://localhost:8888/api/1.0/account/47
[qtp644479171-92] INFO  - REQUEST: GET http://localhost:8888/api/1.0/account/46
[qtp644479171-70] INFO  - RESPONSE: 200 {"id":"47","balance":0}
[qtp644479171-92] INFO  - RESPONSE: 200 {"id":"46","balance":0}
[qtp644479171-92] INFO  - REQUEST: GET http://localhost:8888/api/1.0/account/50
[qtp644479171-70] INFO  - REQUEST: GET http://localhost:8888/api/1.0/account/51
[qtp644479171-70] INFO  - RESPONSE: 200 {"id":"51","balance":0}
[qtp644479171-76] INFO  - REQUEST: GET http://localhost:8888/api/1.0/account/49
[qtp644479171-76] INFO  - RESPONSE: 200 {"id":"49","balance":0}
[qtp644479171-92] INFO  - RESPONSE: 200 {"id":"50","balance":0}
[qtp644479171-76] INFO  - REQUEST: GET http://localhost:8888/api/1.0/account/52
[qtp644479171-76] INFO  - RESPONSE: 200 {"id":"52","balance":0}
[qtp644479171-76] INFO  - REQUEST: GET http://localhost:8888/api/1.0/account/54
[qtp644479171-76] INFO  - RESPONSE: 200 {"id":"54","balance":0}
[qtp644479171-90] INFO  - REQUEST: GET http://localhost:8888/api/1.0/account/53
[qtp644479171-90] INFO  - RESPONSE: 200 {"id":"53","balance":0}
[qtp644479171-90] INFO  - REQUEST: GET http://localhost:8888/api/1.0/account/55
[qtp644479171-90] INFO  - RESPONSE: 200 {"id":"55","balance":0}
[qtp644479171-90] INFO  - REQUEST: GET http://localhost:8888/api/1.0/account/58
[qtp644479171-90] INFO  - RESPONSE: 200 {"id":"58","balance":0}
[qtp644479171-76] INFO  - REQUEST: GET http://localhost:8888/api/1.0/account/59
[qtp644479171-76] INFO  - RESPONSE: 200 {"id":"59","balance":0}
[qtp644479171-76] INFO  - REQUEST: GET http://localhost:8888/api/1.0/account/57
[qtp644479171-76] INFO  - RESPONSE: 200 {"id":"57","balance":0}
[qtp644479171-76] INFO  - REQUEST: GET http://localhost:8888/api/1.0/account/60
[qtp644479171-76] INFO  - RESPONSE: 200 {"id":"60","balance":0}
[qtp644479171-90] INFO  - REQUEST: GET http://localhost:8888/api/1.0/account/56
[qtp644479171-90] INFO  - RESPONSE: 200 {"id":"56","balance":0}
[qtp644479171-90] INFO  - REQUEST: GET http://localhost:8888/api/1.0/account/62
[qtp644479171-90] INFO  - RESPONSE: 200 {"id":"62","balance":0}
[qtp644479171-76] INFO  - REQUEST: GET http://localhost:8888/api/1.0/account/61
[qtp644479171-76] INFO  - RESPONSE: 200 {"id":"61","balance":0}
[qtp644479171-90] INFO  - REQUEST: GET http://localhost:8888/api/1.0/account/63
[qtp644479171-76] INFO  - REQUEST: GET http://localhost:8888/api/1.0/account/64
[qtp644479171-90] INFO  - RESPONSE: 200 {"id":"63","balance":0}
[qtp644479171-76] INFO  - RESPONSE: 200 {"id":"64","balance":0}
[qtp644479171-90] INFO  - REQUEST: GET http://localhost:8888/api/1.0/account/65
[qtp644479171-90] INFO  - RESPONSE: 200 {"id":"65","balance":0}
[qtp644479171-92] INFO  - REQUEST: GET http://localhost:8888/api/1.0/account/66
[qtp644479171-92] INFO  - RESPONSE: 200 {"id":"66","balance":0}
[qtp644479171-76] INFO  - REQUEST: GET http://localhost:8888/api/1.0/account/67
[qtp644479171-76] INFO  - RESPONSE: 200 {"id":"67","balance":0}
[qtp644479171-90] INFO  - REQUEST: GET http://localhost:8888/api/1.0/account/69
[qtp644479171-90] INFO  - RESPONSE: 200 {"id":"69","balance":0}
[qtp644479171-76] INFO  - REQUEST: GET http://localhost:8888/api/1.0/account/70
[qtp644479171-76] INFO  - RESPONSE: 200 {"id":"70","balance":0}
[qtp644479171-70] INFO  - REQUEST: GET http://localhost:8888/api/1.0/account/68
[qtp644479171-70] INFO  - RESPONSE: 200 {"id":"68","balance":0}
[qtp644479171-90] INFO  - REQUEST: GET http://localhost:8888/api/1.0/account/71
[qtp644479171-90] INFO  - RESPONSE: 200 {"id":"71","balance":0}
[qtp644479171-76] INFO  - REQUEST: GET http://localhost:8888/api/1.0/account/72
[qtp644479171-76] INFO  - RESPONSE: 200 {"id":"72","balance":0}
[qtp644479171-90] INFO  - REQUEST: GET http://localhost:8888/api/1.0/account/74
[qtp644479171-70] INFO  - REQUEST: GET http://localhost:8888/api/1.0/account/75
[qtp644479171-90] INFO  - RESPONSE: 200 {"id":"74","balance":0}
[qtp644479171-70] INFO  - RESPONSE: 200 {"id":"75","balance":0}
[qtp644479171-76] INFO  - REQUEST: GET http://localhost:8888/api/1.0/account/73
[qtp644479171-76] INFO  - RESPONSE: 200 {"id":"73","balance":0}
[qtp644479171-76] INFO  - REQUEST: GET http://localhost:8888/api/1.0/account/76
[qtp644479171-76] INFO  - RESPONSE: 200 {"id":"76","balance":0}
[qtp644479171-90] INFO  - REQUEST: GET http://localhost:8888/api/1.0/account/77
[qtp644479171-90] INFO  - RESPONSE: 200 {"id":"77","balance":0}
[qtp644479171-76] INFO  - REQUEST: GET http://localhost:8888/api/1.0/account/78
[qtp644479171-76] INFO  - RESPONSE: 200 {"id":"78","balance":0}
[qtp644479171-93] INFO  - REQUEST: GET http://localhost:8888/api/1.0/account/81
[qtp644479171-93] INFO  - RESPONSE: 200 {"id":"81","balance":0}
[qtp644479171-90] INFO  - REQUEST: GET http://localhost:8888/api/1.0/account/79
[qtp644479171-90] INFO  - RESPONSE: 200 {"id":"79","balance":0}
[qtp644479171-76] INFO  - REQUEST: GET http://localhost:8888/api/1.0/account/83
[qtp644479171-76] INFO  - RESPONSE: 200 {"id":"83","balance":0}
[qtp644479171-93] INFO  - REQUEST: GET http://localhost:8888/api/1.0/account/7
[qtp644479171-93] INFO  - RESPONSE: 200 {"id":"7","balance":0}
[qtp644479171-92] INFO  - REQUEST: GET http://localhost:8888/api/1.0/account/82
[qtp644479171-93] INFO  - REQUEST: GET http://localhost:8888/api/1.0/account/84
[qtp644479171-92] INFO  - RESPONSE: 200 {"id":"82","balance":0}
[qtp644479171-93] INFO  - RESPONSE: 200 {"id":"84","balance":0}
[qtp644479171-76] INFO  - REQUEST: GET http://localhost:8888/api/1.0/account/80
[qtp644479171-76] INFO  - RESPONSE: 200 {"id":"80","balance":0}
[qtp644479171-90] INFO  - REQUEST: GET http://localhost:8888/api/1.0/account/90
[qtp644479171-90] INFO  - RESPONSE: 200 {"id":"90","balance":0}
[qtp644479171-93] INFO  - REQUEST: GET http://localhost:8888/api/1.0/account/91
[qtp644479171-93] INFO  - RESPONSE: 200 {"id":"91","balance":0}
[qtp644479171-76] INFO  - REQUEST: GET http://localhost:8888/api/1.0/account/92
[qtp644479171-76] INFO  - RESPONSE: 200 {"id":"92","balance":0}
[qtp644479171-90] INFO  - REQUEST: GET http://localhost:8888/api/1.0/account/94
[qtp644479171-90] INFO  - RESPONSE: 200 {"id":"94","balance":0}
[qtp644479171-93] INFO  - REQUEST: GET http://localhost:8888/api/1.0/account/95
[qtp644479171-93] INFO  - RESPONSE: 200 {"id":"95","balance":0}
[qtp644479171-76] INFO  - REQUEST: GET http://localhost:8888/api/1.0/account/96
[qtp644479171-76] INFO  - RESPONSE: 200 {"id":"96","balance":0}
[qtp644479171-90] INFO  - REQUEST: GET http://localhost:8888/api/1.0/account/97
[qtp644479171-90] INFO  - RESPONSE: 200 {"id":"97","balance":0}
[qtp644479171-76] INFO  - REQUEST: GET http://localhost:8888/api/1.0/account/98
[qtp644479171-92] INFO  - REQUEST: GET http://localhost:8888/api/1.0/account/93
[qtp644479171-76] INFO  - RESPONSE: 200 {"id":"98","balance":0}
[qtp644479171-92] INFO  - RESPONSE: 200 {"id":"93","balance":0}
[qtp644479171-90] INFO  - REQUEST: GET http://localhost:8888/api/1.0/account/100
[qtp644479171-90] INFO  - RESPONSE: 200 {"id":"100","balance":0}
[qtp644479171-92] INFO  - REQUEST: GET http://localhost:8888/api/1.0/account/99
[qtp644479171-92] INFO  - RESPONSE: 200 {"id":"99","balance":0}
[qtp644479171-93] INFO  - REQUEST: GET http://localhost:8888/api/1.0/account/101
[qtp644479171-93] INFO  - RESPONSE: 200 {"id":"101","balance":0}
[qtp644479171-92] INFO  - REQUEST: GET http://localhost:8888/api/1.0/account/103
[qtp644479171-92] INFO  - RESPONSE: 200 {"id":"103","balance":0}
[qtp644479171-90] INFO  - REQUEST: GET http://localhost:8888/api/1.0/account/102
[qtp644479171-90] INFO  - RESPONSE: 200 {"id":"102","balance":0}
[qtp644479171-76] INFO  - REQUEST: GET http://localhost:8888/api/1.0/account/104
[qtp644479171-76] INFO  - RESPONSE: 200 {"id":"104","balance":0}
[qtp644479171-93] INFO  - REQUEST: GET http://localhost:8888/api/1.0/account/105
[qtp644479171-93] INFO  - RESPONSE: 200 {"id":"105","balance":0}
[qtp644479171-90] INFO  - REQUEST: GET http://localhost:8888/api/1.0/account/87
[qtp644479171-90] INFO  - RESPONSE: 200 {"id":"87","balance":0}
[qtp644479171-93] INFO  - REQUEST: GET http://localhost:8888/api/1.0/account/108
[qtp644479171-90] INFO  - REQUEST: GET http://localhost:8888/api/1.0/account/106
[qtp644479171-93] INFO  - RESPONSE: 200 {"id":"108","balance":0}
[qtp644479171-90] INFO  - RESPONSE: 200 {"id":"106","balance":0}
[qtp644479171-76] INFO  - REQUEST: GET http://localhost:8888/api/1.0/account/107
[qtp644479171-76] INFO  - RESPONSE: 200 {"id":"107","balance":0}
[qtp644479171-90] INFO  - REQUEST: GET http://localhost:8888/api/1.0/account/109
[qtp644479171-90] INFO  - RESPONSE: 200 {"id":"109","balance":0}
[qtp644479171-76] INFO  - REQUEST: GET http://localhost:8888/api/1.0/account/110
[qtp644479171-76] INFO  - RESPONSE: 200 {"id":"110","balance":0}
[qtp644479171-93] INFO  - REQUEST: GET http://localhost:8888/api/1.0/account/111
[qtp644479171-93] INFO  - RESPONSE: 200 {"id":"111","balance":0}
[qtp644479171-76] INFO  - REQUEST: GET http://localhost:8888/api/1.0/account/113
[qtp644479171-76] INFO  - RESPONSE: 200 {"id":"113","balance":0}
[qtp644479171-92] INFO  - REQUEST: GET http://localhost:8888/api/1.0/account/112
[qtp644479171-76] INFO  - REQUEST: GET http://localhost:8888/api/1.0/account/114
[qtp644479171-92] INFO  - RESPONSE: 200 {"id":"112","balance":0}
[qtp644479171-76] INFO  - RESPONSE: 200 {"id":"114","balance":0}
[qtp644479171-93] INFO  - REQUEST: GET http://localhost:8888/api/1.0/account/115
[qtp644479171-93] INFO  - RESPONSE: 200 {"id":"115","balance":0}
[qtp644479171-90] INFO  - REQUEST: GET http://localhost:8888/api/1.0/account/116
[qtp644479171-90] INFO  - RESPONSE: 200 {"id":"116","balance":0}
[qtp644479171-93] INFO  - REQUEST: GET http://localhost:8888/api/1.0/account/119
[qtp644479171-93] INFO  - RESPONSE: 200 {"id":"119","balance":0}
[qtp644479171-92] INFO  - REQUEST: GET http://localhost:8888/api/1.0/account/117
[qtp644479171-92] INFO  - RESPONSE: 200 {"id":"117","balance":0}
[qtp644479171-76] INFO  - REQUEST: GET http://localhost:8888/api/1.0/account/118
[qtp644479171-76] INFO  - RESPONSE: 200 {"id":"118","balance":0}
[qtp644479171-90] INFO  - REQUEST: GET http://localhost:8888/api/1.0/account/121
[qtp644479171-90] INFO  - RESPONSE: 200 {"id":"121","balance":0}
[qtp644479171-76] INFO  - REQUEST: GET http://localhost:8888/api/1.0/account/123
[qtp644479171-76] INFO  - RESPONSE: 200 {"id":"123","balance":0}
[qtp644479171-92] INFO  - REQUEST: GET http://localhost:8888/api/1.0/account/122
[qtp644479171-76] INFO  - REQUEST: GET http://localhost:8888/api/1.0/account/124
[qtp644479171-92] INFO  - RESPONSE: 200 {"id":"122","balance":0}
[qtp644479171-93] INFO  - REQUEST: GET http://localhost:8888/api/1.0/account/125
[qtp644479171-76] INFO  - RESPONSE: 200 {"id":"124","balance":0}
[qtp644479171-93] INFO  - RESPONSE: 200 {"id":"125","balance":0}
[qtp644479171-90] INFO  - REQUEST: GET http://localhost:8888/api/1.0/account/89
[qtp644479171-90] INFO  - RESPONSE: 200 {"id":"89","balance":0}
[qtp644479171-70] INFO  - REQUEST: GET http://localhost:8888/api/1.0/account/129
[qtp644479171-76] INFO  - REQUEST: GET http://localhost:8888/api/1.0/account/126
[qtp644479171-70] INFO  - RESPONSE: 200 {"id":"129","balance":0}
[qtp644479171-76] INFO  - RESPONSE: 200 {"id":"126","balance":0}
[qtp644479171-93] INFO  - REQUEST: GET http://localhost:8888/api/1.0/account/127
[qtp644479171-93] INFO  - RESPONSE: 200 {"id":"127","balance":0}
[qtp644479171-90] INFO  - REQUEST: GET http://localhost:8888/api/1.0/account/128
[qtp644479171-90] INFO  - RESPONSE: 200 {"id":"128","balance":0}
[qtp644479171-76] INFO  - REQUEST: GET http://localhost:8888/api/1.0/account/130
[qtp644479171-76] INFO  - RESPONSE: 200 {"id":"130","balance":0}
[qtp644479171-70] INFO  - REQUEST: GET http://localhost:8888/api/1.0/account/133
[qtp644479171-70] INFO  - RESPONSE: 200 {"id":"133","balance":0}
[qtp644479171-90] INFO  - REQUEST: GET http://localhost:8888/api/1.0/account/132
[qtp644479171-76] INFO  - REQUEST: GET http://localhost:8888/api/1.0/account/131
[qtp644479171-90] INFO  - RESPONSE: 200 {"id":"132","balance":0}
[qtp644479171-93] INFO  - REQUEST: GET http://localhost:8888/api/1.0/account/134
[qtp644479171-76] INFO  - RESPONSE: 200 {"id":"131","balance":0}
[qtp644479171-93] INFO  - RESPONSE: 200 {"id":"134","balance":0}
[qtp644479171-92] INFO  - REQUEST: GET http://localhost:8888/api/1.0/account/86
[qtp644479171-92] INFO  - RESPONSE: 200 {"id":"86","balance":0}
[qtp644479171-70] INFO  - REQUEST: GET http://localhost:8888/api/1.0/account/136
[qtp644479171-70] INFO  - RESPONSE: 200 {"id":"136","balance":0}
[qtp644479171-93] INFO  - REQUEST: GET http://localhost:8888/api/1.0/account/138
[qtp644479171-93] INFO  - RESPONSE: 200 {"id":"138","balance":0}
[qtp644479171-90] INFO  - REQUEST: GET http://localhost:8888/api/1.0/account/137
[qtp644479171-90] INFO  - RESPONSE: 200 {"id":"137","balance":0}
[qtp644479171-92] INFO  - REQUEST: GET http://localhost:8888/api/1.0/account/135
[qtp644479171-92] INFO  - RESPONSE: 200 {"id":"135","balance":0}
[qtp644479171-70] INFO  - REQUEST: GET http://localhost:8888/api/1.0/account/140
[qtp644479171-92] INFO  - REQUEST: GET http://localhost:8888/api/1.0/account/141
[qtp644479171-70] INFO  - RESPONSE: 200 {"id":"140","balance":0}
[qtp644479171-92] INFO  - RESPONSE: 200 {"id":"141","balance":0}
[qtp644479171-90] INFO  - REQUEST: GET http://localhost:8888/api/1.0/account/142
[qtp644479171-90] INFO  - RESPONSE: 200 {"id":"142","balance":0}
[qtp644479171-93] INFO  - REQUEST: GET http://localhost:8888/api/1.0/account/143
[qtp644479171-93] INFO  - RESPONSE: 200 {"id":"143","balance":0}
[qtp644479171-90] INFO  - REQUEST: GET http://localhost:8888/api/1.0/account/120
[qtp644479171-93] INFO  - REQUEST: GET http://localhost:8888/api/1.0/account/85
[qtp644479171-93] INFO  - RESPONSE: 200 {"id":"85","balance":0}
[qtp644479171-92] INFO  - REQUEST: GET http://localhost:8888/api/1.0/account/147
[qtp644479171-92] INFO  - RESPONSE: 200 {"id":"147","balance":0}
[qtp644479171-76] INFO  - REQUEST: GET http://localhost:8888/api/1.0/account/88
[qtp644479171-76] INFO  - RESPONSE: 200 {"id":"88","balance":0}
[qtp644479171-70] INFO  - REQUEST: GET http://localhost:8888/api/1.0/account/150
[qtp644479171-70] INFO  - RESPONSE: 200 {"id":"150","balance":0}
[qtp644479171-93] INFO  - REQUEST: GET http://localhost:8888/api/1.0/account/149
[qtp644479171-93] INFO  - RESPONSE: 200 {"id":"149","balance":0}
[qtp644479171-90] INFO  - RESPONSE: 200 {"id":"120","balance":0}
[qtp644479171-95] INFO  - REQUEST: GET http://localhost:8888/api/1.0/account/148
[qtp644479171-92] INFO  - REQUEST: GET http://localhost:8888/api/1.0/account/139
[qtp644479171-95] INFO  - RESPONSE: 200 {"id":"148","balance":0}
[qtp644479171-92] INFO  - RESPONSE: 200 {"id":"139","balance":0}
[qtp644479171-77] INFO  - REQUEST: GET http://localhost:8888/api/1.0/account/151
[qtp644479171-94] INFO  - REQUEST: GET http://localhost:8888/api/1.0/account/153
[qtp644479171-94] INFO  - RESPONSE: 200 {"id":"153","balance":0}
[qtp644479171-77] INFO  - RESPONSE: 200 {"id":"151","balance":0}
[qtp644479171-77] INFO  - REQUEST: GET http://localhost:8888/api/1.0/account/152
[qtp644479171-77] INFO  - RESPONSE: 200 {"id":"152","balance":0}
[qtp644479171-70] INFO  - REQUEST: GET http://localhost:8888/api/1.0/account/154
[qtp644479171-70] INFO  - RESPONSE: 200 {"id":"154","balance":0}
[qtp644479171-94] INFO  - REQUEST: GET http://localhost:8888/api/1.0/account/156
[qtp644479171-94] INFO  - RESPONSE: 200 {"id":"156","balance":0}
[qtp644479171-77] INFO  - REQUEST: GET http://localhost:8888/api/1.0/account/157
[qtp644479171-77] INFO  - RESPONSE: 200 {"id":"157","balance":0}
[qtp644479171-77] INFO  - REQUEST: GET http://localhost:8888/api/1.0/account/155
[qtp644479171-77] INFO  - RESPONSE: 200 {"id":"155","balance":0}
[qtp644479171-94] INFO  - REQUEST: GET http://localhost:8888/api/1.0/account/160
[qtp644479171-70] INFO  - REQUEST: GET http://localhost:8888/api/1.0/account/161
[qtp644479171-74] INFO  - REQUEST: GET http://localhost:8888/api/1.0/account/158
[qtp644479171-77] INFO  - REQUEST: GET http://localhost:8888/api/1.0/account/162
[qtp644479171-94] INFO  - RESPONSE: 200 {"id":"160","balance":0}
[qtp644479171-77] INFO  - RESPONSE: 200 {"id":"162","balance":0}
[qtp644479171-74] INFO  - RESPONSE: 200 {"id":"158","balance":0}
[qtp644479171-70] INFO  - RESPONSE: 200 {"id":"161","balance":0}
[qtp644479171-77] INFO  - REQUEST: GET http://localhost:8888/api/1.0/account/159
[qtp644479171-77] INFO  - RESPONSE: 200 {"id":"159","balance":0}
[qtp644479171-73] INFO  - REQUEST: GET http://localhost:8888/api/1.0/account/164
[qtp644479171-77] INFO  - REQUEST: GET http://localhost:8888/api/1.0/account/163
[qtp644479171-77] INFO  - RESPONSE: 200 {"id":"163","balance":0}
[qtp644479171-73] INFO  - RESPONSE: 200 {"id":"164","balance":0}
[qtp644479171-77] INFO  - REQUEST: GET http://localhost:8888/api/1.0/account/166
[qtp644479171-73] INFO  - REQUEST: GET http://localhost:8888/api/1.0/account/165
[qtp644479171-77] INFO  - RESPONSE: 200 {"id":"166","balance":0}
[qtp644479171-73] INFO  - RESPONSE: 200 {"id":"165","balance":0}
[qtp644479171-77] INFO  - REQUEST: GET http://localhost:8888/api/1.0/account/167
[qtp644479171-77] INFO  - RESPONSE: 200 {"id":"167","balance":0}
[qtp644479171-73] INFO  - REQUEST: GET http://localhost:8888/api/1.0/account/168
[qtp644479171-73] INFO  - RESPONSE: 200 {"id":"168","balance":0}
[qtp644479171-77] INFO  - REQUEST: GET http://localhost:8888/api/1.0/account/171
[qtp644479171-77] INFO  - RESPONSE: 200 {"id":"171","balance":0}
[qtp644479171-73] INFO  - REQUEST: GET http://localhost:8888/api/1.0/account/170
[qtp644479171-73] INFO  - RESPONSE: 200 {"id":"170","balance":0}
[qtp644479171-77] INFO  - REQUEST: GET http://localhost:8888/api/1.0/account/172
[qtp644479171-77] INFO  - RESPONSE: 200 {"id":"172","balance":0}
[qtp644479171-73] INFO  - REQUEST: GET http://localhost:8888/api/1.0/account/169
[qtp644479171-73] INFO  - RESPONSE: 200 {"id":"169","balance":0}
[qtp644479171-73] INFO  - REQUEST: GET http://localhost:8888/api/1.0/account/175
[qtp644479171-73] INFO  - RESPONSE: 200 {"id":"175","balance":0}
[qtp644479171-77] INFO  - REQUEST: GET http://localhost:8888/api/1.0/account/176
[qtp644479171-77] INFO  - RESPONSE: 200 {"id":"176","balance":0}
[qtp644479171-73] INFO  - REQUEST: GET http://localhost:8888/api/1.0/account/177
[qtp644479171-77] INFO  - REQUEST: GET http://localhost:8888/api/1.0/account/178
[qtp644479171-73] INFO  - RESPONSE: 200 {"id":"177","balance":0}
[qtp644479171-77] INFO  - RESPONSE: 200 {"id":"178","balance":0}
[qtp644479171-73] INFO  - REQUEST: GET http://localhost:8888/api/1.0/account/179
[qtp644479171-73] INFO  - RESPONSE: 200 {"id":"179","balance":0}
[qtp644479171-77] INFO  - REQUEST: GET http://localhost:8888/api/1.0/account/180
[qtp644479171-77] INFO  - RESPONSE: 200 {"id":"180","balance":0}
[qtp644479171-73] INFO  - REQUEST: GET http://localhost:8888/api/1.0/account/182
[qtp644479171-73] INFO  - RESPONSE: 200 {"id":"182","balance":0}
[qtp644479171-77] INFO  - REQUEST: GET http://localhost:8888/api/1.0/account/181
[qtp644479171-77] INFO  - RESPONSE: 200 {"id":"181","balance":0}
[qtp644479171-73] INFO  - REQUEST: GET http://localhost:8888/api/1.0/account/183
[qtp644479171-73] INFO  - RESPONSE: 200 {"id":"183","balance":0}
[qtp644479171-77] INFO  - REQUEST: GET http://localhost:8888/api/1.0/account/184
[qtp644479171-77] INFO  - RESPONSE: 200 {"id":"184","balance":0}
[qtp644479171-73] INFO  - REQUEST: GET http://localhost:8888/api/1.0/account/185
[qtp644479171-73] INFO  - RESPONSE: 200 {"id":"185","balance":0}
[qtp644479171-77] INFO  - REQUEST: GET http://localhost:8888/api/1.0/account/186
[qtp644479171-77] INFO  - RESPONSE: 200 {"id":"186","balance":0}
[qtp644479171-77] INFO  - REQUEST: GET http://localhost:8888/api/1.0/account/174
[qtp644479171-77] INFO  - RESPONSE: 200 {"id":"174","balance":0}
[qtp644479171-77] INFO  - REQUEST: GET http://localhost:8888/api/1.0/account/188
[qtp644479171-77] INFO  - RESPONSE: 200 {"id":"188","balance":0}
[qtp644479171-77] INFO  - REQUEST: GET http://localhost:8888/api/1.0/account/144
[qtp644479171-73] INFO  - REQUEST: GET http://localhost:8888/api/1.0/account/190
[qtp644479171-77] INFO  - RESPONSE: 200 {"id":"144","balance":0}
[qtp644479171-73] INFO  - RESPONSE: 200 {"id":"190","balance":0}
[qtp644479171-77] INFO  - REQUEST: GET http://localhost:8888/api/1.0/account/146
[qtp644479171-77] INFO  - RESPONSE: 200 {"id":"146","balance":0}
[qtp644479171-73] INFO  - REQUEST: GET http://localhost:8888/api/1.0/account/191
[qtp644479171-73] INFO  - RESPONSE: 200 {"id":"191","balance":0}
[qtp644479171-77] INFO  - REQUEST: GET http://localhost:8888/api/1.0/account/192
[qtp644479171-77] INFO  - RESPONSE: 200 {"id":"192","balance":0}
[qtp644479171-73] INFO  - REQUEST: GET http://localhost:8888/api/1.0/account/193
[qtp644479171-73] INFO  - RESPONSE: 200 {"id":"193","balance":0}
[qtp644479171-77] INFO  - REQUEST: GET http://localhost:8888/api/1.0/account/194
[qtp644479171-77] INFO  - RESPONSE: 200 {"id":"194","balance":0}
[qtp644479171-73] INFO  - REQUEST: GET http://localhost:8888/api/1.0/account/195
[qtp644479171-73] INFO  - RESPONSE: 200 {"id":"195","balance":0}
[qtp644479171-77] INFO  - REQUEST: GET http://localhost:8888/api/1.0/account/196
[qtp644479171-77] INFO  - RESPONSE: 200 {"id":"196","balance":0}
[qtp644479171-73] INFO  - REQUEST: GET http://localhost:8888/api/1.0/account/198
[qtp644479171-73] INFO  - RESPONSE: 200 {"id":"198","balance":0}
[qtp644479171-77] INFO  - REQUEST: GET http://localhost:8888/api/1.0/account/199
[qtp644479171-77] INFO  - RESPONSE: 200 {"id":"199","balance":0}
[qtp644479171-73] INFO  - REQUEST: GET http://localhost:8888/api/1.0/account/189
[qtp644479171-73] INFO  - RESPONSE: 200 {"id":"189","balance":0}
[qtp644479171-77] INFO  - REQUEST: GET http://localhost:8888/api/1.0/account/200
[qtp644479171-77] INFO  - RESPONSE: 200 {"id":"200","balance":0}
[qtp644479171-73] INFO  - REQUEST: GET http://localhost:8888/api/1.0/account/201
[qtp644479171-73] INFO  - RESPONSE: 200 {"id":"201","balance":0}
[qtp644479171-77] INFO  - REQUEST: GET http://localhost:8888/api/1.0/account/202
[qtp644479171-77] INFO  - RESPONSE: 200 {"id":"202","balance":0}
[qtp644479171-73] INFO  - REQUEST: GET http://localhost:8888/api/1.0/account/203
[qtp644479171-73] INFO  - RESPONSE: 200 {"id":"203","balance":0}
[qtp644479171-77] INFO  - REQUEST: GET http://localhost:8888/api/1.0/account/204
[qtp644479171-77] INFO  - RESPONSE: 200 {"id":"204","balance":0}
[qtp644479171-77] INFO  - REQUEST: GET http://localhost:8888/api/1.0/account/206
[qtp644479171-77] INFO  - RESPONSE: 200 {"id":"206","balance":0}
[qtp644479171-73] INFO  - REQUEST: GET http://localhost:8888/api/1.0/account/205
[qtp644479171-73] INFO  - RESPONSE: 200 {"id":"205","balance":0}
[qtp644479171-73] INFO  - REQUEST: GET http://localhost:8888/api/1.0/account/207
[qtp644479171-73] INFO  - RESPONSE: 200 {"id":"207","balance":0}
[qtp644479171-77] INFO  - REQUEST: GET http://localhost:8888/api/1.0/account/208
[qtp644479171-77] INFO  - RESPONSE: 200 {"id":"208","balance":0}
[qtp644479171-73] INFO  - REQUEST: GET http://localhost:8888/api/1.0/account/209
[qtp644479171-73] INFO  - RESPONSE: 200 {"id":"209","balance":0}
[qtp644479171-77] INFO  - REQUEST: GET http://localhost:8888/api/1.0/account/210
[qtp644479171-77] INFO  - RESPONSE: 200 {"id":"210","balance":0}
[qtp644479171-73] INFO  - REQUEST: GET http://localhost:8888/api/1.0/account/173
[qtp644479171-73] INFO  - RESPONSE: 200 {"id":"173","balance":0}
[qtp644479171-77] INFO  - REQUEST: GET http://localhost:8888/api/1.0/account/211
[qtp644479171-77] INFO  - RESPONSE: 200 {"id":"211","balance":0}
[qtp644479171-70] INFO  - REQUEST: GET http://localhost:8888/api/1.0/account/216
[qtp644479171-70] INFO  - RESPONSE: 200 {"id":"216","balance":0}
[qtp644479171-90] INFO  - REQUEST: GET http://localhost:8888/api/1.0/account/217
[qtp644479171-70] INFO  - REQUEST: GET http://localhost:8888/api/1.0/account/215
[qtp644479171-70] INFO  - RESPONSE: 200 {"id":"215","balance":0}
[qtp644479171-90] INFO  - RESPONSE: 200 {"id":"217","balance":0}
[qtp644479171-73] INFO  - REQUEST: GET http://localhost:8888/api/1.0/account/220
[qtp644479171-77] INFO  - REQUEST: GET http://localhost:8888/api/1.0/account/218
[qtp644479171-73] INFO  - RESPONSE: 200 {"id":"220","balance":0}
[qtp644479171-77] INFO  - RESPONSE: 200 {"id":"218","balance":0}
[qtp644479171-70] INFO  - REQUEST: GET http://localhost:8888/api/1.0/account/219
[qtp644479171-70] INFO  - RESPONSE: 200 {"id":"219","balance":0}
[qtp644479171-77] INFO  - REQUEST: GET http://localhost:8888/api/1.0/account/222
[qtp644479171-77] INFO  - RESPONSE: 200 {"id":"222","balance":0}
[qtp644479171-90] INFO  - REQUEST: GET http://localhost:8888/api/1.0/account/221
[qtp644479171-90] INFO  - RESPONSE: 200 {"id":"221","balance":0}
[qtp644479171-73] INFO  - REQUEST: GET http://localhost:8888/api/1.0/account/214
[qtp644479171-73] INFO  - RESPONSE: 200 {"id":"214","balance":0}
[qtp644479171-90] INFO  - REQUEST: GET http://localhost:8888/api/1.0/account/223
[qtp644479171-90] INFO  - RESPONSE: 200 {"id":"223","balance":0}
[qtp644479171-70] INFO  - REQUEST: GET http://localhost:8888/api/1.0/account/212
[qtp644479171-70] INFO  - RESPONSE: 200 {"id":"212","balance":0}
[qtp644479171-90] INFO  - REQUEST: GET http://localhost:8888/api/1.0/account/224
[qtp644479171-90] INFO  - RESPONSE: 200 {"id":"224","balance":0}
[qtp644479171-73] INFO  - REQUEST: GET http://localhost:8888/api/1.0/account/225
[qtp644479171-73] INFO  - RESPONSE: 200 {"id":"225","balance":0}
[qtp644479171-70] INFO  - REQUEST: GET http://localhost:8888/api/1.0/account/226
[qtp644479171-70] INFO  - RESPONSE: 200 {"id":"226","balance":0}
[qtp644479171-77] INFO  - REQUEST: GET http://localhost:8888/api/1.0/account/227
[qtp644479171-77] INFO  - RESPONSE: 200 {"id":"227","balance":0}
[qtp644479171-73] INFO  - REQUEST: GET http://localhost:8888/api/1.0/account/229
[qtp644479171-73] INFO  - RESPONSE: 200 {"id":"229","balance":0}
[qtp644479171-70] INFO  - REQUEST: GET http://localhost:8888/api/1.0/account/228
[qtp644479171-70] INFO  - RESPONSE: 200 {"id":"228","balance":0}
[qtp644479171-73] INFO  - REQUEST: GET http://localhost:8888/api/1.0/account/230
[qtp644479171-73] INFO  - RESPONSE: 200 {"id":"230","balance":0}
[qtp644479171-70] INFO  - REQUEST: GET http://localhost:8888/api/1.0/account/233
[qtp644479171-70] INFO  - RESPONSE: 200 {"id":"233","balance":0}
[qtp644479171-90] INFO  - REQUEST: GET http://localhost:8888/api/1.0/account/231
[qtp644479171-90] INFO  - RESPONSE: 200 {"id":"231","balance":0}
[qtp644479171-73] INFO  - REQUEST: GET http://localhost:8888/api/1.0/account/232
[qtp644479171-73] INFO  - RESPONSE: 200 {"id":"232","balance":0}
[qtp644479171-77] INFO  - REQUEST: GET http://localhost:8888/api/1.0/account/234
[qtp644479171-77] INFO  - RESPONSE: 200 {"id":"234","balance":0}
[qtp644479171-70] INFO  - REQUEST: GET http://localhost:8888/api/1.0/account/238
[qtp644479171-70] INFO  - RESPONSE: 200 {"id":"238","balance":0}
[qtp644479171-73] INFO  - REQUEST: GET http://localhost:8888/api/1.0/account/237
[qtp644479171-73] INFO  - RESPONSE: 200 {"id":"237","balance":0}
[qtp644479171-70] INFO  - REQUEST: GET http://localhost:8888/api/1.0/account/187
[qtp644479171-70] INFO  - RESPONSE: 200 {"id":"187","balance":0}
[qtp644479171-90] INFO  - REQUEST: GET http://localhost:8888/api/1.0/account/197
[qtp644479171-90] INFO  - RESPONSE: 200 {"id":"197","balance":0}
[qtp644479171-74] INFO  - REQUEST: GET http://localhost:8888/api/1.0/account/236
[qtp644479171-74] INFO  - RESPONSE: 200 {"id":"236","balance":0}
[qtp644479171-74] INFO  - REQUEST: GET http://localhost:8888/api/1.0/account/235
[qtp644479171-74] INFO  - RESPONSE: 200 {"id":"235","balance":0}
[qtp644479171-90] INFO  - REQUEST: GET http://localhost:8888/api/1.0/account/240
[qtp644479171-90] INFO  - RESPONSE: 200 {"id":"240","balance":0}
[qtp644479171-74] INFO  - REQUEST: GET http://localhost:8888/api/1.0/account/242
[qtp644479171-74] INFO  - RESPONSE: 200 {"id":"242","balance":0}
[qtp644479171-77] INFO  - REQUEST: GET http://localhost:8888/api/1.0/account/241
[qtp644479171-77] INFO  - RESPONSE: 200 {"id":"241","balance":0}
[qtp644479171-70] INFO  - REQUEST: GET http://localhost:8888/api/1.0/account/239
[qtp644479171-70] INFO  - RESPONSE: 200 {"id":"239","balance":0}
[qtp644479171-90] INFO  - REQUEST: GET http://localhost:8888/api/1.0/account/246
[qtp644479171-90] INFO  - RESPONSE: 200 {"id":"246","balance":0}
[qtp644479171-77] INFO  - REQUEST: GET http://localhost:8888/api/1.0/account/244
[qtp644479171-77] INFO  - RESPONSE: 200 {"id":"244","balance":0}
[qtp644479171-74] INFO  - REQUEST: GET http://localhost:8888/api/1.0/account/243
[qtp644479171-74] INFO  - RESPONSE: 200 {"id":"243","balance":0}
[qtp644479171-73] INFO  - REQUEST: GET http://localhost:8888/api/1.0/account/247
[qtp644479171-73] INFO  - RESPONSE: 200 {"id":"247","balance":0}
[qtp644479171-70] INFO  - REQUEST: GET http://localhost:8888/api/1.0/account/245
[qtp644479171-70] INFO  - RESPONSE: 200 {"id":"245","balance":0}
[qtp644479171-73] INFO  - REQUEST: GET http://localhost:8888/api/1.0/account/249
[qtp644479171-73] INFO  - RESPONSE: 200 {"id":"249","balance":0}
[qtp644479171-74] INFO  - REQUEST: GET http://localhost:8888/api/1.0/account/248
[qtp644479171-74] INFO  - RESPONSE: 200 {"id":"248","balance":0}
[qtp644479171-90] INFO  - REQUEST: GET http://localhost:8888/api/1.0/account/145
[qtp644479171-90] INFO  - RESPONSE: 200 {"id":"145","balance":0}
[qtp644479171-74] INFO  - REQUEST: GET http://localhost:8888/api/1.0/account/252
[qtp644479171-74] INFO  - RESPONSE: 200 {"id":"252","balance":0}
[qtp644479171-70] INFO  - REQUEST: GET http://localhost:8888/api/1.0/account/253
[qtp644479171-70] INFO  - RESPONSE: 200 {"id":"253","balance":0}
[qtp644479171-74] INFO  - REQUEST: GET http://localhost:8888/api/1.0/account/254
[qtp644479171-74] INFO  - RESPONSE: 200 {"id":"254","balance":0}
[qtp644479171-90] INFO  - REQUEST: GET http://localhost:8888/api/1.0/account/256
[qtp644479171-90] INFO  - RESPONSE: 200 {"id":"256","balance":0}
[qtp644479171-70] INFO  - REQUEST: GET http://localhost:8888/api/1.0/account/257
[qtp644479171-70] INFO  - RESPONSE: 200 {"id":"257","balance":0}
[qtp644479171-74] INFO  - REQUEST: GET http://localhost:8888/api/1.0/account/258
[qtp644479171-74] INFO  - RESPONSE: 200 {"id":"258","balance":0}
[qtp644479171-90] INFO  - REQUEST: GET http://localhost:8888/api/1.0/account/259
[qtp644479171-90] INFO  - RESPONSE: 200 {"id":"259","balance":0}
[qtp644479171-74] INFO  - REQUEST: GET http://localhost:8888/api/1.0/account/260
[qtp644479171-74] INFO  - RESPONSE: 200 {"id":"260","balance":0}
[qtp644479171-70] INFO  - REQUEST: GET http://localhost:8888/api/1.0/account/261
[qtp644479171-70] INFO  - RESPONSE: 200 {"id":"261","balance":0}
[qtp644479171-74] INFO  - REQUEST: GET http://localhost:8888/api/1.0/account/262
[qtp644479171-74] INFO  - RESPONSE: 200 {"id":"262","balance":0}
[qtp644479171-70] INFO  - REQUEST: GET http://localhost:8888/api/1.0/account/255
[qtp644479171-70] INFO  - RESPONSE: 200 {"id":"255","balance":0}
[qtp644479171-90] INFO  - REQUEST: GET http://localhost:8888/api/1.0/account/263
[qtp644479171-90] INFO  - RESPONSE: 200 {"id":"263","balance":0}
[qtp644479171-74] INFO  - REQUEST: GET http://localhost:8888/api/1.0/account/264
[qtp644479171-74] INFO  - RESPONSE: 200 {"id":"264","balance":0}
[qtp644479171-73] INFO  - REQUEST: GET http://localhost:8888/api/1.0/account/265
[qtp644479171-73] INFO  - RESPONSE: 200 {"id":"265","balance":0}
[qtp644479171-70] INFO  - REQUEST: GET http://localhost:8888/api/1.0/account/266
[qtp644479171-70] INFO  - RESPONSE: 200 {"id":"266","balance":0}
[qtp644479171-74] INFO  - REQUEST: GET http://localhost:8888/api/1.0/account/267
[qtp644479171-74] INFO  - RESPONSE: 200 {"id":"267","balance":0}
[qtp644479171-70] INFO  - REQUEST: GET http://localhost:8888/api/1.0/account/268
[qtp644479171-70] INFO  - RESPONSE: 200 {"id":"268","balance":0}
[qtp644479171-73] INFO  - REQUEST: GET http://localhost:8888/api/1.0/account/269
[qtp644479171-73] INFO  - RESPONSE: 200 {"id":"269","balance":0}
[qtp644479171-74] INFO  - REQUEST: GET http://localhost:8888/api/1.0/account/270
[qtp644479171-74] INFO  - RESPONSE: 200 {"id":"270","balance":0}
[qtp644479171-70] INFO  - REQUEST: GET http://localhost:8888/api/1.0/account/271
[qtp644479171-70] INFO  - RESPONSE: 200 {"id":"271","balance":0}
[qtp644479171-73] INFO  - REQUEST: GET http://localhost:8888/api/1.0/account/273
[qtp644479171-73] INFO  - RESPONSE: 200 {"id":"273","balance":0}
[qtp644479171-74] INFO  - REQUEST: GET http://localhost:8888/api/1.0/account/274
[qtp644479171-74] INFO  - RESPONSE: 200 {"id":"274","balance":0}
[qtp644479171-70] INFO  - REQUEST: GET http://localhost:8888/api/1.0/account/275
[qtp644479171-70] INFO  - RESPONSE: 200 {"id":"275","balance":0}
[qtp644479171-73] INFO  - REQUEST: GET http://localhost:8888/api/1.0/account/276
[qtp644479171-73] INFO  - RESPONSE: 200 {"id":"276","balance":0}
[qtp644479171-74] INFO  - REQUEST: GET http://localhost:8888/api/1.0/account/277
[qtp644479171-74] INFO  - RESPONSE: 200 {"id":"277","balance":0}
[qtp644479171-70] INFO  - REQUEST: GET http://localhost:8888/api/1.0/account/278
[qtp644479171-70] INFO  - RESPONSE: 200 {"id":"278","balance":0}
[qtp644479171-74] INFO  - REQUEST: GET http://localhost:8888/api/1.0/account/272
[qtp644479171-74] INFO  - RESPONSE: 200 {"id":"272","balance":0}
[qtp644479171-70] INFO  - REQUEST: GET http://localhost:8888/api/1.0/account/279
[qtp644479171-70] INFO  - RESPONSE: 200 {"id":"279","balance":0}
[qtp644479171-90] INFO  - REQUEST: GET http://localhost:8888/api/1.0/account/280
[qtp644479171-90] INFO  - RESPONSE: 200 {"id":"280","balance":0}
[qtp644479171-74] INFO  - REQUEST: GET http://localhost:8888/api/1.0/account/281
[qtp644479171-70] INFO  - REQUEST: GET http://localhost:8888/api/1.0/account/282
[qtp644479171-74] INFO  - RESPONSE: 200 {"id":"281","balance":0}
[qtp644479171-70] INFO  - RESPONSE: 200 {"id":"282","balance":0}
[qtp644479171-90] INFO  - REQUEST: GET http://localhost:8888/api/1.0/account/283
[qtp644479171-90] INFO  - RESPONSE: 200 {"id":"283","balance":0}
[qtp644479171-70] INFO  - REQUEST: GET http://localhost:8888/api/1.0/account/284
[qtp644479171-70] INFO  - RESPONSE: 200 {"id":"284","balance":0}
[qtp644479171-73] INFO  - REQUEST: GET http://localhost:8888/api/1.0/account/285
[qtp644479171-73] INFO  - RESPONSE: 200 {"id":"285","balance":0}
[qtp644479171-90] INFO  - REQUEST: GET http://localhost:8888/api/1.0/account/286
[qtp644479171-90] INFO  - RESPONSE: 200 {"id":"286","balance":0}
[qtp644479171-90] INFO  - REQUEST: GET http://localhost:8888/api/1.0/account/288
[qtp644479171-90] INFO  - RESPONSE: 200 {"id":"288","balance":0}
[qtp644479171-70] INFO  - REQUEST: GET http://localhost:8888/api/1.0/account/289
[qtp644479171-70] INFO  - RESPONSE: 200 {"id":"289","balance":0}
[qtp644479171-73] INFO  - REQUEST: GET http://localhost:8888/api/1.0/account/287
[qtp644479171-70] INFO  - REQUEST: GET http://localhost:8888/api/1.0/account/213
[qtp644479171-70] INFO  - RESPONSE: 200 {"id":"213","balance":0}
[qtp644479171-90] INFO  - REQUEST: GET http://localhost:8888/api/1.0/account/290
[qtp644479171-90] INFO  - RESPONSE: 200 {"id":"290","balance":0}
[qtp644479171-73] INFO  - RESPONSE: 200 {"id":"287","balance":0}
[qtp644479171-70] INFO  - REQUEST: GET http://localhost:8888/api/1.0/account/291
[qtp644479171-70] INFO  - RESPONSE: 200 {"id":"291","balance":0}
[qtp644479171-70] INFO  - REQUEST: GET http://localhost:8888/api/1.0/account/293
[qtp644479171-70] INFO  - RESPONSE: 200 {"id":"293","balance":0}
[qtp644479171-74] INFO  - REQUEST: GET http://localhost:8888/api/1.0/account/292
[qtp644479171-74] INFO  - RESPONSE: 200 {"id":"292","balance":0}
[qtp644479171-74] INFO  - REQUEST: GET http://localhost:8888/api/1.0/account/294
[qtp644479171-74] INFO  - RESPONSE: 200 {"id":"294","balance":0}
[qtp644479171-70] INFO  - REQUEST: GET http://localhost:8888/api/1.0/account/296
[qtp644479171-70] INFO  - RESPONSE: 200 {"id":"296","balance":0}
[qtp644479171-74] INFO  - REQUEST: GET http://localhost:8888/api/1.0/account/297
[qtp644479171-74] INFO  - RESPONSE: 200 {"id":"297","balance":0}
[qtp644479171-70] INFO  - REQUEST: GET http://localhost:8888/api/1.0/account/298
[qtp644479171-70] INFO  - RESPONSE: 200 {"id":"298","balance":0}
[qtp644479171-74] INFO  - REQUEST: GET http://localhost:8888/api/1.0/account/295
[qtp644479171-74] INFO  - RESPONSE: 200 {"id":"295","balance":0}
[qtp644479171-77] INFO  - REQUEST: GET http://localhost:8888/api/1.0/account/299
[qtp644479171-74] INFO  - REQUEST: GET http://localhost:8888/api/1.0/account/300
[qtp644479171-74] INFO  - RESPONSE: 200 {"id":"300","balance":0}
[qtp644479171-77] INFO  - RESPONSE: 200 {"id":"299","balance":0}
[qtp644479171-70] INFO  - REQUEST: GET http://localhost:8888/api/1.0/account/301
[qtp644479171-70] INFO  - RESPONSE: 200 {"id":"301","balance":0}
[qtp644479171-74] INFO  - REQUEST: GET http://localhost:8888/api/1.0/account/302
[qtp644479171-74] INFO  - RESPONSE: 200 {"id":"302","balance":0}
[qtp644479171-70] INFO  - REQUEST: GET http://localhost:8888/api/1.0/account/303
[qtp644479171-70] INFO  - RESPONSE: 200 {"id":"303","balance":0}
[qtp644479171-74] INFO  - REQUEST: GET http://localhost:8888/api/1.0/account/305
[qtp644479171-70] INFO  - REQUEST: GET http://localhost:8888/api/1.0/account/306
[qtp644479171-74] INFO  - RESPONSE: 200 {"id":"305","balance":0}
[qtp644479171-70] INFO  - RESPONSE: 200 {"id":"306","balance":0}
[qtp644479171-74] INFO  - REQUEST: GET http://localhost:8888/api/1.0/account/307
[qtp644479171-74] INFO  - RESPONSE: 200 {"id":"307","balance":0}
[qtp644479171-74] INFO  - REQUEST: GET http://localhost:8888/api/1.0/account/304
[qtp644479171-74] INFO  - RESPONSE: 200 {"id":"304","balance":0}
[qtp644479171-70] INFO  - REQUEST: GET http://localhost:8888/api/1.0/account/308
[qtp644479171-70] INFO  - RESPONSE: 200 {"id":"308","balance":0}
[qtp644479171-77] INFO  - REQUEST: GET http://localhost:8888/api/1.0/account/310
[qtp644479171-77] INFO  - RESPONSE: 200 {"id":"310","balance":0}
[qtp644479171-74] INFO  - REQUEST: GET http://localhost:8888/api/1.0/account/311
[qtp644479171-74] INFO  - RESPONSE: 200 {"id":"311","balance":0}
[qtp644479171-70] INFO  - REQUEST: GET http://localhost:8888/api/1.0/account/309
[qtp644479171-70] INFO  - RESPONSE: 200 {"id":"309","balance":0}
[qtp644479171-73] INFO  - REQUEST: GET http://localhost:8888/api/1.0/account/312
[qtp644479171-73] INFO  - RESPONSE: 200 {"id":"312","balance":0}
[qtp644479171-70] INFO  - REQUEST: GET http://localhost:8888/api/1.0/account/313
[qtp644479171-70] INFO  - RESPONSE: 200 {"id":"313","balance":0}
[qtp644479171-74] INFO  - REQUEST: GET http://localhost:8888/api/1.0/account/314
[qtp644479171-74] INFO  - RESPONSE: 200 {"id":"314","balance":0}
[qtp644479171-70] INFO  - REQUEST: GET http://localhost:8888/api/1.0/account/315
[qtp644479171-70] INFO  - RESPONSE: 200 {"id":"315","balance":0}
[qtp644479171-74] INFO  - REQUEST: GET http://localhost:8888/api/1.0/account/316
[qtp644479171-74] INFO  - RESPONSE: 200 {"id":"316","balance":0}
[qtp644479171-70] INFO  - REQUEST: GET http://localhost:8888/api/1.0/account/317
[qtp644479171-70] INFO  - RESPONSE: 200 {"id":"317","balance":0}
[qtp644479171-74] INFO  - REQUEST: GET http://localhost:8888/api/1.0/account/318
[qtp644479171-74] INFO  - RESPONSE: 200 {"id":"318","balance":0}
[qtp644479171-70] INFO  - REQUEST: GET http://localhost:8888/api/1.0/account/320
[qtp644479171-70] INFO  - RESPONSE: 200 {"id":"320","balance":0}
[qtp644479171-77] INFO  - REQUEST: GET http://localhost:8888/api/1.0/account/324
[qtp644479171-77] INFO  - RESPONSE: 200 {"id":"324","balance":0}
[qtp644479171-74] INFO  - REQUEST: GET http://localhost:8888/api/1.0/account/319
[qtp644479171-74] INFO  - RESPONSE: 200 {"id":"319","balance":0}
[qtp644479171-77] INFO  - REQUEST: GET http://localhost:8888/api/1.0/account/251
[qtp644479171-77] INFO  - RESPONSE: 200 {"id":"251","balance":0}
[qtp644479171-73] INFO  - REQUEST: GET http://localhost:8888/api/1.0/account/325
[qtp644479171-73] INFO  - RESPONSE: 200 {"id":"325","balance":0}
[qtp644479171-77] INFO  - REQUEST: GET http://localhost:8888/api/1.0/account/327
[qtp644479171-77] INFO  - RESPONSE: 200 {"id":"327","balance":0}
[qtp644479171-74] INFO  - REQUEST: GET http://localhost:8888/api/1.0/account/328
[qtp644479171-74] INFO  - RESPONSE: 200 {"id":"328","balance":0}
[qtp644479171-77] INFO  - REQUEST: GET http://localhost:8888/api/1.0/account/326
[qtp644479171-77] INFO  - RESPONSE: 200 {"id":"326","balance":0}
[qtp644479171-73] INFO  - REQUEST: GET http://localhost:8888/api/1.0/account/330
[qtp644479171-73] INFO  - RESPONSE: 200 {"id":"330","balance":0}
[qtp644479171-77] INFO  - REQUEST: GET http://localhost:8888/api/1.0/account/329
[qtp644479171-77] INFO  - RESPONSE: 200 {"id":"329","balance":0}
[qtp644479171-73] INFO  - REQUEST: GET http://localhost:8888/api/1.0/account/331
[qtp644479171-73] INFO  - RESPONSE: 200 {"id":"331","balance":0}
[qtp644479171-77] INFO  - REQUEST: GET http://localhost:8888/api/1.0/account/333
[qtp644479171-77] INFO  - RESPONSE: 200 {"id":"333","balance":0}
[qtp644479171-74] INFO  - REQUEST: GET http://localhost:8888/api/1.0/account/336
[qtp644479171-74] INFO  - RESPONSE: 200 {"id":"336","balance":0}
[qtp644479171-73] INFO  - REQUEST: GET http://localhost:8888/api/1.0/account/335
[qtp644479171-73] INFO  - RESPONSE: 200 {"id":"335","balance":0}
[qtp644479171-77] INFO  - REQUEST: GET http://localhost:8888/api/1.0/account/334
[qtp644479171-77] INFO  - RESPONSE: 200 {"id":"334","balance":0}
[qtp644479171-77] INFO  - REQUEST: GET http://localhost:8888/api/1.0/account/337
[qtp644479171-77] INFO  - RESPONSE: 200 {"id":"337","balance":0}
[qtp644479171-74] INFO  - REQUEST: GET http://localhost:8888/api/1.0/account/338
[qtp644479171-74] INFO  - RESPONSE: 200 {"id":"338","balance":0}
[qtp644479171-73] INFO  - REQUEST: GET http://localhost:8888/api/1.0/account/340
[qtp644479171-77] INFO  - REQUEST: GET http://localhost:8888/api/1.0/account/339
[qtp644479171-73] INFO  - RESPONSE: 200 {"id":"340","balance":0}
[qtp644479171-77] INFO  - RESPONSE: 200 {"id":"339","balance":0}
[qtp644479171-74] INFO  - REQUEST: GET http://localhost:8888/api/1.0/account/342
[qtp644479171-74] INFO  - RESPONSE: 200 {"id":"342","balance":0}
[qtp644479171-73] INFO  - REQUEST: GET http://localhost:8888/api/1.0/account/344
[qtp644479171-73] INFO  - RESPONSE: 200 {"id":"344","balance":0}
[qtp644479171-77] INFO  - REQUEST: GET http://localhost:8888/api/1.0/account/341
[qtp644479171-77] INFO  - RESPONSE: 200 {"id":"341","balance":0}
[qtp644479171-77] INFO  - REQUEST: GET http://localhost:8888/api/1.0/account/343
[qtp644479171-77] INFO  - RESPONSE: 200 {"id":"343","balance":0}
[qtp644479171-77] INFO  - REQUEST: GET http://localhost:8888/api/1.0/account/345
[qtp644479171-77] INFO  - RESPONSE: 200 {"id":"345","balance":0}
[qtp644479171-74] INFO  - REQUEST: GET http://localhost:8888/api/1.0/account/346
[qtp644479171-77] INFO  - REQUEST: GET http://localhost:8888/api/1.0/account/347
[qtp644479171-77] INFO  - RESPONSE: 200 {"id":"347","balance":0}
[qtp644479171-74] INFO  - RESPONSE: 200 {"id":"346","balance":0}
[qtp644479171-73] INFO  - REQUEST: GET http://localhost:8888/api/1.0/account/348
[qtp644479171-73] INFO  - RESPONSE: 200 {"id":"348","balance":0}
[qtp644479171-77] INFO  - REQUEST: GET http://localhost:8888/api/1.0/account/349
[qtp644479171-74] INFO  - REQUEST: GET http://localhost:8888/api/1.0/account/350
[qtp644479171-77] INFO  - RESPONSE: 200 {"id":"349","balance":0}
[qtp644479171-74] INFO  - RESPONSE: 200 {"id":"350","balance":0}
[qtp644479171-77] INFO  - REQUEST: GET http://localhost:8888/api/1.0/account/351
[qtp644479171-77] INFO  - RESPONSE: 200 {"id":"351","balance":0}
[qtp644479171-77] INFO  - REQUEST: GET http://localhost:8888/api/1.0/account/353
[qtp644479171-77] INFO  - RESPONSE: 200 {"id":"353","balance":0}
[qtp644479171-73] INFO  - REQUEST: GET http://localhost:8888/api/1.0/account/352
[qtp644479171-73] INFO  - RESPONSE: 200 {"id":"352","balance":0}
[qtp644479171-74] INFO  - REQUEST: GET http://localhost:8888/api/1.0/account/354
[qtp644479171-74] INFO  - RESPONSE: 200 {"id":"354","balance":0}
[qtp644479171-77] INFO  - REQUEST: GET http://localhost:8888/api/1.0/account/355
[qtp644479171-77] INFO  - RESPONSE: 200 {"id":"355","balance":0}
[qtp644479171-90] INFO  - REQUEST: GET http://localhost:8888/api/1.0/account/356
[qtp644479171-90] INFO  - RESPONSE: 200 {"id":"356","balance":0}
[qtp644479171-77] INFO  - REQUEST: GET http://localhost:8888/api/1.0/account/357
[qtp644479171-77] INFO  - RESPONSE: 200 {"id":"357","balance":0}
[qtp644479171-74] INFO  - REQUEST: GET http://localhost:8888/api/1.0/account/358
[qtp644479171-74] INFO  - RESPONSE: 200 {"id":"358","balance":0}
[qtp644479171-77] INFO  - REQUEST: GET http://localhost:8888/api/1.0/account/360
[qtp644479171-90] INFO  - REQUEST: GET http://localhost:8888/api/1.0/account/359
[qtp644479171-77] INFO  - RESPONSE: 200 {"id":"360","balance":0}
[qtp644479171-90] INFO  - RESPONSE: 200 {"id":"359","balance":0}
[qtp644479171-74] INFO  - REQUEST: GET http://localhost:8888/api/1.0/account/332
[qtp644479171-74] INFO  - RESPONSE: 200 {"id":"332","balance":0}
[qtp644479171-70] INFO  - REQUEST: GET http://localhost:8888/api/1.0/account/250
[qtp644479171-70] INFO  - RESPONSE: 200 {"id":"250","balance":0}
[qtp644479171-90] INFO  - REQUEST: GET http://localhost:8888/api/1.0/account/362
[qtp644479171-90] INFO  - RESPONSE: 200 {"id":"362","balance":0}
[qtp644479171-70] INFO  - REQUEST: GET http://localhost:8888/api/1.0/account/363
[qtp644479171-70] INFO  - RESPONSE: 200 {"id":"363","balance":0}
[qtp644479171-70] INFO  - REQUEST: GET http://localhost:8888/api/1.0/account/365
[qtp644479171-74] INFO  - REQUEST: GET http://localhost:8888/api/1.0/account/364
[qtp644479171-70] INFO  - RESPONSE: 200 {"id":"365","balance":0}
[qtp644479171-74] INFO  - RESPONSE: 200 {"id":"364","balance":0}
[qtp644479171-90] INFO  - REQUEST: GET http://localhost:8888/api/1.0/account/366
[qtp644479171-90] INFO  - RESPONSE: 200 {"id":"366","balance":0}
[qtp644479171-70] INFO  - REQUEST: GET http://localhost:8888/api/1.0/account/368
[qtp644479171-70] INFO  - RESPONSE: 200 {"id":"368","balance":0}
[qtp644479171-90] INFO  - REQUEST: GET http://localhost:8888/api/1.0/account/367
[qtp644479171-90] INFO  - RESPONSE: 200 {"id":"367","balance":0}
[qtp644479171-70] INFO  - REQUEST: GET http://localhost:8888/api/1.0/account/369
[qtp644479171-70] INFO  - RESPONSE: 200 {"id":"369","balance":0}
[qtp644479171-90] INFO  - REQUEST: GET http://localhost:8888/api/1.0/account/370
[qtp644479171-70] INFO  - REQUEST: GET http://localhost:8888/api/1.0/account/371
[qtp644479171-90] INFO  - RESPONSE: 200 {"id":"370","balance":0}
[qtp644479171-70] INFO  - RESPONSE: 200 {"id":"371","balance":0}
[qtp644479171-74] INFO  - REQUEST: GET http://localhost:8888/api/1.0/account/372
[qtp644479171-74] INFO  - RESPONSE: 200 {"id":"372","balance":0}
[qtp644479171-70] INFO  - REQUEST: GET http://localhost:8888/api/1.0/account/374
[qtp644479171-90] INFO  - REQUEST: GET http://localhost:8888/api/1.0/account/373
[qtp644479171-70] INFO  - RESPONSE: 200 {"id":"374","balance":0}
[qtp644479171-90] INFO  - RESPONSE: 200 {"id":"373","balance":0}
[qtp644479171-70] INFO  - REQUEST: GET http://localhost:8888/api/1.0/account/323
[qtp644479171-70] INFO  - RESPONSE: 200 {"id":"323","balance":0}
[qtp644479171-70] INFO  - REQUEST: GET http://localhost:8888/api/1.0/account/377
[qtp644479171-70] INFO  - RESPONSE: 200 {"id":"377","balance":0}
[qtp644479171-90] INFO  - REQUEST: GET http://localhost:8888/api/1.0/account/376
[qtp644479171-90] INFO  - RESPONSE: 200 {"id":"376","balance":0}
[qtp644479171-70] INFO  - REQUEST: GET http://localhost:8888/api/1.0/account/321
[qtp644479171-70] INFO  - RESPONSE: 200 {"id":"321","balance":0}
[qtp644479171-70] INFO  - REQUEST: GET http://localhost:8888/api/1.0/account/375
[qtp644479171-70] INFO  - RESPONSE: 200 {"id":"375","balance":0}
[qtp644479171-77] INFO  - REQUEST: GET http://localhost:8888/api/1.0/account/381
[qtp644479171-77] INFO  - RESPONSE: 200 {"id":"381","balance":0}
[qtp644479171-70] INFO  - REQUEST: GET http://localhost:8888/api/1.0/account/383
[qtp644479171-70] INFO  - RESPONSE: 200 {"id":"383","balance":0}
[qtp644479171-93] INFO  - REQUEST: GET http://localhost:8888/api/1.0/account/322
[qtp644479171-93] INFO  - RESPONSE: 200 {"id":"322","balance":0}
[qtp644479171-76] INFO  - REQUEST: GET http://localhost:8888/api/1.0/account/380
[qtp644479171-91] INFO  - REQUEST: GET http://localhost:8888/api/1.0/account/382
[qtp644479171-76] INFO  - RESPONSE: 200 {"id":"380","balance":0}
[qtp644479171-91] INFO  - RESPONSE: 200 {"id":"382","balance":0}
[qtp644479171-94] INFO  - REQUEST: GET http://localhost:8888/api/1.0/account/378
[qtp644479171-94] INFO  - RESPONSE: 200 {"id":"378","balance":0}
[qtp644479171-77] INFO  - REQUEST: GET http://localhost:8888/api/1.0/account/379
[qtp644479171-77] INFO  - RESPONSE: 200 {"id":"379","balance":0}
[qtp644479171-74] INFO  - REQUEST: GET http://localhost:8888/api/1.0/account/386
[qtp644479171-76] INFO  - REQUEST: GET http://localhost:8888/api/1.0/account/388
[qtp644479171-74] INFO  - RESPONSE: 200 {"id":"386","balance":0}
[qtp644479171-76] INFO  - RESPONSE: 200 {"id":"388","balance":0}
[qtp644479171-94] INFO  - REQUEST: GET http://localhost:8888/api/1.0/account/387
[qtp644479171-95] INFO  - REQUEST: GET http://localhost:8888/api/1.0/account/389
[qtp644479171-94] INFO  - RESPONSE: 200 {"id":"387","balance":0}
[qtp644479171-95] INFO  - RESPONSE: 200 {"id":"389","balance":0}
[qtp644479171-74] INFO  - REQUEST: GET http://localhost:8888/api/1.0/account/384
[qtp644479171-74] INFO  - RESPONSE: 200 {"id":"384","balance":0}
[qtp644479171-76] INFO  - REQUEST: GET http://localhost:8888/api/1.0/account/390
[qtp644479171-76] INFO  - RESPONSE: 200 {"id":"390","balance":0}
[qtp644479171-95] INFO  - REQUEST: GET http://localhost:8888/api/1.0/account/391
[qtp644479171-95] INFO  - RESPONSE: 200 {"id":"391","balance":0}
[qtp644479171-74] INFO  - REQUEST: GET http://localhost:8888/api/1.0/account/392
[qtp644479171-74] INFO  - RESPONSE: 200 {"id":"392","balance":0}
[qtp644479171-95] INFO  - REQUEST: GET http://localhost:8888/api/1.0/account/395
[qtp644479171-95] INFO  - RESPONSE: 200 {"id":"395","balance":0}
[qtp644479171-76] INFO  - REQUEST: GET http://localhost:8888/api/1.0/account/393
[qtp644479171-76] INFO  - RESPONSE: 200 {"id":"393","balance":0}
[qtp644479171-95] INFO  - REQUEST: GET http://localhost:8888/api/1.0/account/396
[qtp644479171-95] INFO  - RESPONSE: 200 {"id":"396","balance":0}
[qtp644479171-74] INFO  - REQUEST: GET http://localhost:8888/api/1.0/account/394
[qtp644479171-74] INFO  - RESPONSE: 200 {"id":"394","balance":0}
[qtp644479171-95] INFO  - REQUEST: GET http://localhost:8888/api/1.0/account/398
[qtp644479171-76] INFO  - REQUEST: GET http://localhost:8888/api/1.0/account/397
[qtp644479171-95] INFO  - RESPONSE: 200 {"id":"398","balance":0}
[qtp644479171-76] INFO  - RESPONSE: 200 {"id":"397","balance":0}
[qtp644479171-94] INFO  - REQUEST: GET http://localhost:8888/api/1.0/account/399
[qtp644479171-94] INFO  - RESPONSE: 200 {"id":"399","balance":0}
[qtp644479171-76] INFO  - REQUEST: GET http://localhost:8888/api/1.0/account/401
[qtp644479171-76] INFO  - RESPONSE: 200 {"id":"401","balance":0}
[qtp644479171-74] INFO  - REQUEST: GET http://localhost:8888/api/1.0/account/400
[qtp644479171-74] INFO  - RESPONSE: 200 {"id":"400","balance":0}
[qtp644479171-76] INFO  - REQUEST: GET http://localhost:8888/api/1.0/account/403
[qtp644479171-76] INFO  - RESPONSE: 200 {"id":"403","balance":0}
[qtp644479171-95] INFO  - REQUEST: GET http://localhost:8888/api/1.0/account/402
[qtp644479171-95] INFO  - RESPONSE: 200 {"id":"402","balance":0}
[qtp644479171-76] INFO  - REQUEST: GET http://localhost:8888/api/1.0/account/404
[qtp644479171-76] INFO  - RESPONSE: 200 {"id":"404","balance":0}
[qtp644479171-74] INFO  - REQUEST: GET http://localhost:8888/api/1.0/account/405
[qtp644479171-74] INFO  - RESPONSE: 200 {"id":"405","balance":0}
[qtp644479171-94] INFO  - REQUEST: GET http://localhost:8888/api/1.0/account/406
[qtp644479171-94] INFO  - RESPONSE: 200 {"id":"406","balance":0}
[qtp644479171-95] INFO  - REQUEST: GET http://localhost:8888/api/1.0/account/385
[qtp644479171-95] INFO  - RESPONSE: 200 {"id":"385","balance":0}
[qtp644479171-76] INFO  - REQUEST: GET http://localhost:8888/api/1.0/account/409
[qtp644479171-76] INFO  - RESPONSE: 200 {"id":"409","balance":0}
[qtp644479171-94] INFO  - REQUEST: GET http://localhost:8888/api/1.0/account/408
[qtp644479171-94] INFO  - RESPONSE: 200 {"id":"408","balance":0}
[qtp644479171-74] INFO  - REQUEST: GET http://localhost:8888/api/1.0/account/407
[qtp644479171-74] INFO  - RESPONSE: 200 {"id":"407","balance":0}
[qtp644479171-76] INFO  - REQUEST: GET http://localhost:8888/api/1.0/account/410
[qtp644479171-94] INFO  - REQUEST: GET http://localhost:8888/api/1.0/account/412
[qtp644479171-76] INFO  - RESPONSE: 200 {"id":"410","balance":0}
[qtp644479171-94] INFO  - RESPONSE: 200 {"id":"412","balance":0}
[qtp644479171-95] INFO  - REQUEST: GET http://localhost:8888/api/1.0/account/411
[qtp644479171-95] INFO  - RESPONSE: 200 {"id":"411","balance":0}
[qtp644479171-74] INFO  - REQUEST: GET http://localhost:8888/api/1.0/account/413
[qtp644479171-74] INFO  - RESPONSE: 200 {"id":"413","balance":0}
[qtp644479171-94] INFO  - REQUEST: GET http://localhost:8888/api/1.0/account/415
[qtp644479171-95] INFO  - REQUEST: GET http://localhost:8888/api/1.0/account/417
[qtp644479171-95] INFO  - RESPONSE: 200 {"id":"417","balance":0}
[qtp644479171-94] INFO  - RESPONSE: 200 {"id":"415","balance":0}
[qtp644479171-74] INFO  - REQUEST: GET http://localhost:8888/api/1.0/account/361
[qtp644479171-74] INFO  - RESPONSE: 200 {"id":"361","balance":0}
[qtp644479171-94] INFO  - REQUEST: GET http://localhost:8888/api/1.0/account/418
[qtp644479171-94] INFO  - RESPONSE: 200 {"id":"418","balance":0}
[qtp644479171-76] INFO  - REQUEST: GET http://localhost:8888/api/1.0/account/421
[qtp644479171-76] INFO  - RESPONSE: 200 {"id":"421","balance":0}
[qtp644479171-94] INFO  - REQUEST: GET http://localhost:8888/api/1.0/account/423
[qtp644479171-94] INFO  - RESPONSE: 200 {"id":"423","balance":0}
[qtp644479171-74] INFO  - REQUEST: GET http://localhost:8888/api/1.0/account/424
[qtp644479171-74] INFO  - RESPONSE: 200 {"id":"424","balance":0}
[qtp644479171-94] INFO  - REQUEST: GET http://localhost:8888/api/1.0/account/419
[qtp644479171-94] INFO  - RESPONSE: 200 {"id":"419","balance":0}
[qtp644479171-76] INFO  - REQUEST: GET http://localhost:8888/api/1.0/account/425
[qtp644479171-94] INFO  - REQUEST: GET http://localhost:8888/api/1.0/account/426
[qtp644479171-76] INFO  - RESPONSE: 200 {"id":"425","balance":0}
[qtp644479171-94] INFO  - RESPONSE: 200 {"id":"426","balance":0}
[qtp644479171-74] INFO  - REQUEST: GET http://localhost:8888/api/1.0/account/422
[qtp644479171-74] INFO  - RESPONSE: 200 {"id":"422","balance":0}
[qtp644479171-94] INFO  - REQUEST: GET http://localhost:8888/api/1.0/account/428
[qtp644479171-94] INFO  - RESPONSE: 200 {"id":"428","balance":0}
[qtp644479171-77] INFO  - REQUEST: GET http://localhost:8888/api/1.0/account/427
[qtp644479171-77] INFO  - RESPONSE: 200 {"id":"427","balance":0}
[qtp644479171-76] INFO  - REQUEST: GET http://localhost:8888/api/1.0/account/429
[qtp644479171-76] INFO  - RESPONSE: 200 {"id":"429","balance":0}
[qtp644479171-74] INFO  - REQUEST: GET http://localhost:8888/api/1.0/account/431
[qtp644479171-77] INFO  - REQUEST: GET http://localhost:8888/api/1.0/account/430
[qtp644479171-77] INFO  - RESPONSE: 200 {"id":"430","balance":0}
[qtp644479171-74] INFO  - RESPONSE: 200 {"id":"431","balance":0}
[qtp644479171-94] INFO  - REQUEST: GET http://localhost:8888/api/1.0/account/432
[qtp644479171-94] INFO  - RESPONSE: 200 {"id":"432","balance":0}
[qtp644479171-95] INFO  - REQUEST: GET http://localhost:8888/api/1.0/account/433
[qtp644479171-94] INFO  - REQUEST: GET http://localhost:8888/api/1.0/account/434
[qtp644479171-95] INFO  - RESPONSE: 200 {"id":"433","balance":0}
[qtp644479171-94] INFO  - RESPONSE: 200 {"id":"434","balance":0}
[qtp644479171-95] INFO  - REQUEST: GET http://localhost:8888/api/1.0/account/436
[qtp644479171-95] INFO  - RESPONSE: 200 {"id":"436","balance":0}
[qtp644479171-94] INFO  - REQUEST: GET http://localhost:8888/api/1.0/account/437
[qtp644479171-94] INFO  - RESPONSE: 200 {"id":"437","balance":0}
[qtp644479171-74] INFO  - REQUEST: GET http://localhost:8888/api/1.0/account/439
[qtp644479171-74] INFO  - RESPONSE: 200 {"id":"439","balance":0}
[qtp644479171-95] INFO  - REQUEST: GET http://localhost:8888/api/1.0/account/435
[qtp644479171-95] INFO  - RESPONSE: 200 {"id":"435","balance":0}
[qtp644479171-74] INFO  - REQUEST: GET http://localhost:8888/api/1.0/account/438
[qtp644479171-74] INFO  - RESPONSE: 200 {"id":"438","balance":0}
[qtp644479171-94] INFO  - REQUEST: GET http://localhost:8888/api/1.0/account/440
[qtp644479171-94] INFO  - RESPONSE: 200 {"id":"440","balance":0}
[qtp644479171-95] INFO  - REQUEST: GET http://localhost:8888/api/1.0/account/441
[qtp644479171-95] INFO  - RESPONSE: 200 {"id":"441","balance":0}
[qtp644479171-74] INFO  - REQUEST: GET http://localhost:8888/api/1.0/account/442
[qtp644479171-74] INFO  - RESPONSE: 200 {"id":"442","balance":0}
[qtp644479171-95] INFO  - REQUEST: GET http://localhost:8888/api/1.0/account/444
[qtp644479171-95] INFO  - RESPONSE: 200 {"id":"444","balance":0}
[qtp644479171-94] INFO  - REQUEST: GET http://localhost:8888/api/1.0/account/445
[qtp644479171-94] INFO  - RESPONSE: 200 {"id":"445","balance":0}
[qtp644479171-95] INFO  - REQUEST: GET http://localhost:8888/api/1.0/account/443
[qtp644479171-95] INFO  - RESPONSE: 200 {"id":"443","balance":0}
[qtp644479171-74] INFO  - REQUEST: GET http://localhost:8888/api/1.0/account/446
[qtp644479171-74] INFO  - RESPONSE: 200 {"id":"446","balance":0}
[qtp644479171-77] INFO  - REQUEST: GET http://localhost:8888/api/1.0/account/447
[qtp644479171-77] INFO  - RESPONSE: 200 {"id":"447","balance":0}
[qtp644479171-94] INFO  - REQUEST: GET http://localhost:8888/api/1.0/account/448
[qtp644479171-94] INFO  - RESPONSE: 200 {"id":"448","balance":0}
[qtp644479171-74] INFO  - REQUEST: GET http://localhost:8888/api/1.0/account/450
[qtp644479171-74] INFO  - RESPONSE: 200 {"id":"450","balance":0}
[qtp644479171-77] INFO  - REQUEST: GET http://localhost:8888/api/1.0/account/449
[qtp644479171-77] INFO  - RESPONSE: 200 {"id":"449","balance":0}
[qtp644479171-95] INFO  - REQUEST: GET http://localhost:8888/api/1.0/account/451
[qtp644479171-95] INFO  - RESPONSE: 200 {"id":"451","balance":0}
[qtp644479171-94] INFO  - REQUEST: GET http://localhost:8888/api/1.0/account/452
[qtp644479171-94] INFO  - RESPONSE: 200 {"id":"452","balance":0}
[qtp644479171-74] INFO  - REQUEST: GET http://localhost:8888/api/1.0/account/453
[qtp644479171-74] INFO  - RESPONSE: 200 {"id":"453","balance":0}
[qtp644479171-95] INFO  - REQUEST: GET http://localhost:8888/api/1.0/account/454
[qtp644479171-95] INFO  - RESPONSE: 200 {"id":"454","balance":0}
[qtp644479171-77] INFO  - REQUEST: GET http://localhost:8888/api/1.0/account/455
[qtp644479171-77] INFO  - RESPONSE: 200 {"id":"455","balance":0}
[qtp644479171-95] INFO  - REQUEST: GET http://localhost:8888/api/1.0/account/456
[qtp644479171-95] INFO  - RESPONSE: 200 {"id":"456","balance":0}
[qtp644479171-77] INFO  - REQUEST: GET http://localhost:8888/api/1.0/account/459
[qtp644479171-77] INFO  - RESPONSE: 200 {"id":"459","balance":0}
[qtp644479171-74] INFO  - REQUEST: GET http://localhost:8888/api/1.0/account/458
[qtp644479171-74] INFO  - RESPONSE: 200 {"id":"458","balance":0}
[qtp644479171-95] INFO  - REQUEST: GET http://localhost:8888/api/1.0/account/460
[qtp644479171-95] INFO  - RESPONSE: 200 {"id":"460","balance":0}
[qtp644479171-94] INFO  - REQUEST: GET http://localhost:8888/api/1.0/account/461
[qtp644479171-94] INFO  - RESPONSE: 200 {"id":"461","balance":0}
[qtp644479171-95] INFO  - REQUEST: GET http://localhost:8888/api/1.0/account/462
[qtp644479171-95] INFO  - RESPONSE: 200 {"id":"462","balance":0}
[qtp644479171-74] INFO  - REQUEST: GET http://localhost:8888/api/1.0/account/463
[qtp644479171-74] INFO  - RESPONSE: 200 {"id":"463","balance":0}
[qtp644479171-94] INFO  - REQUEST: GET http://localhost:8888/api/1.0/account/465
[qtp644479171-94] INFO  - RESPONSE: 200 {"id":"465","balance":0}
[qtp644479171-95] INFO  - REQUEST: GET http://localhost:8888/api/1.0/account/466
[qtp644479171-95] INFO  - RESPONSE: 200 {"id":"466","balance":0}
[qtp644479171-94] INFO  - REQUEST: GET http://localhost:8888/api/1.0/account/464
[qtp644479171-94] INFO  - RESPONSE: 200 {"id":"464","balance":0}
[qtp644479171-77] INFO  - REQUEST: GET http://localhost:8888/api/1.0/account/468
[qtp644479171-77] INFO  - RESPONSE: 200 {"id":"468","balance":0}
[qtp644479171-94] INFO  - REQUEST: GET http://localhost:8888/api/1.0/account/469
[qtp644479171-95] INFO  - REQUEST: GET http://localhost:8888/api/1.0/account/467
[qtp644479171-94] INFO  - RESPONSE: 200 {"id":"469","balance":0}
[qtp644479171-95] INFO  - RESPONSE: 200 {"id":"467","balance":0}
[qtp644479171-77] INFO  - REQUEST: GET http://localhost:8888/api/1.0/account/457
[qtp644479171-77] INFO  - RESPONSE: 200 {"id":"457","balance":0}
[qtp644479171-74] INFO  - REQUEST: GET http://localhost:8888/api/1.0/account/470
[qtp644479171-74] INFO  - RESPONSE: 200 {"id":"470","balance":0}
[qtp644479171-77] INFO  - REQUEST: GET http://localhost:8888/api/1.0/account/472
[qtp644479171-77] INFO  - RESPONSE: 200 {"id":"472","balance":0}
[qtp644479171-95] INFO  - REQUEST: GET http://localhost:8888/api/1.0/account/473
[qtp644479171-95] INFO  - RESPONSE: 200 {"id":"473","balance":0}
[qtp644479171-77] INFO  - REQUEST: GET http://localhost:8888/api/1.0/account/471
[qtp644479171-77] INFO  - RESPONSE: 200 {"id":"471","balance":0}
[qtp644479171-95] INFO  - REQUEST: GET http://localhost:8888/api/1.0/account/476
[qtp644479171-94] INFO  - REQUEST: GET http://localhost:8888/api/1.0/account/475
[qtp644479171-94] INFO  - RESPONSE: 200 {"id":"475","balance":0}
[qtp644479171-95] INFO  - RESPONSE: 200 {"id":"476","balance":0}
[qtp644479171-94] INFO  - REQUEST: GET http://localhost:8888/api/1.0/account/478
[qtp644479171-94] INFO  - RESPONSE: 200 {"id":"478","balance":0}
[qtp644479171-74] INFO  - REQUEST: GET http://localhost:8888/api/1.0/account/479
[qtp644479171-77] INFO  - REQUEST: GET http://localhost:8888/api/1.0/account/477
[qtp644479171-74] INFO  - RESPONSE: 200 {"id":"479","balance":0}
[qtp644479171-77] INFO  - RESPONSE: 200 {"id":"477","balance":0}
[qtp644479171-95] INFO  - REQUEST: GET http://localhost:8888/api/1.0/account/480
[qtp644479171-95] INFO  - RESPONSE: 200 {"id":"480","balance":0}
[qtp644479171-95] INFO  - REQUEST: GET http://localhost:8888/api/1.0/account/416
[qtp644479171-95] INFO  - RESPONSE: 200 {"id":"416","balance":0}
[qtp644479171-92] INFO  - REQUEST: GET http://localhost:8888/api/1.0/account/414
[qtp644479171-92] INFO  - RESPONSE: 200 {"id":"414","balance":0}
[qtp644479171-74] INFO  - REQUEST: GET http://localhost:8888/api/1.0/account/485
[qtp644479171-74] INFO  - RESPONSE: 200 {"id":"485","balance":0}
[qtp644479171-91] INFO  - REQUEST: GET http://localhost:8888/api/1.0/account/474
[qtp644479171-91] INFO  - RESPONSE: 200 {"id":"474","balance":0}
[qtp644479171-95] INFO  - REQUEST: GET http://localhost:8888/api/1.0/account/487
[qtp644479171-95] INFO  - RESPONSE: 200 {"id":"487","balance":0}
[qtp644479171-92] INFO  - REQUEST: GET http://localhost:8888/api/1.0/account/486
[qtp644479171-92] INFO  - RESPONSE: 200 {"id":"486","balance":0}
[qtp644479171-74] INFO  - REQUEST: GET http://localhost:8888/api/1.0/account/488
[qtp644479171-74] INFO  - RESPONSE: 200 {"id":"488","balance":0}
[qtp644479171-95] INFO  - REQUEST: GET http://localhost:8888/api/1.0/account/489
[qtp644479171-95] INFO  - RESPONSE: 200 {"id":"489","balance":0}
[qtp644479171-92] INFO  - REQUEST: GET http://localhost:8888/api/1.0/account/490
[qtp644479171-92] INFO  - RESPONSE: 200 {"id":"490","balance":0}
[qtp644479171-74] INFO  - REQUEST: GET http://localhost:8888/api/1.0/account/491
[qtp644479171-74] INFO  - RESPONSE: 200 {"id":"491","balance":0}
[qtp644479171-92] INFO  - REQUEST: GET http://localhost:8888/api/1.0/account/420
[qtp644479171-92] INFO  - RESPONSE: 200 {"id":"420","balance":0}
[qtp644479171-95] INFO  - REQUEST: GET http://localhost:8888/api/1.0/account/493
[qtp644479171-96] INFO  - REQUEST: GET http://localhost:8888/api/1.0/account/492
[qtp644479171-95] INFO  - RESPONSE: 200 {"id":"493","balance":0}
[qtp644479171-96] INFO  - RESPONSE: 200 {"id":"492","balance":0}
[qtp644479171-92] INFO  - REQUEST: GET http://localhost:8888/api/1.0/account/495
[qtp644479171-92] INFO  - RESPONSE: 200 {"id":"495","balance":0}
[qtp644479171-96] INFO  - REQUEST: GET http://localhost:8888/api/1.0/account/494
[qtp644479171-96] INFO  - RESPONSE: 200 {"id":"494","balance":0}
[qtp644479171-74] INFO  - REQUEST: GET http://localhost:8888/api/1.0/account/496
[qtp644479171-74] INFO  - RESPONSE: 200 {"id":"496","balance":0}
[qtp644479171-96] INFO  - REQUEST: GET http://localhost:8888/api/1.0/account/499
[qtp644479171-96] INFO  - RESPONSE: 200 {"id":"499","balance":0}
[qtp644479171-95] INFO  - REQUEST: GET http://localhost:8888/api/1.0/account/500
[qtp644479171-95] INFO  - RESPONSE: 200 {"id":"500","balance":0}
[qtp644479171-96] INFO  - REQUEST: GET http://localhost:8888/api/1.0/account/502
[qtp644479171-92] INFO  - REQUEST: GET http://localhost:8888/api/1.0/account/501
[qtp644479171-92] INFO  - RESPONSE: 404 {"status":"404","message":"Account with id \u0027501\u0027 not found"}
[qtp644479171-96] INFO  - RESPONSE: 404 {"status":"404","message":"Account with id \u0027502\u0027 not found"}
[qtp644479171-95] INFO  - REQUEST: GET http://localhost:8888/api/1.0/account/505
[qtp644479171-95] INFO  - RESPONSE: 404 {"status":"404","message":"Account with id \u0027505\u0027 not found"}
[qtp644479171-74] INFO  - REQUEST: GET http://localhost:8888/api/1.0/account/503
[qtp644479171-74] INFO  - RESPONSE: 404 {"status":"404","message":"Account with id \u0027503\u0027 not found"}
[qtp644479171-96] INFO  - REQUEST: GET http://localhost:8888/api/1.0/account/504
[qtp644479171-96] INFO  - RESPONSE: 404 {"status":"404","message":"Account with id \u0027504\u0027 not found"}
[qtp644479171-92] INFO  - REQUEST: GET http://localhost:8888/api/1.0/account/506
[qtp644479171-92] INFO  - RESPONSE: 404 {"status":"404","message":"Account with id \u0027506\u0027 not found"}
[qtp644479171-74] INFO  - REQUEST: GET http://localhost:8888/api/1.0/account/507
[qtp644479171-74] INFO  - RESPONSE: 404 {"status":"404","message":"Account with id \u0027507\u0027 not found"}
[qtp644479171-96] INFO  - REQUEST: GET http://localhost:8888/api/1.0/account/508
[qtp644479171-96] INFO  - RESPONSE: 404 {"status":"404","message":"Account with id \u0027508\u0027 not found"}
[qtp644479171-92] INFO  - REQUEST: GET http://localhost:8888/api/1.0/account/509
[qtp644479171-92] INFO  - RESPONSE: 404 {"status":"404","message":"Account with id \u0027509\u0027 not found"}
[qtp644479171-74] INFO  - REQUEST: GET http://localhost:8888/api/1.0/account/511
[qtp644479171-74] INFO  - RESPONSE: 404 {"status":"404","message":"Account with id \u0027511\u0027 not found"}
[qtp644479171-92] INFO  - REQUEST: GET http://localhost:8888/api/1.0/account/513
[qtp644479171-92] INFO  - RESPONSE: 404 {"status":"404","message":"Account with id \u0027513\u0027 not found"}
[qtp644479171-95] INFO  - REQUEST: GET http://localhost:8888/api/1.0/account/512
[qtp644479171-74] INFO  - REQUEST: GET http://localhost:8888/api/1.0/account/514
[qtp644479171-95] INFO  - RESPONSE: 404 {"status":"404","message":"Account with id \u0027512\u0027 not found"}
[qtp644479171-74] INFO  - RESPONSE: 404 {"status":"404","message":"Account with id \u0027514\u0027 not found"}
[qtp644479171-92] INFO  - REQUEST: GET http://localhost:8888/api/1.0/account/515
[qtp644479171-92] INFO  - RESPONSE: 404 {"status":"404","message":"Account with id \u0027515\u0027 not found"}
[qtp644479171-96] INFO  - REQUEST: GET http://localhost:8888/api/1.0/account/516
[qtp644479171-96] INFO  - RESPONSE: 404 {"status":"404","message":"Account with id \u0027516\u0027 not found"}
[qtp644479171-92] INFO  - REQUEST: GET http://localhost:8888/api/1.0/account/483
[qtp644479171-92] INFO  - RESPONSE: 200 {"id":"483","balance":0}
[qtp644479171-95] INFO  - REQUEST: GET http://localhost:8888/api/1.0/account/518
[qtp644479171-95] INFO  - RESPONSE: 404 {"status":"404","message":"Account with id \u0027518\u0027 not found"}
[qtp644479171-96] INFO  - REQUEST: GET http://localhost:8888/api/1.0/account/517
[qtp644479171-96] INFO  - RESPONSE: 404 {"status":"404","message":"Account with id \u0027517\u0027 not found"}
[qtp644479171-74] INFO  - REQUEST: GET http://localhost:8888/api/1.0/account/520
[qtp644479171-74] INFO  - RESPONSE: 404 {"status":"404","message":"Account with id \u0027520\u0027 not found"}
[qtp644479171-96] INFO  - REQUEST: GET http://localhost:8888/api/1.0/account/521
[qtp644479171-96] INFO  - RESPONSE: 404 {"status":"404","message":"Account with id \u0027521\u0027 not found"}
[qtp644479171-95] INFO  - REQUEST: GET http://localhost:8888/api/1.0/account/522
[qtp644479171-95] INFO  - RESPONSE: 404 {"status":"404","message":"Account with id \u0027522\u0027 not found"}
[qtp644479171-74] INFO  - REQUEST: GET http://localhost:8888/api/1.0/account/519
[qtp644479171-96] INFO  - REQUEST: GET http://localhost:8888/api/1.0/account/524
[qtp644479171-74] INFO  - RESPONSE: 404 {"status":"404","message":"Account with id \u0027519\u0027 not found"}
[qtp644479171-96] INFO  - RESPONSE: 404 {"status":"404","message":"Account with id \u0027524\u0027 not found"}
[qtp644479171-92] INFO  - REQUEST: GET http://localhost:8888/api/1.0/account/498
[qtp644479171-92] INFO  - RESPONSE: 200 {"id":"498","balance":0}
[qtp644479171-95] INFO  - REQUEST: GET http://localhost:8888/api/1.0/account/497
[qtp644479171-95] INFO  - RESPONSE: 200 {"id":"497","balance":0}
[qtp644479171-74] INFO  - REQUEST: GET http://localhost:8888/api/1.0/account/523
[qtp644479171-74] INFO  - RESPONSE: 404 {"status":"404","message":"Account with id \u0027523\u0027 not found"}
[qtp644479171-96] INFO  - REQUEST: GET http://localhost:8888/api/1.0/account/529
[qtp644479171-96] INFO  - RESPONSE: 404 {"status":"404","message":"Account with id \u0027529\u0027 not found"}
[qtp644479171-95] INFO  - REQUEST: GET http://localhost:8888/api/1.0/account/527
[qtp644479171-96] INFO  - REQUEST: GET http://localhost:8888/api/1.0/account/526
[qtp644479171-96] INFO  - RESPONSE: 404 {"status":"404","message":"Account with id \u0027526\u0027 not found"}
[qtp644479171-95] INFO  - RESPONSE: 404 {"status":"404","message":"Account with id \u0027527\u0027 not found"}
[qtp644479171-95] INFO  - REQUEST: GET http://localhost:8888/api/1.0/account/530
[qtp644479171-74] INFO  - REQUEST: GET http://localhost:8888/api/1.0/account/528
[qtp644479171-95] INFO  - RESPONSE: 404 {"status":"404","message":"Account with id \u0027530\u0027 not found"}
[qtp644479171-92] INFO  - REQUEST: GET http://localhost:8888/api/1.0/account/531
[qtp644479171-74] INFO  - RESPONSE: 404 {"status":"404","message":"Account with id \u0027528\u0027 not found"}
[qtp644479171-92] INFO  - RESPONSE: 404 {"status":"404","message":"Account with id \u0027531\u0027 not found"}
[qtp644479171-71] INFO  - REQUEST: GET http://localhost:8888/api/1.0/account/533
[qtp644479171-71] INFO  - RESPONSE: 404 {"status":"404","message":"Account with id \u0027533\u0027 not found"}
[qtp644479171-96] INFO  - REQUEST: GET http://localhost:8888/api/1.0/account/532
[qtp644479171-96] INFO  - RESPONSE: 404 {"status":"404","message":"Account with id \u0027532\u0027 not found"}
[qtp644479171-71] INFO  - REQUEST: GET http://localhost:8888/api/1.0/account/484
[qtp644479171-92] INFO  - REQUEST: GET http://localhost:8888/api/1.0/account/534
[qtp644479171-71] INFO  - RESPONSE: 200 {"id":"484","balance":0}
[qtp644479171-92] INFO  - RESPONSE: 404 {"status":"404","message":"Account with id \u0027534\u0027 not found"}
[qtp644479171-92] INFO  - REQUEST: GET http://localhost:8888/api/1.0/account/536
[qtp644479171-96] INFO  - REQUEST: GET http://localhost:8888/api/1.0/account/535
[qtp644479171-96] INFO  - RESPONSE: 404 {"status":"404","message":"Account with id \u0027535\u0027 not found"}
[qtp644479171-92] INFO  - RESPONSE: 404 {"status":"404","message":"Account with id \u0027536\u0027 not found"}
[qtp644479171-74] INFO  - REQUEST: GET http://localhost:8888/api/1.0/account/537
[qtp644479171-74] INFO  - RESPONSE: 404 {"status":"404","message":"Account with id \u0027537\u0027 not found"}
[qtp644479171-71] INFO  - REQUEST: GET http://localhost:8888/api/1.0/account/538
[qtp644479171-71] INFO  - RESPONSE: 404 {"status":"404","message":"Account with id \u0027538\u0027 not found"}
[qtp644479171-92] INFO  - REQUEST: GET http://localhost:8888/api/1.0/account/539
[qtp644479171-92] INFO  - RESPONSE: 404 {"status":"404","message":"Account with id \u0027539\u0027 not found"}
[qtp644479171-74] INFO  - REQUEST: GET http://localhost:8888/api/1.0/account/540
[qtp644479171-74] INFO  - RESPONSE: 404 {"status":"404","message":"Account with id \u0027540\u0027 not found"}
[qtp644479171-96] INFO  - REQUEST: GET http://localhost:8888/api/1.0/account/541
[qtp644479171-96] INFO  - RESPONSE: 404 {"status":"404","message":"Account with id \u0027541\u0027 not found"}
[qtp644479171-71] INFO  - REQUEST: GET http://localhost:8888/api/1.0/account/544
[qtp644479171-71] INFO  - RESPONSE: 404 {"status":"404","message":"Account with id \u0027544\u0027 not found"}
[qtp644479171-74] INFO  - REQUEST: GET http://localhost:8888/api/1.0/account/543
[qtp644479171-74] INFO  - RESPONSE: 404 {"status":"404","message":"Account with id \u0027543\u0027 not found"}
[qtp644479171-96] INFO  - REQUEST: GET http://localhost:8888/api/1.0/account/546
[qtp644479171-96] INFO  - RESPONSE: 404 {"status":"404","message":"Account with id \u0027546\u0027 not found"}
[qtp644479171-92] INFO  - REQUEST: GET http://localhost:8888/api/1.0/account/545
[qtp644479171-92] INFO  - RESPONSE: 404 {"status":"404","message":"Account with id \u0027545\u0027 not found"}
[qtp644479171-74] INFO  - REQUEST: GET http://localhost:8888/api/1.0/account/542
[qtp644479171-74] INFO  - RESPONSE: 404 {"status":"404","message":"Account with id \u0027542\u0027 not found"}
[qtp644479171-96] INFO  - REQUEST: GET http://localhost:8888/api/1.0/account/548
[qtp644479171-96] INFO  - RESPONSE: 404 {"status":"404","message":"Account with id \u0027548\u0027 not found"}
[qtp644479171-92] INFO  - REQUEST: GET http://localhost:8888/api/1.0/account/547
[qtp644479171-92] INFO  - RESPONSE: 404 {"status":"404","message":"Account with id \u0027547\u0027 not found"}
[qtp644479171-74] INFO  - REQUEST: GET http://localhost:8888/api/1.0/account/551
[qtp644479171-74] INFO  - RESPONSE: 404 {"status":"404","message":"Account with id \u0027551\u0027 not found"}
[qtp644479171-92] INFO  - REQUEST: GET http://localhost:8888/api/1.0/account/552
[qtp644479171-92] INFO  - RESPONSE: 404 {"status":"404","message":"Account with id \u0027552\u0027 not found"}
[qtp644479171-71] INFO  - REQUEST: GET http://localhost:8888/api/1.0/account/549
[qtp644479171-71] INFO  - RESPONSE: 404 {"status":"404","message":"Account with id \u0027549\u0027 not found"}
[qtp644479171-92] INFO  - REQUEST: GET http://localhost:8888/api/1.0/account/550
[qtp644479171-92] INFO  - RESPONSE: 404 {"status":"404","message":"Account with id \u0027550\u0027 not found"}
[qtp644479171-71] INFO  - REQUEST: GET http://localhost:8888/api/1.0/account/554
[qtp644479171-71] INFO  - RESPONSE: 404 {"status":"404","message":"Account with id \u0027554\u0027 not found"}
[qtp644479171-96] INFO  - REQUEST: GET http://localhost:8888/api/1.0/account/553
[qtp644479171-96] INFO  - RESPONSE: 404 {"status":"404","message":"Account with id \u0027553\u0027 not found"}
[qtp644479171-92] INFO  - REQUEST: GET http://localhost:8888/api/1.0/account/555
[qtp644479171-92] INFO  - RESPONSE: 404 {"status":"404","message":"Account with id \u0027555\u0027 not found"}
[qtp644479171-74] INFO  - REQUEST: GET http://localhost:8888/api/1.0/account/556
[qtp644479171-74] INFO  - RESPONSE: 404 {"status":"404","message":"Account with id \u0027556\u0027 not found"}
[qtp644479171-71] INFO  - REQUEST: GET http://localhost:8888/api/1.0/account/557
[qtp644479171-71] INFO  - RESPONSE: 404 {"status":"404","message":"Account with id \u0027557\u0027 not found"}
[qtp644479171-96] INFO  - REQUEST: GET http://localhost:8888/api/1.0/account/558
[qtp644479171-96] INFO  - RESPONSE: 404 {"status":"404","message":"Account with id \u0027558\u0027 not found"}
[qtp644479171-95] INFO  - REQUEST: GET http://localhost:8888/api/1.0/account/559
[qtp644479171-95] INFO  - RESPONSE: 404 {"status":"404","message":"Account with id \u0027559\u0027 not found"}
[qtp644479171-74] INFO  - REQUEST: GET http://localhost:8888/api/1.0/account/562
[qtp644479171-96] INFO  - REQUEST: GET http://localhost:8888/api/1.0/account/563
[qtp644479171-71] INFO  - REQUEST: GET http://localhost:8888/api/1.0/account/561
[qtp644479171-71] INFO  - RESPONSE: 404 {"status":"404","message":"Account with id \u0027561\u0027 not found"}
[qtp644479171-74] INFO  - RESPONSE: 404 {"status":"404","message":"Account with id \u0027562\u0027 not found"}
[qtp644479171-96] INFO  - RESPONSE: 404 {"status":"404","message":"Account with id \u0027563\u0027 not found"}
[qtp644479171-92] INFO  - REQUEST: GET http://localhost:8888/api/1.0/account/481
[qtp644479171-92] INFO  - RESPONSE: 200 {"id":"481","balance":0}
[qtp644479171-96] INFO  - REQUEST: GET http://localhost:8888/api/1.0/account/482
[qtp644479171-96] INFO  - RESPONSE: 200 {"id":"482","balance":0}
[qtp644479171-92] INFO  - REQUEST: GET http://localhost:8888/api/1.0/account/560
[qtp644479171-95] INFO  - REQUEST: GET http://localhost:8888/api/1.0/account/525
[qtp644479171-96] INFO  - REQUEST: GET http://localhost:8888/api/1.0/account/510
[qtp644479171-92] INFO  - RESPONSE: 404 {"status":"404","message":"Account with id \u0027560\u0027 not found"}
[qtp644479171-96] INFO  - RESPONSE: 404 {"status":"404","message":"Account with id \u0027510\u0027 not found"}
[qtp644479171-95] INFO  - RESPONSE: 404 {"status":"404","message":"Account with id \u0027525\u0027 not found"}
[qtp644479171-71] INFO  - REQUEST: GET http://localhost:8888/api/1.0/account/570
[qtp644479171-71] INFO  - RESPONSE: 404 {"status":"404","message":"Account with id \u0027570\u0027 not found"}
[qtp644479171-74] INFO  - REQUEST: GET http://localhost:8888/api/1.0/account/569
[qtp644479171-74] INFO  - RESPONSE: 404 {"status":"404","message":"Account with id \u0027569\u0027 not found"}
[qtp644479171-96] INFO  - REQUEST: GET http://localhost:8888/api/1.0/account/568
[qtp644479171-96] INFO  - RESPONSE: 404 {"status":"404","message":"Account with id \u0027568\u0027 not found"}
[qtp644479171-95] INFO  - REQUEST: GET http://localhost:8888/api/1.0/account/567
[qtp644479171-95] INFO  - RESPONSE: 404 {"status":"404","message":"Account with id \u0027567\u0027 not found"}
[qtp644479171-71] INFO  - REQUEST: GET http://localhost:8888/api/1.0/account/572
[qtp644479171-71] INFO  - RESPONSE: 404 {"status":"404","message":"Account with id \u0027572\u0027 not found"}
[qtp644479171-95] INFO  - REQUEST: GET http://localhost:8888/api/1.0/account/571
[qtp644479171-95] INFO  - RESPONSE: 404 {"status":"404","message":"Account with id \u0027571\u0027 not found"}
[qtp644479171-96] INFO  - REQUEST: GET http://localhost:8888/api/1.0/account/573
[qtp644479171-96] INFO  - RESPONSE: 404 {"status":"404","message":"Account with id \u0027573\u0027 not found"}
[qtp644479171-92] INFO  - REQUEST: GET http://localhost:8888/api/1.0/account/574
[qtp644479171-92] INFO  - RESPONSE: 404 {"status":"404","message":"Account with id \u0027574\u0027 not found"}
[qtp644479171-96] INFO  - REQUEST: GET http://localhost:8888/api/1.0/account/576
[qtp644479171-74] INFO  - REQUEST: GET http://localhost:8888/api/1.0/account/577
[qtp644479171-96] INFO  - RESPONSE: 404 {"status":"404","message":"Account with id \u0027576\u0027 not found"}
[qtp644479171-74] INFO  - RESPONSE: 404 {"status":"404","message":"Account with id \u0027577\u0027 not found"}
[qtp644479171-95] INFO  - REQUEST: GET http://localhost:8888/api/1.0/account/575
[qtp644479171-95] INFO  - RESPONSE: 404 {"status":"404","message":"Account with id \u0027575\u0027 not found"}
[qtp644479171-92] INFO  - REQUEST: GET http://localhost:8888/api/1.0/account/578
[qtp644479171-74] INFO  - REQUEST: GET http://localhost:8888/api/1.0/account/579
[qtp644479171-92] INFO  - RESPONSE: 404 {"status":"404","message":"Account with id \u0027578\u0027 not found"}
[qtp644479171-74] INFO  - RESPONSE: 404 {"status":"404","message":"Account with id \u0027579\u0027 not found"}
[qtp644479171-95] INFO  - REQUEST: GET http://localhost:8888/api/1.0/account/580
[qtp644479171-95] INFO  - RESPONSE: 404 {"status":"404","message":"Account with id \u0027580\u0027 not found"}
[qtp644479171-96] INFO  - REQUEST: GET http://localhost:8888/api/1.0/account/581
[qtp644479171-96] INFO  - RESPONSE: 404 {"status":"404","message":"Account with id \u0027581\u0027 not found"}
[qtp644479171-95] INFO  - REQUEST: GET http://localhost:8888/api/1.0/account/582
[qtp644479171-95] INFO  - RESPONSE: 404 {"status":"404","message":"Account with id \u0027582\u0027 not found"}
[qtp644479171-96] INFO  - REQUEST: GET http://localhost:8888/api/1.0/account/583
[qtp644479171-96] INFO  - RESPONSE: 404 {"status":"404","message":"Account with id \u0027583\u0027 not found"}
[qtp644479171-95] INFO  - REQUEST: GET http://localhost:8888/api/1.0/account/584
[qtp644479171-95] INFO  - RESPONSE: 404 {"status":"404","message":"Account with id \u0027584\u0027 not found"}
[qtp644479171-74] INFO  - REQUEST: GET http://localhost:8888/api/1.0/account/585
[qtp644479171-74] INFO  - RESPONSE: 404 {"status":"404","message":"Account with id \u0027585\u0027 not found"}
[qtp644479171-96] INFO  - REQUEST: GET http://localhost:8888/api/1.0/account/586
[qtp644479171-96] INFO  - RESPONSE: 404 {"status":"404","message":"Account with id \u0027586\u0027 not found"}
[qtp644479171-95] INFO  - REQUEST: GET http://localhost:8888/api/1.0/account/587
[qtp644479171-95] INFO  - RESPONSE: 404 {"status":"404","message":"Account with id \u0027587\u0027 not found"}
[qtp644479171-74] INFO  - REQUEST: GET http://localhost:8888/api/1.0/account/588
[qtp644479171-74] INFO  - RESPONSE: 404 {"status":"404","message":"Account with id \u0027588\u0027 not found"}
[qtp644479171-92] INFO  - REQUEST: GET http://localhost:8888/api/1.0/account/589
[qtp644479171-92] INFO  - RESPONSE: 404 {"status":"404","message":"Account with id \u0027589\u0027 not found"}
[qtp644479171-74] INFO  - REQUEST: GET http://localhost:8888/api/1.0/account/590
[qtp644479171-96] INFO  - REQUEST: GET http://localhost:8888/api/1.0/account/592
[qtp644479171-74] INFO  - RESPONSE: 404 {"status":"404","message":"Account with id \u0027590\u0027 not found"}
[qtp644479171-96] INFO  - RESPONSE: 404 {"status":"404","message":"Account with id \u0027592\u0027 not found"}
[qtp644479171-95] INFO  - REQUEST: GET http://localhost:8888/api/1.0/account/591
[qtp644479171-92] INFO  - REQUEST: GET http://localhost:8888/api/1.0/account/595
[qtp644479171-95] INFO  - RESPONSE: 404 {"status":"404","message":"Account with id \u0027591\u0027 not found"}
[qtp644479171-92] INFO  - RESPONSE: 404 {"status":"404","message":"Account with id \u0027595\u0027 not found"}
[qtp644479171-96] INFO  - REQUEST: GET http://localhost:8888/api/1.0/account/594
[qtp644479171-74] INFO  - REQUEST: GET http://localhost:8888/api/1.0/account/593
[qtp644479171-96] INFO  - RESPONSE: 404 {"status":"404","message":"Account with id \u0027594\u0027 not found"}
[qtp644479171-74] INFO  - RESPONSE: 404 {"status":"404","message":"Account with id \u0027593\u0027 not found"}
[qtp644479171-92] INFO  - REQUEST: GET http://localhost:8888/api/1.0/account/597
[qtp644479171-92] INFO  - RESPONSE: 404 {"status":"404","message":"Account with id \u0027597\u0027 not found"}
[qtp644479171-95] INFO  - REQUEST: GET http://localhost:8888/api/1.0/account/596
[qtp644479171-96] INFO  - REQUEST: GET http://localhost:8888/api/1.0/account/599
[qtp644479171-95] INFO  - RESPONSE: 404 {"status":"404","message":"Account with id \u0027596\u0027 not found"}
[qtp644479171-96] INFO  - RESPONSE: 404 {"status":"404","message":"Account with id \u0027599\u0027 not found"}
[qtp644479171-74] INFO  - REQUEST: GET http://localhost:8888/api/1.0/account/598
[qtp644479171-74] INFO  - RESPONSE: 404 {"status":"404","message":"Account with id \u0027598\u0027 not found"}
[qtp644479171-92] INFO  - REQUEST: GET http://localhost:8888/api/1.0/account/600
[qtp644479171-92] INFO  - RESPONSE: 404 {"status":"404","message":"Account with id \u0027600\u0027 not found"}
[qtp644479171-95] INFO  - REQUEST: GET http://localhost:8888/api/1.0/account/601
[qtp644479171-95] INFO  - RESPONSE: 404 {"status":"404","message":"Account with id \u0027601\u0027 not found"}
[qtp644479171-74] INFO  - REQUEST: GET http://localhost:8888/api/1.0/account/603
[qtp644479171-74] INFO  - RESPONSE: 404 {"status":"404","message":"Account with id \u0027603\u0027 not found"}
[qtp644479171-95] INFO  - REQUEST: GET http://localhost:8888/api/1.0/account/604
[qtp644479171-95] INFO  - RESPONSE: 404 {"status":"404","message":"Account with id \u0027604\u0027 not found"}
[qtp644479171-96] INFO  - REQUEST: GET http://localhost:8888/api/1.0/account/602
[qtp644479171-96] INFO  - RESPONSE: 404 {"status":"404","message":"Account with id \u0027602\u0027 not found"}
[qtp644479171-95] INFO  - REQUEST: GET http://localhost:8888/api/1.0/account/606
[qtp644479171-95] INFO  - RESPONSE: 404 {"status":"404","message":"Account with id \u0027606\u0027 not found"}
[qtp644479171-96] INFO  - REQUEST: GET http://localhost:8888/api/1.0/account/608
[qtp644479171-92] INFO  - REQUEST: GET http://localhost:8888/api/1.0/account/607
[qtp644479171-96] INFO  - RESPONSE: 404 {"status":"404","message":"Account with id \u0027608\u0027 not found"}
[qtp644479171-92] INFO  - RESPONSE: 404 {"status":"404","message":"Account with id \u0027607\u0027 not found"}
[qtp644479171-92] INFO  - REQUEST: GET http://localhost:8888/api/1.0/account/609
[qtp644479171-95] INFO  - REQUEST: GET http://localhost:8888/api/1.0/account/605
[qtp644479171-92] INFO  - RESPONSE: 404 {"status":"404","message":"Account with id \u0027609\u0027 not found"}
[qtp644479171-95] INFO  - RESPONSE: 404 {"status":"404","message":"Account with id \u0027605\u0027 not found"}
[qtp644479171-92] INFO  - REQUEST: GET http://localhost:8888/api/1.0/account/610
[qtp644479171-92] INFO  - RESPONSE: 404 {"status":"404","message":"Account with id \u0027610\u0027 not found"}
[qtp644479171-96] INFO  - REQUEST: GET http://localhost:8888/api/1.0/account/611
[qtp644479171-96] INFO  - RESPONSE: 404 {"status":"404","message":"Account with id \u0027611\u0027 not found"}
[qtp644479171-92] INFO  - REQUEST: GET http://localhost:8888/api/1.0/account/613
[qtp644479171-92] INFO  - RESPONSE: 404 {"status":"404","message":"Account with id \u0027613\u0027 not found"}
[qtp644479171-96] INFO  - REQUEST: GET http://localhost:8888/api/1.0/account/612
[qtp644479171-95] INFO  - REQUEST: GET http://localhost:8888/api/1.0/account/615
[qtp644479171-95] INFO  - RESPONSE: 404 {"status":"404","message":"Account with id \u0027615\u0027 not found"}
[qtp644479171-96] INFO  - RESPONSE: 404 {"status":"404","message":"Account with id \u0027612\u0027 not found"}
[qtp644479171-74] INFO  - REQUEST: GET http://localhost:8888/api/1.0/account/614
[qtp644479171-92] INFO  - REQUEST: GET http://localhost:8888/api/1.0/account/616
[qtp644479171-74] INFO  - RESPONSE: 404 {"status":"404","message":"Account with id \u0027614\u0027 not found"}
[qtp644479171-92] INFO  - RESPONSE: 404 {"status":"404","message":"Account with id \u0027616\u0027 not found"}
[qtp644479171-96] INFO  - REQUEST: GET http://localhost:8888/api/1.0/account/617
[qtp644479171-96] INFO  - RESPONSE: 404 {"status":"404","message":"Account with id \u0027617\u0027 not found"}
[qtp644479171-95] INFO  - REQUEST: GET http://localhost:8888/api/1.0/account/618
[qtp644479171-92] INFO  - REQUEST: GET http://localhost:8888/api/1.0/account/620
[qtp644479171-95] INFO  - RESPONSE: 404 {"status":"404","message":"Account with id \u0027618\u0027 not found"}
[qtp644479171-92] INFO  - RESPONSE: 404 {"status":"404","message":"Account with id \u0027620\u0027 not found"}
[qtp644479171-74] INFO  - REQUEST: GET http://localhost:8888/api/1.0/account/619
[qtp644479171-74] INFO  - RESPONSE: 404 {"status":"404","message":"Account with id \u0027619\u0027 not found"}
[qtp644479171-96] INFO  - REQUEST: GET http://localhost:8888/api/1.0/account/622
[qtp644479171-96] INFO  - RESPONSE: 404 {"status":"404","message":"Account with id \u0027622\u0027 not found"}
[qtp644479171-95] INFO  - REQUEST: GET http://localhost:8888/api/1.0/account/623
[qtp644479171-95] INFO  - RESPONSE: 404 {"status":"404","message":"Account with id \u0027623\u0027 not found"}
[qtp644479171-92] INFO  - REQUEST: GET http://localhost:8888/api/1.0/account/624
[qtp644479171-92] INFO  - RESPONSE: 404 {"status":"404","message":"Account with id \u0027624\u0027 not found"}
[qtp644479171-96] INFO  - REQUEST: GET http://localhost:8888/api/1.0/account/625
[qtp644479171-96] INFO  - RESPONSE: 404 {"status":"404","message":"Account with id \u0027625\u0027 not found"}
[qtp644479171-92] INFO  - REQUEST: GET http://localhost:8888/api/1.0/account/626
[qtp644479171-92] INFO  - RESPONSE: 404 {"status":"404","message":"Account with id \u0027626\u0027 not found"}
[qtp644479171-95] INFO  - REQUEST: GET http://localhost:8888/api/1.0/account/621
[qtp644479171-74] INFO  - REQUEST: GET http://localhost:8888/api/1.0/account/627
[qtp644479171-74] INFO  - RESPONSE: 404 {"status":"404","message":"Account with id \u0027627\u0027 not found"}
[qtp644479171-95] INFO  - RESPONSE: 404 {"status":"404","message":"Account with id \u0027621\u0027 not found"}
[qtp644479171-74] INFO  - REQUEST: GET http://localhost:8888/api/1.0/account/629
[qtp644479171-74] INFO  - RESPONSE: 404 {"status":"404","message":"Account with id \u0027629\u0027 not found"}
[qtp644479171-95] INFO  - REQUEST: GET http://localhost:8888/api/1.0/account/630
[qtp644479171-95] INFO  - RESPONSE: 404 {"status":"404","message":"Account with id \u0027630\u0027 not found"}
[qtp644479171-74] INFO  - REQUEST: GET http://localhost:8888/api/1.0/account/632
[qtp644479171-74] INFO  - RESPONSE: 404 {"status":"404","message":"Account with id \u0027632\u0027 not found"}
[qtp644479171-74] INFO  - REQUEST: GET http://localhost:8888/api/1.0/account/633
[qtp644479171-74] INFO  - RESPONSE: 404 {"status":"404","message":"Account with id \u0027633\u0027 not found"}
[qtp644479171-96] INFO  - REQUEST: GET http://localhost:8888/api/1.0/account/566
[qtp644479171-96] INFO  - RESPONSE: 404 {"status":"404","message":"Account with id \u0027566\u0027 not found"}
[qtp644479171-92] INFO  - REQUEST: GET http://localhost:8888/api/1.0/account/628
[qtp644479171-71] INFO  - REQUEST: GET http://localhost:8888/api/1.0/account/634
[qtp644479171-92] INFO  - RESPONSE: 404 {"status":"404","message":"Account with id \u0027628\u0027 not found"}
[qtp644479171-75] INFO  - REQUEST: GET http://localhost:8888/api/1.0/account/564
[qtp644479171-71] INFO  - RESPONSE: 404 {"status":"404","message":"Account with id \u0027634\u0027 not found"}
[qtp644479171-75] INFO  - RESPONSE: 404 {"status":"404","message":"Account with id \u0027564\u0027 not found"}
[qtp644479171-74] INFO  - REQUEST: GET http://localhost:8888/api/1.0/account/631
[qtp644479171-74] INFO  - RESPONSE: 404 {"status":"404","message":"Account with id \u0027631\u0027 not found"}
[qtp644479171-95] INFO  - REQUEST: GET http://localhost:8888/api/1.0/account/637
[qtp644479171-95] INFO  - RESPONSE: 404 {"status":"404","message":"Account with id \u0027637\u0027 not found"}
[qtp644479171-75] INFO  - REQUEST: GET http://localhost:8888/api/1.0/account/638
[qtp644479171-98] INFO  - REQUEST: GET http://localhost:8888/api/1.0/account/636
[qtp644479171-98] INFO  - RESPONSE: 404 {"status":"404","message":"Account with id \u0027636\u0027 not found"}
[qtp644479171-75] INFO  - RESPONSE: 404 {"status":"404","message":"Account with id \u0027638\u0027 not found"}
[qtp644479171-71] INFO  - REQUEST: GET http://localhost:8888/api/1.0/account/639
[qtp644479171-71] INFO  - RESPONSE: 404 {"status":"404","message":"Account with id \u0027639\u0027 not found"}
[qtp644479171-75] INFO  - REQUEST: GET http://localhost:8888/api/1.0/account/640
[qtp644479171-75] INFO  - RESPONSE: 404 {"status":"404","message":"Account with id \u0027640\u0027 not found"}
[qtp644479171-98] INFO  - REQUEST: GET http://localhost:8888/api/1.0/account/641
[qtp644479171-98] INFO  - RESPONSE: 404 {"status":"404","message":"Account with id \u0027641\u0027 not found"}
[qtp644479171-95] INFO  - REQUEST: GET http://localhost:8888/api/1.0/account/565
[qtp644479171-95] INFO  - RESPONSE: 404 {"status":"404","message":"Account with id \u0027565\u0027 not found"}
[qtp644479171-71] INFO  - REQUEST: GET http://localhost:8888/api/1.0/account/642
[qtp644479171-71] INFO  - RESPONSE: 404 {"status":"404","message":"Account with id \u0027642\u0027 not found"}
[qtp644479171-71] INFO  - REQUEST: GET http://localhost:8888/api/1.0/account/643
[qtp644479171-71] INFO  - RESPONSE: 404 {"status":"404","message":"Account with id \u0027643\u0027 not found"}
[qtp644479171-92] INFO  - REQUEST: GET http://localhost:8888/api/1.0/account/644
[qtp644479171-92] INFO  - RESPONSE: 404 {"status":"404","message":"Account with id \u0027644\u0027 not found"}
[qtp644479171-71] INFO  - REQUEST: GET http://localhost:8888/api/1.0/account/646
[qtp644479171-71] INFO  - RESPONSE: 404 {"status":"404","message":"Account with id \u0027646\u0027 not found"}
[qtp644479171-95] INFO  - REQUEST: GET http://localhost:8888/api/1.0/account/645
[qtp644479171-95] INFO  - RESPONSE: 404 {"status":"404","message":"Account with id \u0027645\u0027 not found"}
[qtp644479171-92] INFO  - REQUEST: GET http://localhost:8888/api/1.0/account/647
[qtp644479171-92] INFO  - RESPONSE: 404 {"status":"404","message":"Account with id \u0027647\u0027 not found"}
[qtp644479171-98] INFO  - REQUEST: GET http://localhost:8888/api/1.0/account/648
[qtp644479171-98] INFO  - RESPONSE: 404 {"status":"404","message":"Account with id \u0027648\u0027 not found"}
[qtp644479171-71] INFO  - REQUEST: GET http://localhost:8888/api/1.0/account/649
[qtp644479171-71] INFO  - RESPONSE: 404 {"status":"404","message":"Account with id \u0027649\u0027 not found"}
[qtp644479171-98] INFO  - REQUEST: GET http://localhost:8888/api/1.0/account/652
[qtp644479171-98] INFO  - RESPONSE: 404 {"status":"404","message":"Account with id \u0027652\u0027 not found"}
[qtp644479171-95] INFO  - REQUEST: GET http://localhost:8888/api/1.0/account/654
[qtp644479171-95] INFO  - RESPONSE: 404 {"status":"404","message":"Account with id \u0027654\u0027 not found"}
[qtp644479171-98] INFO  - REQUEST: GET http://localhost:8888/api/1.0/account/650
[qtp644479171-98] INFO  - RESPONSE: 404 {"status":"404","message":"Account with id \u0027650\u0027 not found"}
[qtp644479171-71] INFO  - REQUEST: GET http://localhost:8888/api/1.0/account/653
[qtp644479171-71] INFO  - RESPONSE: 404 {"status":"404","message":"Account with id \u0027653\u0027 not found"}
[qtp644479171-71] INFO  - REQUEST: GET http://localhost:8888/api/1.0/account/655
[qtp644479171-71] INFO  - RESPONSE: 404 {"status":"404","message":"Account with id \u0027655\u0027 not found"}
[qtp644479171-98] INFO  - REQUEST: GET http://localhost:8888/api/1.0/account/651
[qtp644479171-98] INFO  - RESPONSE: 404 {"status":"404","message":"Account with id \u0027651\u0027 not found"}
[qtp644479171-98] INFO  - REQUEST: GET http://localhost:8888/api/1.0/account/656
[qtp644479171-98] INFO  - RESPONSE: 404 {"status":"404","message":"Account with id \u0027656\u0027 not found"}
[qtp644479171-95] INFO  - REQUEST: GET http://localhost:8888/api/1.0/account/657
[qtp644479171-95] INFO  - RESPONSE: 404 {"status":"404","message":"Account with id \u0027657\u0027 not found"}
[qtp644479171-92] INFO  - REQUEST: GET http://localhost:8888/api/1.0/account/658
[qtp644479171-92] INFO  - RESPONSE: 404 {"status":"404","message":"Account with id \u0027658\u0027 not found"}
[qtp644479171-71] INFO  - REQUEST: GET http://localhost:8888/api/1.0/account/659
[qtp644479171-98] INFO  - REQUEST: GET http://localhost:8888/api/1.0/account/661
[qtp644479171-71] INFO  - RESPONSE: 404 {"status":"404","message":"Account with id \u0027659\u0027 not found"}
[qtp644479171-98] INFO  - RESPONSE: 404 {"status":"404","message":"Account with id \u0027661\u0027 not found"}
[qtp644479171-75] INFO  - REQUEST: GET http://localhost:8888/api/1.0/account/660
[qtp644479171-75] INFO  - RESPONSE: 404 {"status":"404","message":"Account with id \u0027660\u0027 not found"}
[qtp644479171-95] INFO  - REQUEST: GET http://localhost:8888/api/1.0/account/666
[qtp644479171-95] INFO  - RESPONSE: 404 {"status":"404","message":"Account with id \u0027666\u0027 not found"}
[qtp644479171-98] INFO  - REQUEST: GET http://localhost:8888/api/1.0/account/662
[qtp644479171-98] INFO  - RESPONSE: 404 {"status":"404","message":"Account with id \u0027662\u0027 not found"}
[qtp644479171-71] INFO  - REQUEST: GET http://localhost:8888/api/1.0/account/667
[qtp644479171-71] INFO  - RESPONSE: 404 {"status":"404","message":"Account with id \u0027667\u0027 not found"}
[qtp644479171-75] INFO  - REQUEST: GET http://localhost:8888/api/1.0/account/635
[qtp644479171-71] INFO  - REQUEST: GET http://localhost:8888/api/1.0/account/668
[qtp644479171-75] INFO  - RESPONSE: 404 {"status":"404","message":"Account with id \u0027635\u0027 not found"}
[qtp644479171-71] INFO  - RESPONSE: 404 {"status":"404","message":"Account with id \u0027668\u0027 not found"}
[qtp644479171-95] INFO  - REQUEST: GET http://localhost:8888/api/1.0/account/670
[qtp644479171-95] INFO  - RESPONSE: 404 {"status":"404","message":"Account with id \u0027670\u0027 not found"}
[qtp644479171-98] INFO  - REQUEST: GET http://localhost:8888/api/1.0/account/669
[qtp644479171-98] INFO  - RESPONSE: 404 {"status":"404","message":"Account with id \u0027669\u0027 not found"}
[qtp644479171-95] INFO  - REQUEST: GET http://localhost:8888/api/1.0/account/672
[qtp644479171-92] INFO  - REQUEST: GET http://localhost:8888/api/1.0/account/671
[qtp644479171-92] INFO  - RESPONSE: 404 {"status":"404","message":"Account with id \u0027671\u0027 not found"}
[qtp644479171-95] INFO  - RESPONSE: 404 {"status":"404","message":"Account with id \u0027672\u0027 not found"}
[qtp644479171-98] INFO  - REQUEST: GET http://localhost:8888/api/1.0/account/674
[qtp644479171-98] INFO  - RESPONSE: 404 {"status":"404","message":"Account with id \u0027674\u0027 not found"}
[qtp644479171-71] INFO  - REQUEST: GET http://localhost:8888/api/1.0/account/673
[qtp644479171-71] INFO  - RESPONSE: 404 {"status":"404","message":"Account with id \u0027673\u0027 not found"}
[qtp644479171-98] INFO  - REQUEST: GET http://localhost:8888/api/1.0/account/676
[qtp644479171-95] INFO  - REQUEST: GET http://localhost:8888/api/1.0/account/675
[qtp644479171-98] INFO  - RESPONSE: 404 {"status":"404","message":"Account with id \u0027676\u0027 not found"}
[qtp644479171-95] INFO  - RESPONSE: 404 {"status":"404","message":"Account with id \u0027675\u0027 not found"}
[qtp644479171-71] INFO  - REQUEST: GET http://localhost:8888/api/1.0/account/677
[qtp644479171-71] INFO  - RESPONSE: 404 {"status":"404","message":"Account with id \u0027677\u0027 not found"}
[qtp644479171-92] INFO  - REQUEST: GET http://localhost:8888/api/1.0/account/678
[qtp644479171-92] INFO  - RESPONSE: 404 {"status":"404","message":"Account with id \u0027678\u0027 not found"}
[qtp644479171-71] INFO  - REQUEST: GET http://localhost:8888/api/1.0/account/679
[qtp644479171-71] INFO  - RESPONSE: 404 {"status":"404","message":"Account with id \u0027679\u0027 not found"}
[qtp644479171-95] INFO  - REQUEST: GET http://localhost:8888/api/1.0/account/680
[qtp644479171-95] INFO  - RESPONSE: 404 {"status":"404","message":"Account with id \u0027680\u0027 not found"}
[qtp644479171-92] INFO  - REQUEST: GET http://localhost:8888/api/1.0/account/681
[qtp644479171-92] INFO  - RESPONSE: 404 {"status":"404","message":"Account with id \u0027681\u0027 not found"}
[qtp644479171-71] INFO  - REQUEST: GET http://localhost:8888/api/1.0/account/682
[qtp644479171-71] INFO  - RESPONSE: 404 {"status":"404","message":"Account with id \u0027682\u0027 not found"}
[qtp644479171-95] INFO  - REQUEST: GET http://localhost:8888/api/1.0/account/683
[qtp644479171-95] INFO  - RESPONSE: 404 {"status":"404","message":"Account with id \u0027683\u0027 not found"}
[qtp644479171-95] INFO  - REQUEST: GET http://localhost:8888/api/1.0/account/665
[qtp644479171-71] INFO  - REQUEST: GET http://localhost:8888/api/1.0/account/684
[qtp644479171-92] INFO  - REQUEST: GET http://localhost:8888/api/1.0/account/685
[qtp644479171-95] INFO  - RESPONSE: 404 {"status":"404","message":"Account with id \u0027665\u0027 not found"}
[qtp644479171-92] INFO  - RESPONSE: 404 {"status":"404","message":"Account with id \u0027685\u0027 not found"}
[qtp644479171-71] INFO  - RESPONSE: 404 {"status":"404","message":"Account with id \u0027684\u0027 not found"}
[qtp644479171-75] INFO  - REQUEST: GET http://localhost:8888/api/1.0/account/686
[qtp644479171-75] INFO  - RESPONSE: 404 {"status":"404","message":"Account with id \u0027686\u0027 not found"}
[qtp644479171-95] INFO  - REQUEST: GET http://localhost:8888/api/1.0/account/689
[qtp644479171-98] INFO  - REQUEST: GET http://localhost:8888/api/1.0/account/687
[qtp644479171-95] INFO  - RESPONSE: 404 {"status":"404","message":"Account with id \u0027689\u0027 not found"}
[qtp644479171-98] INFO  - RESPONSE: 404 {"status":"404","message":"Account with id \u0027687\u0027 not found"}
[qtp644479171-75] INFO  - REQUEST: GET http://localhost:8888/api/1.0/account/691
[qtp644479171-75] INFO  - RESPONSE: 404 {"status":"404","message":"Account with id \u0027691\u0027 not found"}
[qtp644479171-98] INFO  - REQUEST: GET http://localhost:8888/api/1.0/account/688
[qtp644479171-98] INFO  - RESPONSE: 404 {"status":"404","message":"Account with id \u0027688\u0027 not found"}
[qtp644479171-75] INFO  - REQUEST: GET http://localhost:8888/api/1.0/account/692
[qtp644479171-75] INFO  - RESPONSE: 404 {"status":"404","message":"Account with id \u0027692\u0027 not found"}
[qtp644479171-95] INFO  - REQUEST: GET http://localhost:8888/api/1.0/account/693
[qtp644479171-95] INFO  - RESPONSE: 404 {"status":"404","message":"Account with id \u0027693\u0027 not found"}
[qtp644479171-71] INFO  - REQUEST: GET http://localhost:8888/api/1.0/account/694
[qtp644479171-71] INFO  - RESPONSE: 404 {"status":"404","message":"Account with id \u0027694\u0027 not found"}
[qtp644479171-92] INFO  - REQUEST: GET http://localhost:8888/api/1.0/account/697
[qtp644479171-92] INFO  - RESPONSE: 404 {"status":"404","message":"Account with id \u0027697\u0027 not found"}
[qtp644479171-95] INFO  - REQUEST: GET http://localhost:8888/api/1.0/account/696
[qtp644479171-95] INFO  - RESPONSE: 404 {"status":"404","message":"Account with id \u0027696\u0027 not found"}
[qtp644479171-71] INFO  - REQUEST: GET http://localhost:8888/api/1.0/account/695
[qtp644479171-71] INFO  - RESPONSE: 404 {"status":"404","message":"Account with id \u0027695\u0027 not found"}
[qtp644479171-71] INFO  - REQUEST: GET http://localhost:8888/api/1.0/account/699
[qtp644479171-71] INFO  - RESPONSE: 404 {"status":"404","message":"Account with id \u0027699\u0027 not found"}
[qtp644479171-75] INFO  - REQUEST: GET http://localhost:8888/api/1.0/account/700
[qtp644479171-75] INFO  - RESPONSE: 404 {"status":"404","message":"Account with id \u0027700\u0027 not found"}
[qtp644479171-71] INFO  - REQUEST: GET http://localhost:8888/api/1.0/account/701
[qtp644479171-71] INFO  - RESPONSE: 404 {"status":"404","message":"Account with id \u0027701\u0027 not found"}
[qtp644479171-95] INFO  - REQUEST: GET http://localhost:8888/api/1.0/account/702
[qtp644479171-95] INFO  - RESPONSE: 404 {"status":"404","message":"Account with id \u0027702\u0027 not found"}
[qtp644479171-75] INFO  - REQUEST: GET http://localhost:8888/api/1.0/account/704
[qtp644479171-71] INFO  - REQUEST: GET http://localhost:8888/api/1.0/account/690
[qtp644479171-75] INFO  - RESPONSE: 404 {"status":"404","message":"Account with id \u0027704\u0027 not found"}
[qtp644479171-71] INFO  - RESPONSE: 404 {"status":"404","message":"Account with id \u0027690\u0027 not found"}
[qtp644479171-95] INFO  - REQUEST: GET http://localhost:8888/api/1.0/account/706
[qtp644479171-92] INFO  - REQUEST: GET http://localhost:8888/api/1.0/account/705
[qtp644479171-92] INFO  - RESPONSE: 404 {"status":"404","message":"Account with id \u0027705\u0027 not found"}
[qtp644479171-95] INFO  - RESPONSE: 404 {"status":"404","message":"Account with id \u0027706\u0027 not found"}
[qtp644479171-71] INFO  - REQUEST: GET http://localhost:8888/api/1.0/account/708
[qtp644479171-71] INFO  - RESPONSE: 404 {"status":"404","message":"Account with id \u0027708\u0027 not found"}
[qtp644479171-95] INFO  - REQUEST: GET http://localhost:8888/api/1.0/account/707
[qtp644479171-95] INFO  - RESPONSE: 404 {"status":"404","message":"Account with id \u0027707\u0027 not found"}
[qtp644479171-75] INFO  - REQUEST: GET http://localhost:8888/api/1.0/account/709
[qtp644479171-75] INFO  - RESPONSE: 404 {"status":"404","message":"Account with id \u0027709\u0027 not found"}
[qtp644479171-71] INFO  - REQUEST: GET http://localhost:8888/api/1.0/account/710
[qtp644479171-95] INFO  - REQUEST: GET http://localhost:8888/api/1.0/account/711
[qtp644479171-71] INFO  - RESPONSE: 404 {"status":"404","message":"Account with id \u0027710\u0027 not found"}
[qtp644479171-95] INFO  - RESPONSE: 404 {"status":"404","message":"Account with id \u0027711\u0027 not found"}
[qtp644479171-92] INFO  - REQUEST: GET http://localhost:8888/api/1.0/account/712
[qtp644479171-92] INFO  - RESPONSE: 404 {"status":"404","message":"Account with id \u0027712\u0027 not found"}
[qtp644479171-75] INFO  - REQUEST: GET http://localhost:8888/api/1.0/account/713
[qtp644479171-75] INFO  - RESPONSE: 404 {"status":"404","message":"Account with id \u0027713\u0027 not found"}
[qtp644479171-71] INFO  - REQUEST: GET http://localhost:8888/api/1.0/account/715
[qtp644479171-71] INFO  - RESPONSE: 404 {"status":"404","message":"Account with id \u0027715\u0027 not found"}
[qtp644479171-92] INFO  - REQUEST: GET http://localhost:8888/api/1.0/account/714
[qtp644479171-92] INFO  - RESPONSE: 404 {"status":"404","message":"Account with id \u0027714\u0027 not found"}
[qtp644479171-75] INFO  - REQUEST: GET http://localhost:8888/api/1.0/account/716
[qtp644479171-75] INFO  - RESPONSE: 404 {"status":"404","message":"Account with id \u0027716\u0027 not found"}
[qtp644479171-75] INFO  - REQUEST: GET http://localhost:8888/api/1.0/account/717
[qtp644479171-71] INFO  - REQUEST: GET http://localhost:8888/api/1.0/account/718
[qtp644479171-75] INFO  - RESPONSE: 404 {"status":"404","message":"Account with id \u0027717\u0027 not found"}
[qtp644479171-71] INFO  - RESPONSE: 404 {"status":"404","message":"Account with id \u0027718\u0027 not found"}
[qtp644479171-92] INFO  - REQUEST: GET http://localhost:8888/api/1.0/account/719
[qtp644479171-92] INFO  - RESPONSE: 404 {"status":"404","message":"Account with id \u0027719\u0027 not found"}
[qtp644479171-71] INFO  - REQUEST: GET http://localhost:8888/api/1.0/account/720
[qtp644479171-71] INFO  - RESPONSE: 404 {"status":"404","message":"Account with id \u0027720\u0027 not found"}
[qtp644479171-71] INFO  - REQUEST: GET http://localhost:8888/api/1.0/account/722
[qtp644479171-71] INFO  - RESPONSE: 404 {"status":"404","message":"Account with id \u0027722\u0027 not found"}
[qtp644479171-95] INFO  - REQUEST: GET http://localhost:8888/api/1.0/account/723
[qtp644479171-95] INFO  - RESPONSE: 404 {"status":"404","message":"Account with id \u0027723\u0027 not found"}
[qtp644479171-75] INFO  - REQUEST: GET http://localhost:8888/api/1.0/account/724
[qtp644479171-75] INFO  - RESPONSE: 404 {"status":"404","message":"Account with id \u0027724\u0027 not found"}
[qtp644479171-75] INFO  - REQUEST: GET http://localhost:8888/api/1.0/account/725
[qtp644479171-75] INFO  - RESPONSE: 404 {"status":"404","message":"Account with id \u0027725\u0027 not found"}
[qtp644479171-92] INFO  - REQUEST: GET http://localhost:8888/api/1.0/account/703
[qtp644479171-92] INFO  - RESPONSE: 404 {"status":"404","message":"Account with id \u0027703\u0027 not found"}
[qtp644479171-98] INFO  - REQUEST: GET http://localhost:8888/api/1.0/account/698
[qtp644479171-98] INFO  - RESPONSE: 404 {"status":"404","message":"Account with id \u0027698\u0027 not found"}
[qtp644479171-71] INFO  - REQUEST: GET http://localhost:8888/api/1.0/account/721
[qtp644479171-71] INFO  - RESPONSE: 404 {"status":"404","message":"Account with id \u0027721\u0027 not found"}
[qtp644479171-73] INFO  - REQUEST: GET http://localhost:8888/api/1.0/account/664
[qtp644479171-73] INFO  - RESPONSE: 404 {"status":"404","message":"Account with id \u0027664\u0027 not found"}
[qtp644479171-98] INFO  - REQUEST: GET http://localhost:8888/api/1.0/account/730
[qtp644479171-98] INFO  - RESPONSE: 404 {"status":"404","message":"Account with id \u0027730\u0027 not found"}
[qtp644479171-75] INFO  - REQUEST: GET http://localhost:8888/api/1.0/account/731
[qtp644479171-75] INFO  - RESPONSE: 404 {"status":"404","message":"Account with id \u0027731\u0027 not found"}
[qtp644479171-73] INFO  - REQUEST: GET http://localhost:8888/api/1.0/account/733
[qtp644479171-73] INFO  - RESPONSE: 404 {"status":"404","message":"Account with id \u0027733\u0027 not found"}
[qtp644479171-98] INFO  - REQUEST: GET http://localhost:8888/api/1.0/account/734
[qtp644479171-98] INFO  - RESPONSE: 404 {"status":"404","message":"Account with id \u0027734\u0027 not found"}
[qtp644479171-75] INFO  - REQUEST: GET http://localhost:8888/api/1.0/account/735
[qtp644479171-75] INFO  - RESPONSE: 404 {"status":"404","message":"Account with id \u0027735\u0027 not found"}
[qtp644479171-98] INFO  - REQUEST: GET http://localhost:8888/api/1.0/account/736
[qtp644479171-98] INFO  - RESPONSE: 404 {"status":"404","message":"Account with id \u0027736\u0027 not found"}
[qtp644479171-73] INFO  - REQUEST: GET http://localhost:8888/api/1.0/account/737
[qtp644479171-73] INFO  - RESPONSE: 404 {"status":"404","message":"Account with id \u0027737\u0027 not found"}
[qtp644479171-75] INFO  - REQUEST: GET http://localhost:8888/api/1.0/account/738
[qtp644479171-75] INFO  - RESPONSE: 404 {"status":"404","message":"Account with id \u0027738\u0027 not found"}
[qtp644479171-98] INFO  - REQUEST: GET http://localhost:8888/api/1.0/account/729
[qtp644479171-73] INFO  - REQUEST: GET http://localhost:8888/api/1.0/account/727
[qtp644479171-98] INFO  - RESPONSE: 404 {"status":"404","message":"Account with id \u0027729\u0027 not found"}
[qtp644479171-73] INFO  - RESPONSE: 404 {"status":"404","message":"Account with id \u0027727\u0027 not found"}
[qtp644479171-75] INFO  - REQUEST: GET http://localhost:8888/api/1.0/account/740
[qtp644479171-75] INFO  - RESPONSE: 404 {"status":"404","message":"Account with id \u0027740\u0027 not found"}
[qtp644479171-95] INFO  - REQUEST: GET http://localhost:8888/api/1.0/account/732
[qtp644479171-95] INFO  - RESPONSE: 404 {"status":"404","message":"Account with id \u0027732\u0027 not found"}
[qtp644479171-73] INFO  - REQUEST: GET http://localhost:8888/api/1.0/account/739
[qtp644479171-73] INFO  - RESPONSE: 404 {"status":"404","message":"Account with id \u0027739\u0027 not found"}
[qtp644479171-98] INFO  - REQUEST: GET http://localhost:8888/api/1.0/account/741
[qtp644479171-92] INFO  - REQUEST: GET http://localhost:8888/api/1.0/account/742
[qtp644479171-98] INFO  - RESPONSE: 404 {"status":"404","message":"Account with id \u0027741\u0027 not found"}
[qtp644479171-92] INFO  - RESPONSE: 404 {"status":"404","message":"Account with id \u0027742\u0027 not found"}
[qtp644479171-95] INFO  - REQUEST: GET http://localhost:8888/api/1.0/account/746
[qtp644479171-95] INFO  - RESPONSE: 404 {"status":"404","message":"Account with id \u0027746\u0027 not found"}
[qtp644479171-92] INFO  - REQUEST: GET http://localhost:8888/api/1.0/account/745
[qtp644479171-92] INFO  - RESPONSE: 404 {"status":"404","message":"Account with id \u0027745\u0027 not found"}
[qtp644479171-73] INFO  - REQUEST: GET http://localhost:8888/api/1.0/account/743
[qtp644479171-73] INFO  - RESPONSE: 404 {"status":"404","message":"Account with id \u0027743\u0027 not found"}
[qtp644479171-92] INFO  - REQUEST: GET http://localhost:8888/api/1.0/account/744
[qtp644479171-92] INFO  - RESPONSE: 404 {"status":"404","message":"Account with id \u0027744\u0027 not found"}
[qtp644479171-93] INFO  - REQUEST: GET http://localhost:8888/api/1.0/account/748
[qtp644479171-99] INFO  - REQUEST: GET http://localhost:8888/api/1.0/account/747
[qtp644479171-93] INFO  - RESPONSE: 404 {"status":"404","message":"Account with id \u0027748\u0027 not found"}
[qtp644479171-99] INFO  - RESPONSE: 404 {"status":"404","message":"Account with id \u0027747\u0027 not found"}
[qtp644479171-98] INFO  - REQUEST: GET http://localhost:8888/api/1.0/account/749
[qtp644479171-98] INFO  - RESPONSE: 404 {"status":"404","message":"Account with id \u0027749\u0027 not found"}
[qtp644479171-75] INFO  - REQUEST: GET http://localhost:8888/api/1.0/account/751
[qtp644479171-99] INFO  - REQUEST: GET http://localhost:8888/api/1.0/account/752
[qtp644479171-75] INFO  - RESPONSE: 404 {"status":"404","message":"Account with id \u0027751\u0027 not found"}
[qtp644479171-99] INFO  - RESPONSE: 404 {"status":"404","message":"Account with id \u0027752\u0027 not found"}
[qtp644479171-98] INFO  - REQUEST: GET http://localhost:8888/api/1.0/account/753
[qtp644479171-98] INFO  - RESPONSE: 404 {"status":"404","message":"Account with id \u0027753\u0027 not found"}
[qtp644479171-75] INFO  - REQUEST: GET http://localhost:8888/api/1.0/account/755
[qtp644479171-75] INFO  - RESPONSE: 404 {"status":"404","message":"Account with id \u0027755\u0027 not found"}
[qtp644479171-93] INFO  - REQUEST: GET http://localhost:8888/api/1.0/account/663
[qtp644479171-93] INFO  - RESPONSE: 404 {"status":"404","message":"Account with id \u0027663\u0027 not found"}
[qtp644479171-100] INFO  - REQUEST: GET http://localhost:8888/api/1.0/account/754
[qtp644479171-100] INFO  - RESPONSE: 404 {"status":"404","message":"Account with id \u0027754\u0027 not found"}
[qtp644479171-75] INFO  - REQUEST: GET http://localhost:8888/api/1.0/account/756
[qtp644479171-75] INFO  - RESPONSE: 404 {"status":"404","message":"Account with id \u0027756\u0027 not found"}
[qtp644479171-99] INFO  - REQUEST: GET http://localhost:8888/api/1.0/account/757
[qtp644479171-99] INFO  - RESPONSE: 404 {"status":"404","message":"Account with id \u0027757\u0027 not found"}
[qtp644479171-100] INFO  - REQUEST: GET http://localhost:8888/api/1.0/account/750
[qtp644479171-100] INFO  - RESPONSE: 404 {"status":"404","message":"Account with id \u0027750\u0027 not found"}
[qtp644479171-75] INFO  - REQUEST: GET http://localhost:8888/api/1.0/account/758
[qtp644479171-75] INFO  - RESPONSE: 404 {"status":"404","message":"Account with id \u0027758\u0027 not found"}
[qtp644479171-98] INFO  - REQUEST: GET http://localhost:8888/api/1.0/account/760
[qtp644479171-98] INFO  - RESPONSE: 404 {"status":"404","message":"Account with id \u0027760\u0027 not found"}
[qtp644479171-100] INFO  - REQUEST: GET http://localhost:8888/api/1.0/account/761
[qtp644479171-100] INFO  - RESPONSE: 404 {"status":"404","message":"Account with id \u0027761\u0027 not found"}
[qtp644479171-73] INFO  - REQUEST: GET http://localhost:8888/api/1.0/account/763
[qtp644479171-73] INFO  - RESPONSE: 404 {"status":"404","message":"Account with id \u0027763\u0027 not found"}
[qtp644479171-98] INFO  - REQUEST: GET http://localhost:8888/api/1.0/account/764
[qtp644479171-98] INFO  - RESPONSE: 404 {"status":"404","message":"Account with id \u0027764\u0027 not found"}
[qtp644479171-100] INFO  - REQUEST: GET http://localhost:8888/api/1.0/account/765
[qtp644479171-100] INFO  - RESPONSE: 404 {"status":"404","message":"Account with id \u0027765\u0027 not found"}
[qtp644479171-73] INFO  - REQUEST: GET http://localhost:8888/api/1.0/account/766
[qtp644479171-73] INFO  - RESPONSE: 404 {"status":"404","message":"Account with id \u0027766\u0027 not found"}
[qtp644479171-98] INFO  - REQUEST: GET http://localhost:8888/api/1.0/account/767
[qtp644479171-98] INFO  - RESPONSE: 404 {"status":"404","message":"Account with id \u0027767\u0027 not found"}
[qtp644479171-100] INFO  - REQUEST: GET http://localhost:8888/api/1.0/account/768
[qtp644479171-100] INFO  - RESPONSE: 404 {"status":"404","message":"Account with id \u0027768\u0027 not found"}
[qtp644479171-98] INFO  - REQUEST: GET http://localhost:8888/api/1.0/account/728
[qtp644479171-98] INFO  - RESPONSE: 404 {"status":"404","message":"Account with id \u0027728\u0027 not found"}
[qtp644479171-73] INFO  - REQUEST: GET http://localhost:8888/api/1.0/account/769
[qtp644479171-73] INFO  - RESPONSE: 404 {"status":"404","message":"Account with id \u0027769\u0027 not found"}
[qtp644479171-99] INFO  - REQUEST: GET http://localhost:8888/api/1.0/account/759
[qtp644479171-99] INFO  - RESPONSE: 404 {"status":"404","message":"Account with id \u0027759\u0027 not found"}
[qtp644479171-100] INFO  - REQUEST: GET http://localhost:8888/api/1.0/account/770
[qtp644479171-100] INFO  - RESPONSE: 404 {"status":"404","message":"Account with id \u0027770\u0027 not found"}
[qtp644479171-75] INFO  - REQUEST: GET http://localhost:8888/api/1.0/account/772
[qtp644479171-75] INFO  - RESPONSE: 404 {"status":"404","message":"Account with id \u0027772\u0027 not found"}
[qtp644479171-100] INFO  - REQUEST: GET http://localhost:8888/api/1.0/account/773
[qtp644479171-100] INFO  - RESPONSE: 404 {"status":"404","message":"Account with id \u0027773\u0027 not found"}
[qtp644479171-93] INFO  - REQUEST: GET http://localhost:8888/api/1.0/account/774
[qtp644479171-93] INFO  - RESPONSE: 404 {"status":"404","message":"Account with id \u0027774\u0027 not found"}
[qtp644479171-100] INFO  - REQUEST: GET http://localhost:8888/api/1.0/account/777
[qtp644479171-100] INFO  - RESPONSE: 404 {"status":"404","message":"Account with id \u0027777\u0027 not found"}
[qtp644479171-93] INFO  - REQUEST: GET http://localhost:8888/api/1.0/account/771
[qtp644479171-93] INFO  - RESPONSE: 404 {"status":"404","message":"Account with id \u0027771\u0027 not found"}
[qtp644479171-75] INFO  - REQUEST: GET http://localhost:8888/api/1.0/account/775
[qtp644479171-75] INFO  - RESPONSE: 404 {"status":"404","message":"Account with id \u0027775\u0027 not found"}
[qtp644479171-73] INFO  - REQUEST: GET http://localhost:8888/api/1.0/account/776
[qtp644479171-73] INFO  - RESPONSE: 404 {"status":"404","message":"Account with id \u0027776\u0027 not found"}
[qtp644479171-100] INFO  - REQUEST: GET http://localhost:8888/api/1.0/account/779
[qtp644479171-100] INFO  - RESPONSE: 404 {"status":"404","message":"Account with id \u0027779\u0027 not found"}
[qtp644479171-73] INFO  - REQUEST: GET http://localhost:8888/api/1.0/account/780
[qtp644479171-73] INFO  - RESPONSE: 404 {"status":"404","message":"Account with id \u0027780\u0027 not found"}
[qtp644479171-75] INFO  - REQUEST: GET http://localhost:8888/api/1.0/account/778
[qtp644479171-75] INFO  - RESPONSE: 404 {"status":"404","message":"Account with id \u0027778\u0027 not found"}
[qtp644479171-100] INFO  - REQUEST: GET http://localhost:8888/api/1.0/account/726
[qtp644479171-73] INFO  - REQUEST: GET http://localhost:8888/api/1.0/account/781
[qtp644479171-100] INFO  - RESPONSE: 404 {"status":"404","message":"Account with id \u0027726\u0027 not found"}
[qtp644479171-73] INFO  - RESPONSE: 404 {"status":"404","message":"Account with id \u0027781\u0027 not found"}
[qtp644479171-75] INFO  - REQUEST: GET http://localhost:8888/api/1.0/account/782
[qtp644479171-75] INFO  - RESPONSE: 404 {"status":"404","message":"Account with id \u0027782\u0027 not found"}
[qtp644479171-98] INFO  - REQUEST: GET http://localhost:8888/api/1.0/account/783
[qtp644479171-98] INFO  - RESPONSE: 404 {"status":"404","message":"Account with id \u0027783\u0027 not found"}
[qtp644479171-73] INFO  - REQUEST: GET http://localhost:8888/api/1.0/account/784
[qtp644479171-73] INFO  - RESPONSE: 404 {"status":"404","message":"Account with id \u0027784\u0027 not found"}
[qtp644479171-98] INFO  - REQUEST: GET http://localhost:8888/api/1.0/account/786
[qtp644479171-98] INFO  - RESPONSE: 404 {"status":"404","message":"Account with id \u0027786\u0027 not found"}
[qtp644479171-100] INFO  - REQUEST: GET http://localhost:8888/api/1.0/account/787
[qtp644479171-100] INFO  - RESPONSE: 404 {"status":"404","message":"Account with id \u0027787\u0027 not found"}
[qtp644479171-75] INFO  - REQUEST: GET http://localhost:8888/api/1.0/account/785
[qtp644479171-75] INFO  - RESPONSE: 404 {"status":"404","message":"Account with id \u0027785\u0027 not found"}
[qtp644479171-100] INFO  - REQUEST: GET http://localhost:8888/api/1.0/account/788
[qtp644479171-100] INFO  - RESPONSE: 404 {"status":"404","message":"Account with id \u0027788\u0027 not found"}
[qtp644479171-73] INFO  - REQUEST: GET http://localhost:8888/api/1.0/account/789
[qtp644479171-73] INFO  - RESPONSE: 404 {"status":"404","message":"Account with id \u0027789\u0027 not found"}
[qtp644479171-93] INFO  - REQUEST: GET http://localhost:8888/api/1.0/account/793
[qtp644479171-93] INFO  - RESPONSE: 404 {"status":"404","message":"Account with id \u0027793\u0027 not found"}
[qtp644479171-73] INFO  - REQUEST: GET http://localhost:8888/api/1.0/account/794
[qtp644479171-73] INFO  - RESPONSE: 404 {"status":"404","message":"Account with id \u0027794\u0027 not found"}
[qtp644479171-73] INFO  - REQUEST: GET http://localhost:8888/api/1.0/account/798
[qtp644479171-73] INFO  - RESPONSE: 404 {"status":"404","message":"Account with id \u0027798\u0027 not found"}
[qtp644479171-75] INFO  - REQUEST: GET http://localhost:8888/api/1.0/account/796
[qtp644479171-75] INFO  - RESPONSE: 404 {"status":"404","message":"Account with id \u0027796\u0027 not found"}
[qtp644479171-93] INFO  - REQUEST: GET http://localhost:8888/api/1.0/account/799
[qtp644479171-73] INFO  - REQUEST: GET http://localhost:8888/api/1.0/account/797
[qtp644479171-93] INFO  - RESPONSE: 404 {"status":"404","message":"Account with id \u0027799\u0027 not found"}
[qtp644479171-73] INFO  - RESPONSE: 404 {"status":"404","message":"Account with id \u0027797\u0027 not found"}
[qtp644479171-75] INFO  - REQUEST: GET http://localhost:8888/api/1.0/account/800
[qtp644479171-75] INFO  - RESPONSE: 404 {"status":"404","message":"Account with id \u0027800\u0027 not found"}
[qtp644479171-73] INFO  - REQUEST: GET http://localhost:8888/api/1.0/account/790
[qtp644479171-73] INFO  - RESPONSE: 404 {"status":"404","message":"Account with id \u0027790\u0027 not found"}
[qtp644479171-93] INFO  - REQUEST: GET http://localhost:8888/api/1.0/account/792
[qtp644479171-93] INFO  - RESPONSE: 404 {"status":"404","message":"Account with id \u0027792\u0027 not found"}
[qtp644479171-98] INFO  - REQUEST: GET http://localhost:8888/api/1.0/account/802
[qtp644479171-98] INFO  - RESPONSE: 404 {"status":"404","message":"Account with id \u0027802\u0027 not found"}
[qtp644479171-100] INFO  - REQUEST: GET http://localhost:8888/api/1.0/account/791
[qtp644479171-100] INFO  - RESPONSE: 404 {"status":"404","message":"Account with id \u0027791\u0027 not found"}
[qtp644479171-93] INFO  - REQUEST: GET http://localhost:8888/api/1.0/account/804
[qtp644479171-93] INFO  - RESPONSE: 404 {"status":"404","message":"Account with id \u0027804\u0027 not found"}
[qtp644479171-98] INFO  - REQUEST: GET http://localhost:8888/api/1.0/account/801
[qtp644479171-98] INFO  - RESPONSE: 404 {"status":"404","message":"Account with id \u0027801\u0027 not found"}
[qtp644479171-93] INFO  - REQUEST: GET http://localhost:8888/api/1.0/account/803
[qtp644479171-93] INFO  - RESPONSE: 404 {"status":"404","message":"Account with id \u0027803\u0027 not found"}
[qtp644479171-100] INFO  - REQUEST: GET http://localhost:8888/api/1.0/account/805
[qtp644479171-100] INFO  - RESPONSE: 404 {"status":"404","message":"Account with id \u0027805\u0027 not found"}
[qtp644479171-93] INFO  - REQUEST: GET http://localhost:8888/api/1.0/account/807
[qtp644479171-93] INFO  - RESPONSE: 404 {"status":"404","message":"Account with id \u0027807\u0027 not found"}
[qtp644479171-73] INFO  - REQUEST: GET http://localhost:8888/api/1.0/account/806
[qtp644479171-73] INFO  - RESPONSE: 404 {"status":"404","message":"Account with id \u0027806\u0027 not found"}
[qtp644479171-98] INFO  - REQUEST: GET http://localhost:8888/api/1.0/account/808
[qtp644479171-98] INFO  - RESPONSE: 404 {"status":"404","message":"Account with id \u0027808\u0027 not found"}
[qtp644479171-100] INFO  - REQUEST: GET http://localhost:8888/api/1.0/account/810
[qtp644479171-100] INFO  - RESPONSE: 404 {"status":"404","message":"Account with id \u0027810\u0027 not found"}
[qtp644479171-93] INFO  - REQUEST: GET http://localhost:8888/api/1.0/account/812
[qtp644479171-93] INFO  - RESPONSE: 404 {"status":"404","message":"Account with id \u0027812\u0027 not found"}
[qtp644479171-73] INFO  - REQUEST: GET http://localhost:8888/api/1.0/account/811
[qtp644479171-73] INFO  - RESPONSE: 404 {"status":"404","message":"Account with id \u0027811\u0027 not found"}
[qtp644479171-98] INFO  - REQUEST: GET http://localhost:8888/api/1.0/account/813
[qtp644479171-98] INFO  - RESPONSE: 404 {"status":"404","message":"Account with id \u0027813\u0027 not found"}
[qtp644479171-73] INFO  - REQUEST: GET http://localhost:8888/api/1.0/account/809
[qtp644479171-73] INFO  - RESPONSE: 404 {"status":"404","message":"Account with id \u0027809\u0027 not found"}
[qtp644479171-100] INFO  - REQUEST: GET http://localhost:8888/api/1.0/account/815
[qtp644479171-100] INFO  - RESPONSE: 404 {"status":"404","message":"Account with id \u0027815\u0027 not found"}
[qtp644479171-98] INFO  - REQUEST: GET http://localhost:8888/api/1.0/account/817
[qtp644479171-73] INFO  - REQUEST: GET http://localhost:8888/api/1.0/account/816
[qtp644479171-98] INFO  - RESPONSE: 404 {"status":"404","message":"Account with id \u0027817\u0027 not found"}
[qtp644479171-73] INFO  - RESPONSE: 404 {"status":"404","message":"Account with id \u0027816\u0027 not found"}
[qtp644479171-93] INFO  - REQUEST: GET http://localhost:8888/api/1.0/account/818
[qtp644479171-93] INFO  - RESPONSE: 404 {"status":"404","message":"Account with id \u0027818\u0027 not found"}
[qtp644479171-100] INFO  - REQUEST: GET http://localhost:8888/api/1.0/account/819
[qtp644479171-100] INFO  - RESPONSE: 404 {"status":"404","message":"Account with id \u0027819\u0027 not found"}
[qtp644479171-98] INFO  - REQUEST: GET http://localhost:8888/api/1.0/account/795
[qtp644479171-98] INFO  - RESPONSE: 404 {"status":"404","message":"Account with id \u0027795\u0027 not found"}
[qtp644479171-73] INFO  - REQUEST: GET http://localhost:8888/api/1.0/account/825
[qtp644479171-73] INFO  - RESPONSE: 404 {"status":"404","message":"Account with id \u0027825\u0027 not found"}
[qtp644479171-100] INFO  - REQUEST: GET http://localhost:8888/api/1.0/account/823
[qtp644479171-100] INFO  - RESPONSE: 404 {"status":"404","message":"Account with id \u0027823\u0027 not found"}
[qtp644479171-98] INFO  - REQUEST: GET http://localhost:8888/api/1.0/account/824
[qtp644479171-98] INFO  - RESPONSE: 404 {"status":"404","message":"Account with id \u0027824\u0027 not found"}
[qtp644479171-93] INFO  - REQUEST: GET http://localhost:8888/api/1.0/account/826
[qtp644479171-93] INFO  - RESPONSE: 404 {"status":"404","message":"Account with id \u0027826\u0027 not found"}
[qtp644479171-73] INFO  - REQUEST: GET http://localhost:8888/api/1.0/account/828
[qtp644479171-93] INFO  - REQUEST: GET http://localhost:8888/api/1.0/account/827
[qtp644479171-73] INFO  - RESPONSE: 404 {"status":"404","message":"Account with id \u0027828\u0027 not found"}
[qtp644479171-93] INFO  - RESPONSE: 404 {"status":"404","message":"Account with id \u0027827\u0027 not found"}
[qtp644479171-98] INFO  - REQUEST: GET http://localhost:8888/api/1.0/account/829
[qtp644479171-98] INFO  - RESPONSE: 404 {"status":"404","message":"Account with id \u0027829\u0027 not found"}
[qtp644479171-93] INFO  - REQUEST: GET http://localhost:8888/api/1.0/account/830
[qtp644479171-93] INFO  - RESPONSE: 404 {"status":"404","message":"Account with id \u0027830\u0027 not found"}
[qtp644479171-93] INFO  - REQUEST: GET http://localhost:8888/api/1.0/account/833
[qtp644479171-100] INFO  - REQUEST: GET http://localhost:8888/api/1.0/account/832
[qtp644479171-93] INFO  - RESPONSE: 404 {"status":"404","message":"Account with id \u0027833\u0027 not found"}
[qtp644479171-100] INFO  - RESPONSE: 404 {"status":"404","message":"Account with id \u0027832\u0027 not found"}
[qtp644479171-93] INFO  - REQUEST: GET http://localhost:8888/api/1.0/account/835
[qtp644479171-93] INFO  - RESPONSE: 404 {"status":"404","message":"Account with id \u0027835\u0027 not found"}
[qtp644479171-100] INFO  - REQUEST: GET http://localhost:8888/api/1.0/account/836
[qtp644479171-98] INFO  - REQUEST: GET http://localhost:8888/api/1.0/account/831
[qtp644479171-100] INFO  - RESPONSE: 404 {"status":"404","message":"Account with id \u0027836\u0027 not found"}
[qtp644479171-98] INFO  - RESPONSE: 404 {"status":"404","message":"Account with id \u0027831\u0027 not found"}
[qtp644479171-73] INFO  - REQUEST: GET http://localhost:8888/api/1.0/account/762
[qtp644479171-73] INFO  - RESPONSE: 404 {"status":"404","message":"Account with id \u0027762\u0027 not found"}
[qtp644479171-75] INFO  - REQUEST: GET http://localhost:8888/api/1.0/account/837
[qtp644479171-75] INFO  - RESPONSE: 404 {"status":"404","message":"Account with id \u0027837\u0027 not found"}
[qtp644479171-93] INFO  - REQUEST: GET http://localhost:8888/api/1.0/account/834
[qtp644479171-93] INFO  - RESPONSE: 404 {"status":"404","message":"Account with id \u0027834\u0027 not found"}
[qtp644479171-73] INFO  - REQUEST: GET http://localhost:8888/api/1.0/account/838
[qtp644479171-73] INFO  - RESPONSE: 404 {"status":"404","message":"Account with id \u0027838\u0027 not found"}
[qtp644479171-75] INFO  - REQUEST: GET http://localhost:8888/api/1.0/account/839
[qtp644479171-75] INFO  - RESPONSE: 404 {"status":"404","message":"Account with id \u0027839\u0027 not found"}
[qtp644479171-93] INFO  - REQUEST: GET http://localhost:8888/api/1.0/account/840
[qtp644479171-93] INFO  - RESPONSE: 404 {"status":"404","message":"Account with id \u0027840\u0027 not found"}
[qtp644479171-75] INFO  - REQUEST: GET http://localhost:8888/api/1.0/account/842
[qtp644479171-73] INFO  - REQUEST: GET http://localhost:8888/api/1.0/account/841
[qtp644479171-75] INFO  - RESPONSE: 404 {"status":"404","message":"Account with id \u0027842\u0027 not found"}
[qtp644479171-73] INFO  - RESPONSE: 404 {"status":"404","message":"Account with id \u0027841\u0027 not found"}
[qtp644479171-98] INFO  - REQUEST: GET http://localhost:8888/api/1.0/account/843
[qtp644479171-98] INFO  - RESPONSE: 404 {"status":"404","message":"Account with id \u0027843\u0027 not found"}
[qtp644479171-73] INFO  - REQUEST: GET http://localhost:8888/api/1.0/account/845
[qtp644479171-93] INFO  - REQUEST: GET http://localhost:8888/api/1.0/account/844
[qtp644479171-73] INFO  - RESPONSE: 404 {"status":"404","message":"Account with id \u0027845\u0027 not found"}
[qtp644479171-93] INFO  - RESPONSE: 404 {"status":"404","message":"Account with id \u0027844\u0027 not found"}
[qtp644479171-75] INFO  - REQUEST: GET http://localhost:8888/api/1.0/account/847
[qtp644479171-75] INFO  - RESPONSE: 404 {"status":"404","message":"Account with id \u0027847\u0027 not found"}
[qtp644479171-98] INFO  - REQUEST: GET http://localhost:8888/api/1.0/account/846
[qtp644479171-98] INFO  - RESPONSE: 404 {"status":"404","message":"Account with id \u0027846\u0027 not found"}
[qtp644479171-75] INFO  - REQUEST: GET http://localhost:8888/api/1.0/account/848
[qtp644479171-75] INFO  - RESPONSE: 404 {"status":"404","message":"Account with id \u0027848\u0027 not found"}
[qtp644479171-98] INFO  - REQUEST: GET http://localhost:8888/api/1.0/account/850
[qtp644479171-98] INFO  - RESPONSE: 404 {"status":"404","message":"Account with id \u0027850\u0027 not found"}
[qtp644479171-73] INFO  - REQUEST: GET http://localhost:8888/api/1.0/account/849
[qtp644479171-73] INFO  - RESPONSE: 404 {"status":"404","message":"Account with id \u0027849\u0027 not found"}
[qtp644479171-75] INFO  - REQUEST: GET http://localhost:8888/api/1.0/account/851
[qtp644479171-75] INFO  - RESPONSE: 404 {"status":"404","message":"Account with id \u0027851\u0027 not found"}
[qtp644479171-93] INFO  - REQUEST: GET http://localhost:8888/api/1.0/account/852
[qtp644479171-93] INFO  - RESPONSE: 404 {"status":"404","message":"Account with id \u0027852\u0027 not found"}
[qtp644479171-73] INFO  - REQUEST: GET http://localhost:8888/api/1.0/account/853
[qtp644479171-73] INFO  - RESPONSE: 404 {"status":"404","message":"Account with id \u0027853\u0027 not found"}
[qtp644479171-93] INFO  - REQUEST: GET http://localhost:8888/api/1.0/account/854
[qtp644479171-93] INFO  - RESPONSE: 404 {"status":"404","message":"Account with id \u0027854\u0027 not found"}
[qtp644479171-73] INFO  - REQUEST: GET http://localhost:8888/api/1.0/account/855
[qtp644479171-75] INFO  - REQUEST: GET http://localhost:8888/api/1.0/account/856
[qtp644479171-73] INFO  - RESPONSE: 404 {"status":"404","message":"Account with id \u0027855\u0027 not found"}
[qtp644479171-75] INFO  - RESPONSE: 404 {"status":"404","message":"Account with id \u0027856\u0027 not found"}
[qtp644479171-93] INFO  - REQUEST: GET http://localhost:8888/api/1.0/account/857
[qtp644479171-93] INFO  - RESPONSE: 404 {"status":"404","message":"Account with id \u0027857\u0027 not found"}
[qtp644479171-98] INFO  - REQUEST: GET http://localhost:8888/api/1.0/account/858
[qtp644479171-98] INFO  - RESPONSE: 404 {"status":"404","message":"Account with id \u0027858\u0027 not found"}
[qtp644479171-75] INFO  - REQUEST: GET http://localhost:8888/api/1.0/account/859
[qtp644479171-75] INFO  - RESPONSE: 404 {"status":"404","message":"Account with id \u0027859\u0027 not found"}
[qtp644479171-93] INFO  - REQUEST: GET http://localhost:8888/api/1.0/account/860
[qtp644479171-93] INFO  - RESPONSE: 404 {"status":"404","message":"Account with id \u0027860\u0027 not found"}
[qtp644479171-93] INFO  - REQUEST: GET http://localhost:8888/api/1.0/account/863
[qtp644479171-98] INFO  - REQUEST: GET http://localhost:8888/api/1.0/account/862
[qtp644479171-93] INFO  - RESPONSE: 404 {"status":"404","message":"Account with id \u0027863\u0027 not found"}
[qtp644479171-98] INFO  - RESPONSE: 404 {"status":"404","message":"Account with id \u0027862\u0027 not found"}
[qtp644479171-75] INFO  - REQUEST: GET http://localhost:8888/api/1.0/account/861
[qtp644479171-75] INFO  - RESPONSE: 404 {"status":"404","message":"Account with id \u0027861\u0027 not found"}
[qtp644479171-73] INFO  - REQUEST: GET http://localhost:8888/api/1.0/account/864
[qtp644479171-73] INFO  - RESPONSE: 404 {"status":"404","message":"Account with id \u0027864\u0027 not found"}
[qtp644479171-98] INFO  - REQUEST: GET http://localhost:8888/api/1.0/account/867
[qtp644479171-98] INFO  - RESPONSE: 404 {"status":"404","message":"Account with id \u0027867\u0027 not found"}
[qtp644479171-75] INFO  - REQUEST: GET http://localhost:8888/api/1.0/account/868
[qtp644479171-75] INFO  - RESPONSE: 404 {"status":"404","message":"Account with id \u0027868\u0027 not found"}
[qtp644479171-98] INFO  - REQUEST: GET http://localhost:8888/api/1.0/account/866
[qtp644479171-93] INFO  - REQUEST: GET http://localhost:8888/api/1.0/account/870
[qtp644479171-98] INFO  - RESPONSE: 404 {"status":"404","message":"Account with id \u0027866\u0027 not found"}
[qtp644479171-93] INFO  - RESPONSE: 404 {"status":"404","message":"Account with id \u0027870\u0027 not found"}
[qtp644479171-73] INFO  - REQUEST: GET http://localhost:8888/api/1.0/account/869
[qtp644479171-73] INFO  - RESPONSE: 404 {"status":"404","message":"Account with id \u0027869\u0027 not found"}
[qtp644479171-93] INFO  - REQUEST: GET http://localhost:8888/api/1.0/account/865
[qtp644479171-93] INFO  - RESPONSE: 404 {"status":"404","message":"Account with id \u0027865\u0027 not found"}
[qtp644479171-100] INFO  - REQUEST: GET http://localhost:8888/api/1.0/account/873
[qtp644479171-73] INFO  - REQUEST: GET http://localhost:8888/api/1.0/account/872
[qtp644479171-100] INFO  - RESPONSE: 404 {"status":"404","message":"Account with id \u0027873\u0027 not found"}
[qtp644479171-73] INFO  - RESPONSE: 404 {"status":"404","message":"Account with id \u0027872\u0027 not found"}
[qtp644479171-98] INFO  - REQUEST: GET http://localhost:8888/api/1.0/account/875
[qtp644479171-75] INFO  - REQUEST: GET http://localhost:8888/api/1.0/account/874
[qtp644479171-98] INFO  - RESPONSE: 404 {"status":"404","message":"Account with id \u0027875\u0027 not found"}
[qtp644479171-75] INFO  - RESPONSE: 404 {"status":"404","message":"Account with id \u0027874\u0027 not found"}
[qtp644479171-100] INFO  - REQUEST: GET http://localhost:8888/api/1.0/account/871
[qtp644479171-100] INFO  - RESPONSE: 404 {"status":"404","message":"Account with id \u0027871\u0027 not found"}
[qtp644479171-75] INFO  - REQUEST: GET http://localhost:8888/api/1.0/account/877
[qtp644479171-75] INFO  - RESPONSE: 404 {"status":"404","message":"Account with id \u0027877\u0027 not found"}
[qtp644479171-73] INFO  - REQUEST: GET http://localhost:8888/api/1.0/account/876
[qtp644479171-73] INFO  - RESPONSE: 404 {"status":"404","message":"Account with id \u0027876\u0027 not found"}
[qtp644479171-100] INFO  - REQUEST: GET http://localhost:8888/api/1.0/account/878
[qtp644479171-100] INFO  - RESPONSE: 404 {"status":"404","message":"Account with id \u0027878\u0027 not found"}
[qtp644479171-98] INFO  - REQUEST: GET http://localhost:8888/api/1.0/account/879
[qtp644479171-98] INFO  - RESPONSE: 404 {"status":"404","message":"Account with id \u0027879\u0027 not found"}
[qtp644479171-93] INFO  - REQUEST: GET http://localhost:8888/api/1.0/account/881
[qtp644479171-93] INFO  - RESPONSE: 404 {"status":"404","message":"Account with id \u0027881\u0027 not found"}
[qtp644479171-100] INFO  - REQUEST: GET http://localhost:8888/api/1.0/account/880
[qtp644479171-100] INFO  - RESPONSE: 404 {"status":"404","message":"Account with id \u0027880\u0027 not found"}
[qtp644479171-98] INFO  - REQUEST: GET http://localhost:8888/api/1.0/account/882
[qtp644479171-98] INFO  - RESPONSE: 404 {"status":"404","message":"Account with id \u0027882\u0027 not found"}
[qtp644479171-100] INFO  - REQUEST: GET http://localhost:8888/api/1.0/account/885
[qtp644479171-93] INFO  - REQUEST: GET http://localhost:8888/api/1.0/account/884
[qtp644479171-93] INFO  - RESPONSE: 404 {"status":"404","message":"Account with id \u0027884\u0027 not found"}
[qtp644479171-100] INFO  - RESPONSE: 404 {"status":"404","message":"Account with id \u0027885\u0027 not found"}
[qtp644479171-98] INFO  - REQUEST: GET http://localhost:8888/api/1.0/account/822
[qtp644479171-98] INFO  - RESPONSE: 404 {"status":"404","message":"Account with id \u0027822\u0027 not found"}
[qtp644479171-100] INFO  - REQUEST: GET http://localhost:8888/api/1.0/account/820
[qtp644479171-100] INFO  - RESPONSE: 404 {"status":"404","message":"Account with id \u0027820\u0027 not found"}
[qtp644479171-75] INFO  - REQUEST: GET http://localhost:8888/api/1.0/account/891
[qtp644479171-75] INFO  - RESPONSE: 404 {"status":"404","message":"Account with id \u0027891\u0027 not found"}
[qtp644479171-98] INFO  - REQUEST: GET http://localhost:8888/api/1.0/account/883
[qtp644479171-98] INFO  - RESPONSE: 404 {"status":"404","message":"Account with id \u0027883\u0027 not found"}
[qtp644479171-100] INFO  - REQUEST: GET http://localhost:8888/api/1.0/account/892
[qtp644479171-100] INFO  - RESPONSE: 404 {"status":"404","message":"Account with id \u0027892\u0027 not found"}
[qtp644479171-100] INFO  - REQUEST: GET http://localhost:8888/api/1.0/account/893
[qtp644479171-100] INFO  - RESPONSE: 404 {"status":"404","message":"Account with id \u0027893\u0027 not found"}
[qtp644479171-75] INFO  - REQUEST: GET http://localhost:8888/api/1.0/account/894
[qtp644479171-75] INFO  - RESPONSE: 404 {"status":"404","message":"Account with id \u0027894\u0027 not found"}
[qtp644479171-98] INFO  - REQUEST: GET http://localhost:8888/api/1.0/account/896
[qtp644479171-98] INFO  - RESPONSE: 404 {"status":"404","message":"Account with id \u0027896\u0027 not found"}
[qtp644479171-100] INFO  - REQUEST: GET http://localhost:8888/api/1.0/account/890
[qtp644479171-100] INFO  - RESPONSE: 404 {"status":"404","message":"Account with id \u0027890\u0027 not found"}
[qtp644479171-75] INFO  - REQUEST: GET http://localhost:8888/api/1.0/account/897
[qtp644479171-75] INFO  - RESPONSE: 404 {"status":"404","message":"Account with id \u0027897\u0027 not found"}
[qtp644479171-98] INFO  - REQUEST: GET http://localhost:8888/api/1.0/account/814
[qtp644479171-98] INFO  - RESPONSE: 404 {"status":"404","message":"Account with id \u0027814\u0027 not found"}
[qtp644479171-93] INFO  - REQUEST: GET http://localhost:8888/api/1.0/account/895
[qtp644479171-93] INFO  - RESPONSE: 404 {"status":"404","message":"Account with id \u0027895\u0027 not found"}
[qtp644479171-73] INFO  - REQUEST: GET http://localhost:8888/api/1.0/account/898
[qtp644479171-73] INFO  - RESPONSE: 404 {"status":"404","message":"Account with id \u0027898\u0027 not found"}
[qtp644479171-100] INFO  - REQUEST: GET http://localhost:8888/api/1.0/account/899
[qtp644479171-100] INFO  - RESPONSE: 404 {"status":"404","message":"Account with id \u0027899\u0027 not found"}
[qtp644479171-93] INFO  - REQUEST: GET http://localhost:8888/api/1.0/account/902
[qtp644479171-93] INFO  - RESPONSE: 404 {"status":"404","message":"Account with id \u0027902\u0027 not found"}
[qtp644479171-73] INFO  - REQUEST: GET http://localhost:8888/api/1.0/account/903
[qtp644479171-73] INFO  - RESPONSE: 404 {"status":"404","message":"Account with id \u0027903\u0027 not found"}
[qtp644479171-98] INFO  - REQUEST: GET http://localhost:8888/api/1.0/account/905
[qtp644479171-93] INFO  - REQUEST: GET http://localhost:8888/api/1.0/account/904
[qtp644479171-93] INFO  - RESPONSE: 404 {"status":"404","message":"Account with id \u0027904\u0027 not found"}
[qtp644479171-100] INFO  - REQUEST: GET http://localhost:8888/api/1.0/account/901
[qtp644479171-98] INFO  - RESPONSE: 404 {"status":"404","message":"Account with id \u0027905\u0027 not found"}
[qtp644479171-100] INFO  - RESPONSE: 404 {"status":"404","message":"Account with id \u0027901\u0027 not found"}
[qtp644479171-75] INFO  - REQUEST: GET http://localhost:8888/api/1.0/account/900
[qtp644479171-75] INFO  - RESPONSE: 404 {"status":"404","message":"Account with id \u0027900\u0027 not found"}
[qtp644479171-100] INFO  - REQUEST: GET http://localhost:8888/api/1.0/account/907
[qtp644479171-100] INFO  - RESPONSE: 404 {"status":"404","message":"Account with id \u0027907\u0027 not found"}
[qtp644479171-73] INFO  - REQUEST: GET http://localhost:8888/api/1.0/account/906
[qtp644479171-73] INFO  - RESPONSE: 404 {"status":"404","message":"Account with id \u0027906\u0027 not found"}
[qtp644479171-75] INFO  - REQUEST: GET http://localhost:8888/api/1.0/account/908
[qtp644479171-75] INFO  - RESPONSE: 404 {"status":"404","message":"Account with id \u0027908\u0027 not found"}
[qtp644479171-98] INFO  - REQUEST: GET http://localhost:8888/api/1.0/account/909
[qtp644479171-98] INFO  - RESPONSE: 404 {"status":"404","message":"Account with id \u0027909\u0027 not found"}
[qtp644479171-73] INFO  - REQUEST: GET http://localhost:8888/api/1.0/account/912
[qtp644479171-73] INFO  - RESPONSE: 404 {"status":"404","message":"Account with id \u0027912\u0027 not found"}
[qtp644479171-98] INFO  - REQUEST: GET http://localhost:8888/api/1.0/account/911
[qtp644479171-98] INFO  - RESPONSE: 404 {"status":"404","message":"Account with id \u0027911\u0027 not found"}
[qtp644479171-75] INFO  - REQUEST: GET http://localhost:8888/api/1.0/account/910
[qtp644479171-75] INFO  - RESPONSE: 404 {"status":"404","message":"Account with id \u0027910\u0027 not found"}
[qtp644479171-100] INFO  - REQUEST: GET http://localhost:8888/api/1.0/account/914
[qtp644479171-100] INFO  - RESPONSE: 404 {"status":"404","message":"Account with id \u0027914\u0027 not found"}
[qtp644479171-98] INFO  - REQUEST: GET http://localhost:8888/api/1.0/account/913
[qtp644479171-98] INFO  - RESPONSE: 404 {"status":"404","message":"Account with id \u0027913\u0027 not found"}
[qtp644479171-75] INFO  - REQUEST: GET http://localhost:8888/api/1.0/account/916
[qtp644479171-75] INFO  - RESPONSE: 404 {"status":"404","message":"Account with id \u0027916\u0027 not found"}
[qtp644479171-73] INFO  - REQUEST: GET http://localhost:8888/api/1.0/account/915
[qtp644479171-100] INFO  - REQUEST: GET http://localhost:8888/api/1.0/account/917
[qtp644479171-100] INFO  - RESPONSE: 404 {"status":"404","message":"Account with id \u0027917\u0027 not found"}
[qtp644479171-73] INFO  - RESPONSE: 404 {"status":"404","message":"Account with id \u0027915\u0027 not found"}
[qtp644479171-93] INFO  - REQUEST: GET http://localhost:8888/api/1.0/account/918
[qtp644479171-93] INFO  - RESPONSE: 404 {"status":"404","message":"Account with id \u0027918\u0027 not found"}
[qtp644479171-75] INFO  - REQUEST: GET http://localhost:8888/api/1.0/account/919
[qtp644479171-75] INFO  - RESPONSE: 404 {"status":"404","message":"Account with id \u0027919\u0027 not found"}
[qtp644479171-73] INFO  - REQUEST: GET http://localhost:8888/api/1.0/account/921
[qtp644479171-73] INFO  - RESPONSE: 404 {"status":"404","message":"Account with id \u0027921\u0027 not found"}
[qtp644479171-93] INFO  - REQUEST: GET http://localhost:8888/api/1.0/account/920
[qtp644479171-93] INFO  - RESPONSE: 404 {"status":"404","message":"Account with id \u0027920\u0027 not found"}
[qtp644479171-100] INFO  - REQUEST: GET http://localhost:8888/api/1.0/account/922
[qtp644479171-100] INFO  - RESPONSE: 404 {"status":"404","message":"Account with id \u0027922\u0027 not found"}
[qtp644479171-73] INFO  - REQUEST: GET http://localhost:8888/api/1.0/account/924
[qtp644479171-73] INFO  - RESPONSE: 404 {"status":"404","message":"Account with id \u0027924\u0027 not found"}
[qtp644479171-75] INFO  - REQUEST: GET http://localhost:8888/api/1.0/account/923
[qtp644479171-75] INFO  - RESPONSE: 404 {"status":"404","message":"Account with id \u0027923\u0027 not found"}
[qtp644479171-100] INFO  - REQUEST: GET http://localhost:8888/api/1.0/account/925
[qtp644479171-100] INFO  - RESPONSE: 404 {"status":"404","message":"Account with id \u0027925\u0027 not found"}
[qtp644479171-73] INFO  - REQUEST: GET http://localhost:8888/api/1.0/account/927
[qtp644479171-73] INFO  - RESPONSE: 404 {"status":"404","message":"Account with id \u0027927\u0027 not found"}
[qtp644479171-93] INFO  - REQUEST: GET http://localhost:8888/api/1.0/account/928
[qtp644479171-75] INFO  - REQUEST: GET http://localhost:8888/api/1.0/account/926
[qtp644479171-93] INFO  - RESPONSE: 404 {"status":"404","message":"Account with id \u0027928\u0027 not found"}
[qtp644479171-75] INFO  - RESPONSE: 404 {"status":"404","message":"Account with id \u0027926\u0027 not found"}
[qtp644479171-100] INFO  - REQUEST: GET http://localhost:8888/api/1.0/account/929
[qtp644479171-100] INFO  - RESPONSE: 404 {"status":"404","message":"Account with id \u0027929\u0027 not found"}
[qtp644479171-100] INFO  - REQUEST: GET http://localhost:8888/api/1.0/account/930
[qtp644479171-100] INFO  - RESPONSE: 404 {"status":"404","message":"Account with id \u0027930\u0027 not found"}
[qtp644479171-73] INFO  - REQUEST: GET http://localhost:8888/api/1.0/account/932
[qtp644479171-73] INFO  - RESPONSE: 404 {"status":"404","message":"Account with id \u0027932\u0027 not found"}
[qtp644479171-100] INFO  - REQUEST: GET http://localhost:8888/api/1.0/account/931
[qtp644479171-100] INFO  - RESPONSE: 404 {"status":"404","message":"Account with id \u0027931\u0027 not found"}
[qtp644479171-75] INFO  - REQUEST: GET http://localhost:8888/api/1.0/account/933
[qtp644479171-75] INFO  - RESPONSE: 404 {"status":"404","message":"Account with id \u0027933\u0027 not found"}
[qtp644479171-100] INFO  - REQUEST: GET http://localhost:8888/api/1.0/account/935
[qtp644479171-100] INFO  - RESPONSE: 404 {"status":"404","message":"Account with id \u0027935\u0027 not found"}
[qtp644479171-73] INFO  - REQUEST: GET http://localhost:8888/api/1.0/account/936
[qtp644479171-73] INFO  - RESPONSE: 404 {"status":"404","message":"Account with id \u0027936\u0027 not found"}
[qtp644479171-100] INFO  - REQUEST: GET http://localhost:8888/api/1.0/account/934
[qtp644479171-100] INFO  - RESPONSE: 404 {"status":"404","message":"Account with id \u0027934\u0027 not found"}
[qtp644479171-75] INFO  - REQUEST: GET http://localhost:8888/api/1.0/account/937
[qtp644479171-75] INFO  - RESPONSE: 404 {"status":"404","message":"Account with id \u0027937\u0027 not found"}
[qtp644479171-100] INFO  - REQUEST: GET http://localhost:8888/api/1.0/account/939
[qtp644479171-100] INFO  - RESPONSE: 404 {"status":"404","message":"Account with id \u0027939\u0027 not found"}
[qtp644479171-73] INFO  - REQUEST: GET http://localhost:8888/api/1.0/account/940
[qtp644479171-73] INFO  - RESPONSE: 404 {"status":"404","message":"Account with id \u0027940\u0027 not found"}
[qtp644479171-93] INFO  - REQUEST: GET http://localhost:8888/api/1.0/account/938
[qtp644479171-93] INFO  - RESPONSE: 404 {"status":"404","message":"Account with id \u0027938\u0027 not found"}
[qtp644479171-73] INFO  - REQUEST: GET http://localhost:8888/api/1.0/account/941
[qtp644479171-73] INFO  - RESPONSE: 404 {"status":"404","message":"Account with id \u0027941\u0027 not found"}
[qtp644479171-100] INFO  - REQUEST: GET http://localhost:8888/api/1.0/account/944
[qtp644479171-93] INFO  - REQUEST: GET http://localhost:8888/api/1.0/account/943
[qtp644479171-100] INFO  - RESPONSE: 404 {"status":"404","message":"Account with id \u0027944\u0027 not found"}
[qtp644479171-93] INFO  - RESPONSE: 404 {"status":"404","message":"Account with id \u0027943\u0027 not found"}
[qtp644479171-98] INFO  - REQUEST: GET http://localhost:8888/api/1.0/account/942
[qtp644479171-98] INFO  - RESPONSE: 404 {"status":"404","message":"Account with id \u0027942\u0027 not found"}
[qtp644479171-73] INFO  - REQUEST: GET http://localhost:8888/api/1.0/account/945
[qtp644479171-73] INFO  - RESPONSE: 404 {"status":"404","message":"Account with id \u0027945\u0027 not found"}
[qtp644479171-98] INFO  - REQUEST: GET http://localhost:8888/api/1.0/account/947
[qtp644479171-75] INFO  - REQUEST: GET http://localhost:8888/api/1.0/account/946
[qtp644479171-75] INFO  - RESPONSE: 404 {"status":"404","message":"Account with id \u0027946\u0027 not found"}
[qtp644479171-73] INFO  - REQUEST: GET http://localhost:8888/api/1.0/account/948
[qtp644479171-98] INFO  - RESPONSE: 404 {"status":"404","message":"Account with id \u0027947\u0027 not found"}
[qtp644479171-73] INFO  - RESPONSE: 404 {"status":"404","message":"Account with id \u0027948\u0027 not found"}
[qtp644479171-100] INFO  - REQUEST: GET http://localhost:8888/api/1.0/account/949
[qtp644479171-100] INFO  - RESPONSE: 404 {"status":"404","message":"Account with id \u0027949\u0027 not found"}
[qtp644479171-93] INFO  - REQUEST: GET http://localhost:8888/api/1.0/account/952
[qtp644479171-93] INFO  - RESPONSE: 404 {"status":"404","message":"Account with id \u0027952\u0027 not found"}
[qtp644479171-100] INFO  - REQUEST: GET http://localhost:8888/api/1.0/account/950
[qtp644479171-73] INFO  - REQUEST: GET http://localhost:8888/api/1.0/account/951
[qtp644479171-100] INFO  - RESPONSE: 404 {"status":"404","message":"Account with id \u0027950\u0027 not found"}
[qtp644479171-73] INFO  - RESPONSE: 404 {"status":"404","message":"Account with id \u0027951\u0027 not found"}
[qtp644479171-98] INFO  - REQUEST: GET http://localhost:8888/api/1.0/account/953
[qtp644479171-98] INFO  - RESPONSE: 404 {"status":"404","message":"Account with id \u0027953\u0027 not found"}
[qtp644479171-93] INFO  - REQUEST: GET http://localhost:8888/api/1.0/account/956
[qtp644479171-73] INFO  - REQUEST: GET http://localhost:8888/api/1.0/account/955
[qtp644479171-73] INFO  - RESPONSE: 404 {"status":"404","message":"Account with id \u0027955\u0027 not found"}
[qtp644479171-93] INFO  - RESPONSE: 404 {"status":"404","message":"Account with id \u0027956\u0027 not found"}
[qtp644479171-100] INFO  - REQUEST: GET http://localhost:8888/api/1.0/account/957
[qtp644479171-100] INFO  - RESPONSE: 404 {"status":"404","message":"Account with id \u0027957\u0027 not found"}
[qtp644479171-98] INFO  - REQUEST: GET http://localhost:8888/api/1.0/account/821
[qtp644479171-98] INFO  - RESPONSE: 404 {"status":"404","message":"Account with id \u0027821\u0027 not found"}
[qtp644479171-93] INFO  - REQUEST: GET http://localhost:8888/api/1.0/account/961
[qtp644479171-93] INFO  - RESPONSE: 404 {"status":"404","message":"Account with id \u0027961\u0027 not found"}
[qtp644479171-100] INFO  - REQUEST: GET http://localhost:8888/api/1.0/account/962
[qtp644479171-100] INFO  - RESPONSE: 404 {"status":"404","message":"Account with id \u0027962\u0027 not found"}
[qtp644479171-98] INFO  - REQUEST: GET http://localhost:8888/api/1.0/account/963
[qtp644479171-98] INFO  - RESPONSE: 404 {"status":"404","message":"Account with id \u0027963\u0027 not found"}
[qtp644479171-93] INFO  - REQUEST: GET http://localhost:8888/api/1.0/account/964
[qtp644479171-93] INFO  - RESPONSE: 404 {"status":"404","message":"Account with id \u0027964\u0027 not found"}
[qtp644479171-100] INFO  - REQUEST: GET http://localhost:8888/api/1.0/account/965
[qtp644479171-100] INFO  - RESPONSE: 404 {"status":"404","message":"Account with id \u0027965\u0027 not found"}
[qtp644479171-98] INFO  - REQUEST: GET http://localhost:8888/api/1.0/account/966
[qtp644479171-98] INFO  - RESPONSE: 404 {"status":"404","message":"Account with id \u0027966\u0027 not found"}
[qtp644479171-93] INFO  - REQUEST: GET http://localhost:8888/api/1.0/account/967
[qtp644479171-93] INFO  - RESPONSE: 404 {"status":"404","message":"Account with id \u0027967\u0027 not found"}
[qtp644479171-100] INFO  - REQUEST: GET http://localhost:8888/api/1.0/account/968
[qtp644479171-100] INFO  - RESPONSE: 404 {"status":"404","message":"Account with id \u0027968\u0027 not found"}
[qtp644479171-98] INFO  - REQUEST: GET http://localhost:8888/api/1.0/account/969
[qtp644479171-98] INFO  - RESPONSE: 404 {"status":"404","message":"Account with id \u0027969\u0027 not found"}
[qtp644479171-93] INFO  - REQUEST: GET http://localhost:8888/api/1.0/account/886
[qtp644479171-93] INFO  - RESPONSE: 404 {"status":"404","message":"Account with id \u0027886\u0027 not found"}
[qtp644479171-98] INFO  - REQUEST: GET http://localhost:8888/api/1.0/account/970
[qtp644479171-98] INFO  - RESPONSE: 404 {"status":"404","message":"Account with id \u0027970\u0027 not found"}
[qtp644479171-73] INFO  - REQUEST: GET http://localhost:8888/api/1.0/account/971
[qtp644479171-73] INFO  - RESPONSE: 404 {"status":"404","message":"Account with id \u0027971\u0027 not found"}
[qtp644479171-100] INFO  - REQUEST: GET http://localhost:8888/api/1.0/account/887
[qtp644479171-100] INFO  - RESPONSE: 404 {"status":"404","message":"Account with id \u0027887\u0027 not found"}
[qtp644479171-93] INFO  - REQUEST: GET http://localhost:8888/api/1.0/account/972
[qtp644479171-98] INFO  - REQUEST: GET http://localhost:8888/api/1.0/account/973
[qtp644479171-93] INFO  - RESPONSE: 404 {"status":"404","message":"Account with id \u0027972\u0027 not found"}
[qtp644479171-98] INFO  - RESPONSE: 404 {"status":"404","message":"Account with id \u0027973\u0027 not found"}
[qtp644479171-100] INFO  - REQUEST: GET http://localhost:8888/api/1.0/account/975
[qtp644479171-100] INFO  - RESPONSE: 404 {"status":"404","message":"Account with id \u0027975\u0027 not found"}
[qtp644479171-98] INFO  - REQUEST: GET http://localhost:8888/api/1.0/account/958
[qtp644479171-98] INFO  - RESPONSE: 404 {"status":"404","message":"Account with id \u0027958\u0027 not found"}
[qtp644479171-73] INFO  - REQUEST: GET http://localhost:8888/api/1.0/account/976
[qtp644479171-73] INFO  - RESPONSE: 404 {"status":"404","message":"Account with id \u0027976\u0027 not found"}
[qtp644479171-100] INFO  - REQUEST: GET http://localhost:8888/api/1.0/account/974
[qtp644479171-100] INFO  - RESPONSE: 404 {"status":"404","message":"Account with id \u0027974\u0027 not found"}
[qtp644479171-98] INFO  - REQUEST: GET http://localhost:8888/api/1.0/account/977
[qtp644479171-98] INFO  - RESPONSE: 404 {"status":"404","message":"Account with id \u0027977\u0027 not found"}
[qtp644479171-93] INFO  - REQUEST: GET http://localhost:8888/api/1.0/account/978
[qtp644479171-93] INFO  - RESPONSE: 404 {"status":"404","message":"Account with id \u0027978\u0027 not found"}
[qtp644479171-100] INFO  - REQUEST: GET http://localhost:8888/api/1.0/account/979
[qtp644479171-100] INFO  - RESPONSE: 404 {"status":"404","message":"Account with id \u0027979\u0027 not found"}
[qtp644479171-73] INFO  - REQUEST: GET http://localhost:8888/api/1.0/account/888
[qtp644479171-73] INFO  - RESPONSE: 404 {"status":"404","message":"Account with id \u0027888\u0027 not found"}
[qtp644479171-100] INFO  - REQUEST: GET http://localhost:8888/api/1.0/account/980
[qtp644479171-100] INFO  - RESPONSE: 404 {"status":"404","message":"Account with id \u0027980\u0027 not found"}
[qtp644479171-93] INFO  - REQUEST: GET http://localhost:8888/api/1.0/account/889
[qtp644479171-93] INFO  - RESPONSE: 404 {"status":"404","message":"Account with id \u0027889\u0027 not found"}
[qtp644479171-73] INFO  - REQUEST: GET http://localhost:8888/api/1.0/account/985
[qtp644479171-73] INFO  - RESPONSE: 404 {"status":"404","message":"Account with id \u0027985\u0027 not found"}
[qtp644479171-100] INFO  - REQUEST: GET http://localhost:8888/api/1.0/account/986
[qtp644479171-100] INFO  - RESPONSE: 404 {"status":"404","message":"Account with id \u0027986\u0027 not found"}
[qtp644479171-73] INFO  - REQUEST: GET http://localhost:8888/api/1.0/account/982
[qtp644479171-73] INFO  - RESPONSE: 404 {"status":"404","message":"Account with id \u0027982\u0027 not found"}
[qtp644479171-100] INFO  - REQUEST: GET http://localhost:8888/api/1.0/account/988
[qtp644479171-93] INFO  - REQUEST: GET http://localhost:8888/api/1.0/account/987
[qtp644479171-93] INFO  - RESPONSE: 404 {"status":"404","message":"Account with id \u0027987\u0027 not found"}
[qtp644479171-100] INFO  - RESPONSE: 404 {"status":"404","message":"Account with id \u0027988\u0027 not found"}
[qtp644479171-98] INFO  - REQUEST: GET http://localhost:8888/api/1.0/account/990
[qtp644479171-98] INFO  - RESPONSE: 404 {"status":"404","message":"Account with id \u0027990\u0027 not found"}
[qtp644479171-73] INFO  - REQUEST: GET http://localhost:8888/api/1.0/account/989
[qtp644479171-73] INFO  - RESPONSE: 404 {"status":"404","message":"Account with id \u0027989\u0027 not found"}
[qtp644479171-100] INFO  - REQUEST: GET http://localhost:8888/api/1.0/account/993
[qtp644479171-98] INFO  - REQUEST: GET http://localhost:8888/api/1.0/account/954
[qtp644479171-98] INFO  - RESPONSE: 404 {"status":"404","message":"Account with id \u0027954\u0027 not found"}
[qtp644479171-100] INFO  - RESPONSE: 404 {"status":"404","message":"Account with id \u0027993\u0027 not found"}
[qtp644479171-93] INFO  - REQUEST: GET http://localhost:8888/api/1.0/account/994
[qtp644479171-93] INFO  - RESPONSE: 404 {"status":"404","message":"Account with id \u0027994\u0027 not found"}
[qtp644479171-98] INFO  - REQUEST: GET http://localhost:8888/api/1.0/account/991
[qtp644479171-73] INFO  - REQUEST: GET http://localhost:8888/api/1.0/account/992
[qtp644479171-73] INFO  - RESPONSE: 404 {"status":"404","message":"Account with id \u0027992\u0027 not found"}
[qtp644479171-98] INFO  - RESPONSE: 404 {"status":"404","message":"Account with id \u0027991\u0027 not found"}
[qtp644479171-93] INFO  - REQUEST: GET http://localhost:8888/api/1.0/account/995
[qtp644479171-100] INFO  - REQUEST: GET http://localhost:8888/api/1.0/account/996
[qtp644479171-100] INFO  - RESPONSE: 404 {"status":"404","message":"Account with id \u0027996\u0027 not found"}
[qtp644479171-93] INFO  - RESPONSE: 404 {"status":"404","message":"Account with id \u0027995\u0027 not found"}
[qtp644479171-73] INFO  - REQUEST: GET http://localhost:8888/api/1.0/account/997
[qtp644479171-73] INFO  - RESPONSE: 404 {"status":"404","message":"Account with id \u0027997\u0027 not found"}
[qtp644479171-98] INFO  - REQUEST: GET http://localhost:8888/api/1.0/account/999
[qtp644479171-75] INFO  - REQUEST: GET http://localhost:8888/api/1.0/account/1000
[qtp644479171-98] INFO  - RESPONSE: 404 {"status":"404","message":"Account with id \u0027999\u0027 not found"}
[qtp644479171-75] INFO  - RESPONSE: 404 {"status":"404","message":"Account with id \u00271000\u0027 not found"}
[qtp644479171-73] INFO  - REQUEST: GET http://localhost:8888/api/1.0/account/998
[qtp644479171-73] INFO  - RESPONSE: 404 {"status":"404","message":"Account with id \u0027998\u0027 not found"}
[qtp644479171-75] INFO  - REQUEST: GET http://localhost:8888/api/1.0/account/983
[qtp644479171-75] INFO  - RESPONSE: 404 {"status":"404","message":"Account with id \u0027983\u0027 not found"}
[qtp644479171-73] INFO  - REQUEST: GET http://localhost:8888/api/1.0/account/959
[qtp644479171-73] INFO  - RESPONSE: 404 {"status":"404","message":"Account with id \u0027959\u0027 not found"}
[qtp644479171-93] INFO  - REQUEST: GET http://localhost:8888/api/1.0/account/981
[qtp644479171-93] INFO  - RESPONSE: 404 {"status":"404","message":"Account with id \u0027981\u0027 not found"}
[qtp644479171-73] INFO  - REQUEST: GET http://localhost:8888/api/1.0/account/960
[qtp644479171-73] INFO  - RESPONSE: 404 {"status":"404","message":"Account with id \u0027960\u0027 not found"}
[qtp644479171-75] INFO  - REQUEST: GET http://localhost:8888/api/1.0/account/984
[qtp644479171-75] INFO  - RESPONSE: 404 {"status":"404","message":"Account with id \u0027984\u0027 not found"}
[Thread-63] INFO spark.embeddedserver.jetty.EmbeddedJettyServer - >>> Spark shutting down ...
[Thread-63] INFO org.eclipse.jetty.server.AbstractConnector - Stopped ServerConnector@7aa93d21{HTTP/1.1,[http/1.1]}{0.0.0.0:8888}
[Thread-63] INFO org.eclipse.jetty.server.session - node0 Stopped scavenging
[Thread-63] INFO spark.embeddedserver.jetty.EmbeddedJettyServer - done
]]></system-err>
</testsuite>
