<?xml version="1.0" encoding="UTF-8"?>
<testsuite name="functional.ConcurrentMoneyTransferTest" tests="1" skipped="0" failures="0" errors="0" timestamp="2019-09-06T03:55:51" hostname="AR0FVFYR01DHV2J" time="0.375">
  <properties/>
  <testcase name="concurrentMoneyTransfersTest" classname="functional.ConcurrentMoneyTransferTest" time="0.375"/>
  <system-out><![CDATA[]]></system-out>
  <system-err><![CDATA[[Thread-65] WARN org.eclipse.jetty.server.AbstractConnector - Ignoring deprecated socket close linger time
[Thread-65] INFO spark.embeddedserver.jetty.EmbeddedJettyServer - == Spark has ignited ...
[Thread-65] INFO spark.embeddedserver.jetty.EmbeddedJettyServer - >> Listening on 0.0.0.0:8888
[Thread-65] INFO org.eclipse.jetty.server.Server - jetty-9.4.12.v20180830; built: 2018-08-30T13:59:14.071Z; git: 27208684755d94a92186989f695db2d7b21ebc51; jvm 11.0.3+12-b304.10
[Thread-65] INFO org.eclipse.jetty.server.session - DefaultSessionIdManager workerName=node0
[Thread-65] INFO org.eclipse.jetty.server.session - No SessionScavenger set, using defaults
[Thread-65] INFO org.eclipse.jetty.server.session - node0 Scavenging every 660000ms
[Thread-65] INFO org.eclipse.jetty.server.AbstractConnector - Started ServerConnector@de68176{HTTP/1.1,[http/1.1]}{0.0.0.0:8888}
[Thread-65] INFO org.eclipse.jetty.server.Server - Started @9130ms
[qtp1535619626-105] INFO  - REQUEST: POST http://localhost:8888/api/1.0/transaction/transfer {"transaction_amount":20,"source_account":"acA","target_account":"ac1"}
[qtp1535619626-109] INFO  - REQUEST: POST http://localhost:8888/api/1.0/transaction/transfer {"transaction_amount":20,"source_account":"acA","target_account":"ac1"}
[qtp1535619626-107] INFO  - REQUEST: POST http://localhost:8888/api/1.0/transaction/transfer {"transaction_amount":20,"source_account":"acA","target_account":"ac1"}
[qtp1535619626-110] INFO  - REQUEST: POST http://localhost:8888/api/1.0/transaction/transfer {"transaction_amount":20,"source_account":"acA","target_account":"ac1"}
[qtp1535619626-105] INFO  - RESPONSE: 200 {"id":"1","source_account":"acA","target_account":"ac1","status":"DONE","transaction_amount":20}
[qtp1535619626-105] INFO  - REQUEST: POST http://localhost:8888/api/1.0/transaction/transfer {"transaction_amount":20,"source_account":"acA","target_account":"ac1"}
[qtp1535619626-105] INFO  - RESPONSE: 200 {"id":"3","source_account":"acA","target_account":"ac1","status":"DONE","transaction_amount":20}
[qtp1535619626-124] INFO  - REQUEST: POST http://localhost:8888/api/1.0/transaction/transfer {"transaction_amount":20,"source_account":"acA","target_account":"ac1"}
[qtp1535619626-127] INFO  - REQUEST: POST http://localhost:8888/api/1.0/transaction/transfer {"transaction_amount":20,"source_account":"acA","target_account":"ac1"}
[qtp1535619626-128] INFO  - REQUEST: POST http://localhost:8888/api/1.0/transaction/transfer {"transaction_amount":20,"source_account":"acA","target_account":"ac1"}
[qtp1535619626-129] INFO  - REQUEST: POST http://localhost:8888/api/1.0/transaction/transfer {"transaction_amount":20,"source_account":"acA","target_account":"ac1"}
[qtp1535619626-104] INFO  - REQUEST: POST http://localhost:8888/api/1.0/transaction/transfer {"transaction_amount":20,"source_account":"acA","target_account":"ac1"}
[qtp1535619626-108] INFO  - REQUEST: POST http://localhost:8888/api/1.0/transaction/transfer {"transaction_amount":20,"source_account":"acA","target_account":"ac2"}
[qtp1535619626-127] INFO  - RESPONSE: 200 {"id":"5","source_account":"acA","target_account":"ac1","status":"DONE","transaction_amount":20}
[qtp1535619626-109] INFO  - RESPONSE: 200 {"id":"10","source_account":"acA","target_account":"ac1","status":"DONE","transaction_amount":20}
[qtp1535619626-107] INFO  - RESPONSE: 200 {"id":"11","source_account":"acA","target_account":"ac1","status":"DONE","transaction_amount":20}
[qtp1535619626-128] INFO  - RESPONSE: 200 {"id":"6","source_account":"acA","target_account":"ac1","status":"DONE","transaction_amount":20}
[qtp1535619626-129] INFO  - RESPONSE: 200 {"id":"7","source_account":"acA","target_account":"ac1","status":"DONE","transaction_amount":20}
[qtp1535619626-104] INFO  - RESPONSE: 200 {"id":"8","source_account":"acA","target_account":"ac1","status":"DONE","transaction_amount":20}
[qtp1535619626-108] INFO  - RESPONSE: 200 {"id":"9","source_account":"acA","target_account":"ac2","status":"DONE","transaction_amount":20}
[qtp1535619626-124] INFO  - RESPONSE: 200 {"id":"4","source_account":"acA","target_account":"ac1","status":"DONE","transaction_amount":20}
[qtp1535619626-126] INFO  - REQUEST: POST http://localhost:8888/api/1.0/transaction/transfer {"transaction_amount":20,"source_account":"acA","target_account":"ac2"}
[qtp1535619626-126] INFO  - RESPONSE: 200 {"id":"12","source_account":"acA","target_account":"ac2","status":"DONE","transaction_amount":20}
[qtp1535619626-110] INFO  - RESPONSE: 200 {"id":"2","source_account":"acA","target_account":"ac1","status":"DONE","transaction_amount":20}
[qtp1535619626-110] INFO  - REQUEST: POST http://localhost:8888/api/1.0/transaction/transfer {"transaction_amount":20,"source_account":"acA","target_account":"ac2"}
[qtp1535619626-126] INFO  - REQUEST: POST http://localhost:8888/api/1.0/transaction/transfer {"transaction_amount":20,"source_account":"acA","target_account":"ac2"}
[qtp1535619626-108] INFO  - REQUEST: POST http://localhost:8888/api/1.0/transaction/transfer {"transaction_amount":20,"source_account":"acA","target_account":"ac2"}
[qtp1535619626-125] INFO  - REQUEST: POST http://localhost:8888/api/1.0/transaction/transfer {"transaction_amount":20,"source_account":"acA","target_account":"ac2"}
[qtp1535619626-110] INFO  - RESPONSE: 200 {"id":"13","source_account":"acA","target_account":"ac2","status":"DONE","transaction_amount":20}
[qtp1535619626-126] INFO  - RESPONSE: 200 {"id":"14","source_account":"acA","target_account":"ac2","status":"DONE","transaction_amount":20}
[qtp1535619626-108] INFO  - RESPONSE: 200 {"id":"16","source_account":"acA","target_account":"ac2","status":"DONE","transaction_amount":20}
[qtp1535619626-111] INFO  - REQUEST: POST http://localhost:8888/api/1.0/transaction/transfer {"transaction_amount":20,"source_account":"acA","target_account":"ac2"}
[qtp1535619626-108] INFO  - REQUEST: POST http://localhost:8888/api/1.0/transaction/transfer {"transaction_amount":20,"source_account":"acA","target_account":"ac2"}
[qtp1535619626-111] INFO  - RESPONSE: 200 {"id":"17","source_account":"acA","target_account":"ac2","status":"DONE","transaction_amount":20}
[qtp1535619626-125] INFO  - RESPONSE: 200 {"id":"15","source_account":"acA","target_account":"ac2","status":"DONE","transaction_amount":20}
[qtp1535619626-125] INFO  - REQUEST: POST http://localhost:8888/api/1.0/transaction/transfer {"transaction_amount":20,"source_account":"acA","target_account":"ac3"}
[qtp1535619626-125] INFO  - RESPONSE: 200 {"id":"19","source_account":"acA","target_account":"ac3","status":"DONE","transaction_amount":20}
[qtp1535619626-125] INFO  - REQUEST: POST http://localhost:8888/api/1.0/transaction/transfer {"transaction_amount":20,"source_account":"acA","target_account":"ac3"}
[qtp1535619626-131] INFO  - REQUEST: POST http://localhost:8888/api/1.0/transaction/transfer {"transaction_amount":20,"source_account":"acA","target_account":"ac2"}
[qtp1535619626-125] INFO  - RESPONSE: 200 {"id":"20","source_account":"acA","target_account":"ac3","status":"DONE","transaction_amount":20}
[qtp1535619626-131] INFO  - RESPONSE: 200 {"id":"21","source_account":"acA","target_account":"ac2","status":"DONE","transaction_amount":20}
[qtp1535619626-104] INFO  - REQUEST: POST http://localhost:8888/api/1.0/transaction/transfer {"transaction_amount":20,"source_account":"acA","target_account":"ac2"}
[qtp1535619626-104] INFO  - RESPONSE: 200 {"id":"22","source_account":"acA","target_account":"ac2","status":"DONE","transaction_amount":20}
[qtp1535619626-108] INFO  - RESPONSE: 200 {"id":"18","source_account":"acA","target_account":"ac2","status":"DONE","transaction_amount":20}
[qtp1535619626-105] INFO  - REQUEST: POST http://localhost:8888/api/1.0/transaction/transfer {"transaction_amount":10,"source_account":"ac1","target_account":"acA"}
[qtp1535619626-104] INFO  - REQUEST: POST http://localhost:8888/api/1.0/transaction/transfer {"transaction_amount":20,"source_account":"acA","target_account":"ac3"}
[qtp1535619626-108] INFO  - REQUEST: POST http://localhost:8888/api/1.0/transaction/transfer {"transaction_amount":20,"source_account":"acA","target_account":"ac3"}
[qtp1535619626-105] INFO  - RESPONSE: 200 {"id":"24","source_account":"ac1","target_account":"acA","status":"DONE","transaction_amount":10}
[qtp1535619626-108] INFO  - RESPONSE: 200 {"id":"25","source_account":"acA","target_account":"ac3","status":"DONE","transaction_amount":20}
[qtp1535619626-104] INFO  - RESPONSE: 200 {"id":"23","source_account":"acA","target_account":"ac3","status":"DONE","transaction_amount":20}
[qtp1535619626-132] INFO  - REQUEST: POST http://localhost:8888/api/1.0/transaction/transfer {"transaction_amount":20,"source_account":"acA","target_account":"ac3"}
[qtp1535619626-105] INFO  - REQUEST: POST http://localhost:8888/api/1.0/transaction/transfer {"transaction_amount":20,"source_account":"acA","target_account":"ac3"}
[qtp1535619626-105] INFO  - RESPONSE: 200 {"id":"27","source_account":"acA","target_account":"ac3","status":"DONE","transaction_amount":20}
[qtp1535619626-132] INFO  - RESPONSE: 200 {"id":"26","source_account":"acA","target_account":"ac3","status":"DONE","transaction_amount":20}
[qtp1535619626-110] INFO  - REQUEST: POST http://localhost:8888/api/1.0/transaction/transfer {"transaction_amount":20,"source_account":"acA","target_account":"ac3"}
[qtp1535619626-105] INFO  - REQUEST: POST http://localhost:8888/api/1.0/transaction/transfer {"transaction_amount":10,"source_account":"ac1","target_account":"acA"}
[qtp1535619626-110] INFO  - RESPONSE: 200 {"id":"28","source_account":"acA","target_account":"ac3","status":"DONE","transaction_amount":20}
[qtp1535619626-105] INFO  - RESPONSE: 200 {"id":"29","source_account":"ac1","target_account":"acA","status":"DONE","transaction_amount":10}
[qtp1535619626-105] INFO  - REQUEST: POST http://localhost:8888/api/1.0/transaction/transfer {"transaction_amount":20,"source_account":"acA","target_account":"ac3"}
[qtp1535619626-132] INFO  - REQUEST: POST http://localhost:8888/api/1.0/transaction/transfer {"transaction_amount":20,"source_account":"acA","target_account":"ac3"}
[qtp1535619626-105] INFO  - RESPONSE: 200 {"id":"30","source_account":"acA","target_account":"ac3","status":"DONE","transaction_amount":20}
[qtp1535619626-126] INFO  - REQUEST: POST http://localhost:8888/api/1.0/transaction/transfer {"transaction_amount":10,"source_account":"ac1","target_account":"acA"}
[qtp1535619626-132] INFO  - RESPONSE: 200 {"id":"31","source_account":"acA","target_account":"ac3","status":"DONE","transaction_amount":20}
[qtp1535619626-126] INFO  - RESPONSE: 200 {"id":"32","source_account":"ac1","target_account":"acA","status":"DONE","transaction_amount":10}
[qtp1535619626-110] INFO  - REQUEST: POST http://localhost:8888/api/1.0/transaction/transfer {"transaction_amount":20,"source_account":"acA","target_account":"ac3"}
[qtp1535619626-110] INFO  - RESPONSE: 200 {"id":"33","source_account":"acA","target_account":"ac3","status":"DONE","transaction_amount":20}
[qtp1535619626-132] INFO  - REQUEST: POST http://localhost:8888/api/1.0/transaction/transfer {"transaction_amount":10,"source_account":"ac1","target_account":"acB"}
[qtp1535619626-132] INFO  - RESPONSE: 200 {"id":"34","source_account":"ac1","target_account":"acB","status":"DONE","transaction_amount":10}
[qtp1535619626-132] INFO  - REQUEST: POST http://localhost:8888/api/1.0/transaction/transfer {"transaction_amount":10,"source_account":"ac1","target_account":"acA"}
[qtp1535619626-105] INFO  - REQUEST: POST http://localhost:8888/api/1.0/transaction/transfer {"transaction_amount":10,"source_account":"ac1","target_account":"acA"}
[qtp1535619626-132] INFO  - RESPONSE: 200 {"id":"35","source_account":"ac1","target_account":"acA","status":"DONE","transaction_amount":10}
[qtp1535619626-105] INFO  - RESPONSE: 200 {"id":"36","source_account":"ac1","target_account":"acA","status":"DONE","transaction_amount":10}
[qtp1535619626-104] INFO  - REQUEST: POST http://localhost:8888/api/1.0/transaction/transfer {"transaction_amount":10,"source_account":"ac1","target_account":"acA"}
[qtp1535619626-104] INFO  - RESPONSE: 200 {"id":"37","source_account":"ac1","target_account":"acA","status":"DONE","transaction_amount":10}
[qtp1535619626-108] INFO  - REQUEST: POST http://localhost:8888/api/1.0/transaction/transfer {"transaction_amount":10,"source_account":"ac1","target_account":"acA"}
[qtp1535619626-108] INFO  - RESPONSE: 200 {"id":"38","source_account":"ac1","target_account":"acA","status":"DONE","transaction_amount":10}
[qtp1535619626-105] INFO  - REQUEST: POST http://localhost:8888/api/1.0/transaction/transfer {"transaction_amount":10,"source_account":"ac1","target_account":"acA"}
[qtp1535619626-105] INFO  - RESPONSE: 200 {"id":"39","source_account":"ac1","target_account":"acA","status":"DONE","transaction_amount":10}
[qtp1535619626-132] INFO  - REQUEST: POST http://localhost:8888/api/1.0/transaction/transfer {"transaction_amount":10,"source_account":"ac1","target_account":"acA"}
[qtp1535619626-132] INFO  - RESPONSE: 200 {"id":"40","source_account":"ac1","target_account":"acA","status":"DONE","transaction_amount":10}
[qtp1535619626-104] INFO  - REQUEST: POST http://localhost:8888/api/1.0/transaction/transfer {"transaction_amount":10,"source_account":"ac1","target_account":"acB"}
[qtp1535619626-104] INFO  - RESPONSE: 200 {"id":"41","source_account":"ac1","target_account":"acB","status":"DONE","transaction_amount":10}
[qtp1535619626-108] INFO  - REQUEST: POST http://localhost:8888/api/1.0/transaction/transfer {"transaction_amount":10,"source_account":"ac1","target_account":"acB"}
[qtp1535619626-108] INFO  - RESPONSE: 200 {"id":"42","source_account":"ac1","target_account":"acB","status":"DONE","transaction_amount":10}
[qtp1535619626-132] INFO  - REQUEST: POST http://localhost:8888/api/1.0/transaction/transfer {"transaction_amount":10,"source_account":"ac1","target_account":"acB"}
[qtp1535619626-132] INFO  - RESPONSE: 200 {"id":"43","source_account":"ac1","target_account":"acB","status":"DONE","transaction_amount":10}
[qtp1535619626-104] INFO  - REQUEST: POST http://localhost:8888/api/1.0/transaction/transfer {"transaction_amount":10,"source_account":"ac1","target_account":"acB"}
[qtp1535619626-104] INFO  - RESPONSE: 200 {"id":"44","source_account":"ac1","target_account":"acB","status":"DONE","transaction_amount":10}
[qtp1535619626-132] INFO  - REQUEST: POST http://localhost:8888/api/1.0/transaction/transfer {"transaction_amount":10,"source_account":"ac1","target_account":"acB"}
[qtp1535619626-132] INFO  - RESPONSE: 200 {"id":"45","source_account":"ac1","target_account":"acB","status":"DONE","transaction_amount":10}
[qtp1535619626-105] INFO  - REQUEST: POST http://localhost:8888/api/1.0/transaction/transfer {"transaction_amount":10,"source_account":"ac1","target_account":"acB"}
[qtp1535619626-105] INFO  - RESPONSE: 200 {"id":"46","source_account":"ac1","target_account":"acB","status":"DONE","transaction_amount":10}
[qtp1535619626-104] INFO  - REQUEST: POST http://localhost:8888/api/1.0/transaction/transfer {"transaction_amount":10,"source_account":"ac1","target_account":"acC"}
[qtp1535619626-104] INFO  - RESPONSE: 200 {"id":"47","source_account":"ac1","target_account":"acC","status":"DONE","transaction_amount":10}
[qtp1535619626-108] INFO  - REQUEST: POST http://localhost:8888/api/1.0/transaction/transfer {"transaction_amount":10,"source_account":"ac1","target_account":"acC"}
[qtp1535619626-108] INFO  - RESPONSE: 200 {"id":"48","source_account":"ac1","target_account":"acC","status":"DONE","transaction_amount":10}
[qtp1535619626-104] INFO  - REQUEST: POST http://localhost:8888/api/1.0/transaction/transfer {"transaction_amount":10,"source_account":"ac1","target_account":"acC"}
[qtp1535619626-104] INFO  - RESPONSE: 200 {"id":"49","source_account":"ac1","target_account":"acC","status":"DONE","transaction_amount":10}
[qtp1535619626-105] INFO  - REQUEST: POST http://localhost:8888/api/1.0/transaction/transfer {"transaction_amount":10,"source_account":"ac1","target_account":"acA"}
[qtp1535619626-105] INFO  - RESPONSE: 200 {"id":"50","source_account":"ac1","target_account":"acA","status":"DONE","transaction_amount":10}
[qtp1535619626-132] INFO  - REQUEST: POST http://localhost:8888/api/1.0/transaction/transfer {"transaction_amount":10,"source_account":"ac1","target_account":"acB"}
[qtp1535619626-132] INFO  - RESPONSE: 200 {"id":"51","source_account":"ac1","target_account":"acB","status":"DONE","transaction_amount":10}
[qtp1535619626-104] INFO  - REQUEST: POST http://localhost:8888/api/1.0/transaction/transfer {"transaction_amount":20,"source_account":"acB","target_account":"ac1"}
[qtp1535619626-104] INFO  - RESPONSE: 200 {"id":"52","source_account":"acB","target_account":"ac1","status":"DONE","transaction_amount":20}
[qtp1535619626-108] INFO  - REQUEST: POST http://localhost:8888/api/1.0/transaction/transfer {"transaction_amount":20,"source_account":"acB","target_account":"ac1"}
[qtp1535619626-108] INFO  - RESPONSE: 200 {"id":"53","source_account":"acB","target_account":"ac1","status":"DONE","transaction_amount":20}
[qtp1535619626-105] INFO  - REQUEST: POST http://localhost:8888/api/1.0/transaction/transfer {"transaction_amount":10,"source_account":"ac1","target_account":"acC"}
[qtp1535619626-132] INFO  - REQUEST: POST http://localhost:8888/api/1.0/transaction/transfer {"transaction_amount":10,"source_account":"ac1","target_account":"acC"}
[qtp1535619626-104] INFO  - REQUEST: POST http://localhost:8888/api/1.0/transaction/transfer {"transaction_amount":10,"source_account":"ac1","target_account":"acC"}
[qtp1535619626-126] INFO  - REQUEST: POST http://localhost:8888/api/1.0/transaction/transfer {"transaction_amount":20,"source_account":"acB","target_account":"ac2"}
[qtp1535619626-109] INFO  - REQUEST: POST http://localhost:8888/api/1.0/transaction/transfer {"transaction_amount":10,"source_account":"ac1","target_account":"acB"}
[qtp1535619626-126] INFO  - RESPONSE: 200 {"id":"55","source_account":"acB","target_account":"ac2","status":"DONE","transaction_amount":20}
[qtp1535619626-132] INFO  - RESPONSE: 200 {"id":"56","source_account":"ac1","target_account":"acC","status":"DONE","transaction_amount":10}
[qtp1535619626-104] INFO  - RESPONSE: 200 {"id":"54","source_account":"ac1","target_account":"acC","status":"DONE","transaction_amount":10}
[qtp1535619626-109] INFO  - RESPONSE: 200 {"id":"57","source_account":"ac1","target_account":"acB","status":"DONE","transaction_amount":10}
[qtp1535619626-105] INFO  - RESPONSE: 200 {"id":"58","source_account":"ac1","target_account":"acC","status":"DONE","transaction_amount":10}
[qtp1535619626-108] INFO  - REQUEST: POST http://localhost:8888/api/1.0/transaction/transfer {"transaction_amount":20,"source_account":"acB","target_account":"ac1"}
[qtp1535619626-108] INFO  - RESPONSE: 200 {"id":"59","source_account":"acB","target_account":"ac1","status":"DONE","transaction_amount":20}
[qtp1535619626-110] INFO  - REQUEST: POST http://localhost:8888/api/1.0/transaction/transfer {"transaction_amount":20,"source_account":"acB","target_account":"ac2"}
[qtp1535619626-110] INFO  - RESPONSE: 200 {"id":"60","source_account":"acB","target_account":"ac2","status":"DONE","transaction_amount":20}
[qtp1535619626-109] INFO  - REQUEST: POST http://localhost:8888/api/1.0/transaction/transfer {"transaction_amount":20,"source_account":"acB","target_account":"ac1"}
[qtp1535619626-109] INFO  - RESPONSE: 200 {"id":"61","source_account":"acB","target_account":"ac1","status":"DONE","transaction_amount":20}
[qtp1535619626-108] INFO  - REQUEST: POST http://localhost:8888/api/1.0/transaction/transfer {"transaction_amount":20,"source_account":"acB","target_account":"ac3"}
[qtp1535619626-108] INFO  - RESPONSE: 200 {"id":"62","source_account":"acB","target_account":"ac3","status":"DONE","transaction_amount":20}
[qtp1535619626-110] INFO  - REQUEST: POST http://localhost:8888/api/1.0/transaction/transfer {"transaction_amount":20,"source_account":"acB","target_account":"ac1"}
[qtp1535619626-110] INFO  - RESPONSE: 200 {"id":"63","source_account":"acB","target_account":"ac1","status":"DONE","transaction_amount":20}
[qtp1535619626-104] INFO  - REQUEST: POST http://localhost:8888/api/1.0/transaction/transfer {"transaction_amount":20,"source_account":"acB","target_account":"ac2"}
[qtp1535619626-104] INFO  - RESPONSE: 200 {"id":"64","source_account":"acB","target_account":"ac2","status":"DONE","transaction_amount":20}
[qtp1535619626-109] INFO  - REQUEST: POST http://localhost:8888/api/1.0/transaction/transfer {"transaction_amount":20,"source_account":"acB","target_account":"ac3"}
[qtp1535619626-109] INFO  - RESPONSE: 200 {"id":"65","source_account":"acB","target_account":"ac3","status":"DONE","transaction_amount":20}
[qtp1535619626-110] INFO  - REQUEST: POST http://localhost:8888/api/1.0/transaction/transfer {"transaction_amount":20,"source_account":"acB","target_account":"ac1"}
[qtp1535619626-110] INFO  - RESPONSE: 200 {"id":"66","source_account":"acB","target_account":"ac1","status":"DONE","transaction_amount":20}
[qtp1535619626-109] INFO  - REQUEST: POST http://localhost:8888/api/1.0/transaction/transfer {"transaction_amount":20,"source_account":"acB","target_account":"ac2"}
[qtp1535619626-108] INFO  - REQUEST: POST http://localhost:8888/api/1.0/transaction/transfer {"transaction_amount":20,"source_account":"acB","target_account":"ac2"}
[qtp1535619626-109] INFO  - RESPONSE: 200 {"id":"67","source_account":"acB","target_account":"ac2","status":"DONE","transaction_amount":20}
[qtp1535619626-108] INFO  - RESPONSE: 200 {"id":"68","source_account":"acB","target_account":"ac2","status":"DONE","transaction_amount":20}
[qtp1535619626-110] INFO  - REQUEST: POST http://localhost:8888/api/1.0/transaction/transfer {"transaction_amount":10,"source_account":"ac1","target_account":"acC"}
[qtp1535619626-110] INFO  - RESPONSE: 200 {"id":"69","source_account":"ac1","target_account":"acC","status":"DONE","transaction_amount":10}
[qtp1535619626-126] INFO  - REQUEST: POST http://localhost:8888/api/1.0/transaction/transfer {"transaction_amount":20,"source_account":"acB","target_account":"ac3"}
[qtp1535619626-104] INFO  - REQUEST: POST http://localhost:8888/api/1.0/transaction/transfer {"transaction_amount":20,"source_account":"acB","target_account":"ac1"}
[qtp1535619626-126] INFO  - RESPONSE: 200 {"id":"71","source_account":"acB","target_account":"ac3","status":"DONE","transaction_amount":20}
[qtp1535619626-104] INFO  - RESPONSE: 200 {"id":"70","source_account":"acB","target_account":"ac1","status":"DONE","transaction_amount":20}
[qtp1535619626-110] INFO  - REQUEST: POST http://localhost:8888/api/1.0/transaction/transfer {"transaction_amount":20,"source_account":"acB","target_account":"ac2"}
[qtp1535619626-108] INFO  - REQUEST: POST http://localhost:8888/api/1.0/transaction/transfer {"transaction_amount":20,"source_account":"acB","target_account":"ac2"}
[qtp1535619626-110] INFO  - RESPONSE: 200 {"id":"72","source_account":"acB","target_account":"ac2","status":"DONE","transaction_amount":20}
[qtp1535619626-108] INFO  - RESPONSE: 200 {"id":"73","source_account":"acB","target_account":"ac2","status":"DONE","transaction_amount":20}
[qtp1535619626-104] INFO  - REQUEST: POST http://localhost:8888/api/1.0/transaction/transfer {"transaction_amount":20,"source_account":"acB","target_account":"ac3"}
[qtp1535619626-104] INFO  - RESPONSE: 200 {"id":"74","source_account":"acB","target_account":"ac3","status":"DONE","transaction_amount":20}
[qtp1535619626-126] INFO  - REQUEST: POST http://localhost:8888/api/1.0/transaction/transfer {"transaction_amount":20,"source_account":"acB","target_account":"ac3"}
[qtp1535619626-126] INFO  - RESPONSE: 200 {"id":"75","source_account":"acB","target_account":"ac3","status":"DONE","transaction_amount":20}
[qtp1535619626-108] INFO  - REQUEST: POST http://localhost:8888/api/1.0/transaction/transfer {"transaction_amount":20,"source_account":"acB","target_account":"ac1"}
[qtp1535619626-108] INFO  - RESPONSE: 200 {"id":"76","source_account":"acB","target_account":"ac1","status":"DONE","transaction_amount":20}
[qtp1535619626-110] INFO  - REQUEST: POST http://localhost:8888/api/1.0/transaction/transfer {"transaction_amount":20,"source_account":"acB","target_account":"ac3"}
[qtp1535619626-110] INFO  - RESPONSE: 200 {"id":"77","source_account":"acB","target_account":"ac3","status":"DONE","transaction_amount":20}
[qtp1535619626-104] INFO  - REQUEST: POST http://localhost:8888/api/1.0/transaction/transfer {"transaction_amount":20,"source_account":"acB","target_account":"ac1"}
[qtp1535619626-108] INFO  - REQUEST: POST http://localhost:8888/api/1.0/transaction/transfer {"transaction_amount":20,"source_account":"acB","target_account":"ac3"}
[qtp1535619626-108] INFO  - RESPONSE: 200 {"id":"79","source_account":"acB","target_account":"ac3","status":"DONE","transaction_amount":20}
[qtp1535619626-104] INFO  - RESPONSE: 200 {"id":"78","source_account":"acB","target_account":"ac1","status":"DONE","transaction_amount":20}
[qtp1535619626-126] INFO  - REQUEST: POST http://localhost:8888/api/1.0/transaction/transfer {"transaction_amount":10,"source_account":"ac2","target_account":"acA"}
[qtp1535619626-110] INFO  - REQUEST: POST http://localhost:8888/api/1.0/transaction/transfer {"transaction_amount":20,"source_account":"acB","target_account":"ac2"}
[qtp1535619626-110] INFO  - RESPONSE: 200 {"id":"81","source_account":"acB","target_account":"ac2","status":"DONE","transaction_amount":20}
[qtp1535619626-126] INFO  - RESPONSE: 200 {"id":"80","source_account":"ac2","target_account":"acA","status":"DONE","transaction_amount":10}
[qtp1535619626-131] INFO  - REQUEST: POST http://localhost:8888/api/1.0/transaction/transfer {"transaction_amount":10,"source_account":"ac2","target_account":"acA"}
[qtp1535619626-131] INFO  - RESPONSE: 200 {"id":"82","source_account":"ac2","target_account":"acA","status":"DONE","transaction_amount":10}
[qtp1535619626-109] INFO  - REQUEST: POST http://localhost:8888/api/1.0/transaction/transfer {"transaction_amount":10,"source_account":"ac2","target_account":"acA"}
[qtp1535619626-110] INFO  - REQUEST: POST http://localhost:8888/api/1.0/transaction/transfer {"transaction_amount":20,"source_account":"acB","target_account":"ac3"}
[qtp1535619626-109] INFO  - RESPONSE: 200 {"id":"83","source_account":"ac2","target_account":"acA","status":"DONE","transaction_amount":10}
[qtp1535619626-110] INFO  - RESPONSE: 200 {"id":"84","source_account":"acB","target_account":"ac3","status":"DONE","transaction_amount":20}
[qtp1535619626-131] INFO  - REQUEST: POST http://localhost:8888/api/1.0/transaction/transfer {"transaction_amount":10,"source_account":"ac2","target_account":"acB"}
[qtp1535619626-131] INFO  - RESPONSE: 200 {"id":"85","source_account":"ac2","target_account":"acB","status":"DONE","transaction_amount":10}
[qtp1535619626-104] INFO  - REQUEST: POST http://localhost:8888/api/1.0/transaction/transfer {"transaction_amount":20,"source_account":"acB","target_account":"ac2"}
[qtp1535619626-104] INFO  - RESPONSE: 200 {"id":"86","source_account":"acB","target_account":"ac2","status":"DONE","transaction_amount":20}
[qtp1535619626-110] INFO  - REQUEST: POST http://localhost:8888/api/1.0/transaction/transfer {"transaction_amount":10,"source_account":"ac2","target_account":"acB"}
[qtp1535619626-110] INFO  - RESPONSE: 200 {"id":"87","source_account":"ac2","target_account":"acB","status":"DONE","transaction_amount":10}
[qtp1535619626-109] INFO  - REQUEST: POST http://localhost:8888/api/1.0/transaction/transfer {"transaction_amount":10,"source_account":"ac2","target_account":"acC"}
[qtp1535619626-109] INFO  - RESPONSE: 200 {"id":"88","source_account":"ac2","target_account":"acC","status":"DONE","transaction_amount":10}
[qtp1535619626-131] INFO  - REQUEST: POST http://localhost:8888/api/1.0/transaction/transfer {"transaction_amount":10,"source_account":"ac2","target_account":"acA"}
[qtp1535619626-131] INFO  - RESPONSE: 200 {"id":"89","source_account":"ac2","target_account":"acA","status":"DONE","transaction_amount":10}
[qtp1535619626-109] INFO  - REQUEST: POST http://localhost:8888/api/1.0/transaction/transfer {"transaction_amount":10,"source_account":"ac2","target_account":"acB"}
[qtp1535619626-109] INFO  - RESPONSE: 200 {"id":"90","source_account":"ac2","target_account":"acB","status":"DONE","transaction_amount":10}
[qtp1535619626-110] INFO  - REQUEST: POST http://localhost:8888/api/1.0/transaction/transfer {"transaction_amount":20,"source_account":"acB","target_account":"ac3"}
[qtp1535619626-110] INFO  - RESPONSE: 200 {"id":"91","source_account":"acB","target_account":"ac3","status":"DONE","transaction_amount":20}
[qtp1535619626-104] INFO  - REQUEST: POST http://localhost:8888/api/1.0/transaction/transfer {"transaction_amount":10,"source_account":"ac2","target_account":"acC"}
[qtp1535619626-104] INFO  - RESPONSE: 200 {"id":"92","source_account":"ac2","target_account":"acC","status":"DONE","transaction_amount":10}
[qtp1535619626-109] INFO  - REQUEST: POST http://localhost:8888/api/1.0/transaction/transfer {"transaction_amount":10,"source_account":"ac2","target_account":"acA"}
[qtp1535619626-109] INFO  - RESPONSE: 200 {"id":"93","source_account":"ac2","target_account":"acA","status":"DONE","transaction_amount":10}
[qtp1535619626-110] INFO  - REQUEST: POST http://localhost:8888/api/1.0/transaction/transfer {"transaction_amount":10,"source_account":"ac2","target_account":"acB"}
[qtp1535619626-110] INFO  - RESPONSE: 200 {"id":"94","source_account":"ac2","target_account":"acB","status":"DONE","transaction_amount":10}
[qtp1535619626-131] INFO  - REQUEST: POST http://localhost:8888/api/1.0/transaction/transfer {"transaction_amount":10,"source_account":"ac2","target_account":"acA"}
[qtp1535619626-109] INFO  - REQUEST: POST http://localhost:8888/api/1.0/transaction/transfer {"transaction_amount":10,"source_account":"ac2","target_account":"acC"}
[qtp1535619626-131] INFO  - RESPONSE: 200 {"id":"96","source_account":"ac2","target_account":"acA","status":"DONE","transaction_amount":10}
[qtp1535619626-109] INFO  - RESPONSE: 200 {"id":"95","source_account":"ac2","target_account":"acC","status":"DONE","transaction_amount":10}
[qtp1535619626-104] INFO  - REQUEST: POST http://localhost:8888/api/1.0/transaction/transfer {"transaction_amount":10,"source_account":"ac2","target_account":"acA"}
[qtp1535619626-110] INFO  - REQUEST: POST http://localhost:8888/api/1.0/transaction/transfer {"transaction_amount":10,"source_account":"ac2","target_account":"acB"}
[qtp1535619626-110] INFO  - RESPONSE: 200 {"id":"98","source_account":"ac2","target_account":"acB","status":"DONE","transaction_amount":10}
[qtp1535619626-104] INFO  - RESPONSE: 200 {"id":"97","source_account":"ac2","target_account":"acA","status":"DONE","transaction_amount":10}
[qtp1535619626-131] INFO  - REQUEST: POST http://localhost:8888/api/1.0/transaction/transfer {"transaction_amount":10,"source_account":"ac2","target_account":"acC"}
[qtp1535619626-131] INFO  - RESPONSE: 200 {"id":"99","source_account":"ac2","target_account":"acC","status":"DONE","transaction_amount":10}
[qtp1535619626-128] INFO  - REQUEST: POST http://localhost:8888/api/1.0/transaction/transfer {"transaction_amount":10,"source_account":"ac2","target_account":"acB"}
[qtp1535619626-110] INFO  - REQUEST: POST http://localhost:8888/api/1.0/transaction/transfer {"transaction_amount":10,"source_account":"ac2","target_account":"acC"}
[qtp1535619626-128] INFO  - RESPONSE: 200 {"id":"100","source_account":"ac2","target_account":"acB","status":"DONE","transaction_amount":10}
[qtp1535619626-110] INFO  - RESPONSE: 200 {"id":"101","source_account":"ac2","target_account":"acC","status":"DONE","transaction_amount":10}
[qtp1535619626-108] INFO  - REQUEST: POST http://localhost:8888/api/1.0/transaction/transfer {"transaction_amount":10,"source_account":"ac2","target_account":"acA"}
[qtp1535619626-108] INFO  - RESPONSE: 200 {"id":"102","source_account":"ac2","target_account":"acA","status":"DONE","transaction_amount":10}
[qtp1535619626-109] INFO  - REQUEST: POST http://localhost:8888/api/1.0/transaction/transfer {"transaction_amount":10,"source_account":"ac2","target_account":"acB"}
[qtp1535619626-109] INFO  - RESPONSE: 200 {"id":"103","source_account":"ac2","target_account":"acB","status":"DONE","transaction_amount":10}
[qtp1535619626-129] INFO  - REQUEST: POST http://localhost:8888/api/1.0/transaction/transfer {"transaction_amount":10,"source_account":"ac2","target_account":"acA"}
[qtp1535619626-129] INFO  - RESPONSE: 200 {"id":"104","source_account":"ac2","target_account":"acA","status":"DONE","transaction_amount":10}
[qtp1535619626-128] INFO  - REQUEST: POST http://localhost:8888/api/1.0/transaction/transfer {"transaction_amount":10,"source_account":"ac2","target_account":"acA"}
[qtp1535619626-110] INFO  - REQUEST: POST http://localhost:8888/api/1.0/transaction/transfer {"transaction_amount":10,"source_account":"ac2","target_account":"acC"}
[qtp1535619626-128] INFO  - RESPONSE: 200 {"id":"105","source_account":"ac2","target_account":"acA","status":"DONE","transaction_amount":10}
[qtp1535619626-110] INFO  - RESPONSE: 200 {"id":"106","source_account":"ac2","target_account":"acC","status":"DONE","transaction_amount":10}
[qtp1535619626-109] INFO  - REQUEST: POST http://localhost:8888/api/1.0/transaction/transfer {"transaction_amount":10,"source_account":"ac2","target_account":"acB"}
[qtp1535619626-109] INFO  - RESPONSE: 200 {"id":"107","source_account":"ac2","target_account":"acB","status":"DONE","transaction_amount":10}
[qtp1535619626-127] INFO  - REQUEST: POST http://localhost:8888/api/1.0/transaction/transfer {"transaction_amount":10,"source_account":"ac2","target_account":"acB"}
[qtp1535619626-127] INFO  - RESPONSE: 200 {"id":"108","source_account":"ac2","target_account":"acB","status":"DONE","transaction_amount":10}
[qtp1535619626-109] INFO  - REQUEST: POST http://localhost:8888/api/1.0/transaction/transfer {"transaction_amount":10,"source_account":"ac2","target_account":"acC"}
[qtp1535619626-129] INFO  - REQUEST: POST http://localhost:8888/api/1.0/transaction/transfer {"transaction_amount":20,"source_account":"acC","target_account":"ac1"}
[qtp1535619626-109] INFO  - RESPONSE: 200 {"id":"109","source_account":"ac2","target_account":"acC","status":"DONE","transaction_amount":10}
[qtp1535619626-129] INFO  - RESPONSE: 200 {"id":"110","source_account":"acC","target_account":"ac1","status":"DONE","transaction_amount":20}
[qtp1535619626-127] INFO  - REQUEST: POST http://localhost:8888/api/1.0/transaction/transfer {"transaction_amount":10,"source_account":"ac2","target_account":"acC"}
[qtp1535619626-110] INFO  - REQUEST: POST http://localhost:8888/api/1.0/transaction/transfer {"transaction_amount":10,"source_account":"ac2","target_account":"acB"}
[qtp1535619626-127] INFO  - RESPONSE: 200 {"id":"111","source_account":"ac2","target_account":"acC","status":"DONE","transaction_amount":10}
[qtp1535619626-110] INFO  - RESPONSE: 200 {"id":"112","source_account":"ac2","target_account":"acB","status":"DONE","transaction_amount":10}
[qtp1535619626-128] INFO  - REQUEST: POST http://localhost:8888/api/1.0/transaction/transfer {"transaction_amount":10,"source_account":"ac2","target_account":"acC"}
[qtp1535619626-128] INFO  - RESPONSE: 200 {"id":"113","source_account":"ac2","target_account":"acC","status":"DONE","transaction_amount":10}
[qtp1535619626-127] INFO  - REQUEST: POST http://localhost:8888/api/1.0/transaction/transfer {"transaction_amount":10,"source_account":"ac1","target_account":"acB"}
[qtp1535619626-127] INFO  - RESPONSE: 200 {"id":"114","source_account":"ac1","target_account":"acB","status":"DONE","transaction_amount":10}
[qtp1535619626-131] INFO  - REQUEST: POST http://localhost:8888/api/1.0/transaction/transfer {"transaction_amount":20,"source_account":"acC","target_account":"ac1"}
[qtp1535619626-131] INFO  - RESPONSE: 200 {"id":"115","source_account":"acC","target_account":"ac1","status":"DONE","transaction_amount":20}
[qtp1535619626-128] INFO  - REQUEST: POST http://localhost:8888/api/1.0/transaction/transfer {"transaction_amount":20,"source_account":"acC","target_account":"ac2"}
[qtp1535619626-128] INFO  - RESPONSE: 200 {"id":"116","source_account":"acC","target_account":"ac2","status":"DONE","transaction_amount":20}
[qtp1535619626-127] INFO  - REQUEST: POST http://localhost:8888/api/1.0/transaction/transfer {"transaction_amount":20,"source_account":"acC","target_account":"ac1"}
[qtp1535619626-127] INFO  - RESPONSE: 200 {"id":"117","source_account":"acC","target_account":"ac1","status":"DONE","transaction_amount":20}
[qtp1535619626-129] INFO  - REQUEST: POST http://localhost:8888/api/1.0/transaction/transfer {"transaction_amount":10,"source_account":"ac2","target_account":"acC"}
[qtp1535619626-129] INFO  - RESPONSE: 200 {"id":"118","source_account":"ac2","target_account":"acC","status":"DONE","transaction_amount":10}
[qtp1535619626-131] INFO  - REQUEST: POST http://localhost:8888/api/1.0/transaction/transfer {"transaction_amount":20,"source_account":"acC","target_account":"ac1"}
[qtp1535619626-131] INFO  - RESPONSE: 200 {"id":"119","source_account":"acC","target_account":"ac1","status":"DONE","transaction_amount":20}
[qtp1535619626-128] INFO  - REQUEST: POST http://localhost:8888/api/1.0/transaction/transfer {"transaction_amount":20,"source_account":"acC","target_account":"ac2"}
[qtp1535619626-129] INFO  - REQUEST: POST http://localhost:8888/api/1.0/transaction/transfer {"transaction_amount":20,"source_account":"acC","target_account":"ac3"}
[qtp1535619626-128] INFO  - RESPONSE: 200 {"id":"121","source_account":"acC","target_account":"ac2","status":"DONE","transaction_amount":20}
[qtp1535619626-129] INFO  - RESPONSE: 200 {"id":"120","source_account":"acC","target_account":"ac3","status":"DONE","transaction_amount":20}
[qtp1535619626-127] INFO  - REQUEST: POST http://localhost:8888/api/1.0/transaction/transfer {"transaction_amount":20,"source_account":"acC","target_account":"ac2"}
[qtp1535619626-131] INFO  - REQUEST: POST http://localhost:8888/api/1.0/transaction/transfer {"transaction_amount":20,"source_account":"acC","target_account":"ac2"}
[qtp1535619626-127] INFO  - RESPONSE: 200 {"id":"122","source_account":"acC","target_account":"ac2","status":"DONE","transaction_amount":20}
[qtp1535619626-131] INFO  - RESPONSE: 200 {"id":"123","source_account":"acC","target_account":"ac2","status":"DONE","transaction_amount":20}
[qtp1535619626-109] INFO  - REQUEST: POST http://localhost:8888/api/1.0/transaction/transfer {"transaction_amount":20,"source_account":"acC","target_account":"ac1"}
[qtp1535619626-128] INFO  - REQUEST: POST http://localhost:8888/api/1.0/transaction/transfer {"transaction_amount":20,"source_account":"acC","target_account":"ac3"}
[qtp1535619626-128] INFO  - RESPONSE: 200 {"id":"125","source_account":"acC","target_account":"ac3","status":"DONE","transaction_amount":20}
[qtp1535619626-109] INFO  - RESPONSE: 200 {"id":"124","source_account":"acC","target_account":"ac1","status":"DONE","transaction_amount":20}
[qtp1535619626-131] INFO  - REQUEST: POST http://localhost:8888/api/1.0/transaction/transfer {"transaction_amount":20,"source_account":"acC","target_account":"ac3"}
[qtp1535619626-131] INFO  - RESPONSE: 200 {"id":"126","source_account":"acC","target_account":"ac3","status":"DONE","transaction_amount":20}
[qtp1535619626-127] INFO  - REQUEST: POST http://localhost:8888/api/1.0/transaction/transfer {"transaction_amount":20,"source_account":"acC","target_account":"ac3"}
[qtp1535619626-127] INFO  - RESPONSE: 200 {"id":"127","source_account":"acC","target_account":"ac3","status":"DONE","transaction_amount":20}
[qtp1535619626-109] INFO  - REQUEST: POST http://localhost:8888/api/1.0/transaction/transfer {"transaction_amount":20,"source_account":"acC","target_account":"ac1"}
[qtp1535619626-109] INFO  - RESPONSE: 200 {"id":"128","source_account":"acC","target_account":"ac1","status":"DONE","transaction_amount":20}
[qtp1535619626-131] INFO  - REQUEST: POST http://localhost:8888/api/1.0/transaction/transfer {"transaction_amount":20,"source_account":"acC","target_account":"ac1"}
[qtp1535619626-131] INFO  - RESPONSE: 200 {"id":"129","source_account":"acC","target_account":"ac1","status":"DONE","transaction_amount":20}
[qtp1535619626-128] INFO  - REQUEST: POST http://localhost:8888/api/1.0/transaction/transfer {"transaction_amount":20,"source_account":"acC","target_account":"ac2"}
[qtp1535619626-128] INFO  - RESPONSE: 200 {"id":"130","source_account":"acC","target_account":"ac2","status":"DONE","transaction_amount":20}
[qtp1535619626-109] INFO  - REQUEST: POST http://localhost:8888/api/1.0/transaction/transfer {"transaction_amount":20,"source_account":"acC","target_account":"ac1"}
[qtp1535619626-109] INFO  - RESPONSE: 200 {"id":"131","source_account":"acC","target_account":"ac1","status":"DONE","transaction_amount":20}
[qtp1535619626-131] INFO  - REQUEST: POST http://localhost:8888/api/1.0/transaction/transfer {"transaction_amount":20,"source_account":"acC","target_account":"ac2"}
[qtp1535619626-131] INFO  - RESPONSE: 200 {"id":"132","source_account":"acC","target_account":"ac2","status":"DONE","transaction_amount":20}
[qtp1535619626-127] INFO  - REQUEST: POST http://localhost:8888/api/1.0/transaction/transfer {"transaction_amount":20,"source_account":"acB","target_account":"ac1"}
[qtp1535619626-127] INFO  - RESPONSE: 200 {"id":"133","source_account":"acB","target_account":"ac1","status":"DONE","transaction_amount":20}
[qtp1535619626-109] INFO  - REQUEST: POST http://localhost:8888/api/1.0/transaction/transfer {"transaction_amount":10,"source_account":"ac1","target_account":"acC"}
[qtp1535619626-109] INFO  - RESPONSE: 200 {"id":"134","source_account":"ac1","target_account":"acC","status":"DONE","transaction_amount":10}
[qtp1535619626-131] INFO  - REQUEST: POST http://localhost:8888/api/1.0/transaction/transfer {"transaction_amount":10,"source_account":"ac1","target_account":"acC"}
[qtp1535619626-131] INFO  - RESPONSE: 200 {"id":"135","source_account":"ac1","target_account":"acC","status":"DONE","transaction_amount":10}
[qtp1535619626-127] INFO  - REQUEST: POST http://localhost:8888/api/1.0/transaction/transfer {"transaction_amount":10,"source_account":"ac1","target_account":"acC"}
[qtp1535619626-127] INFO  - RESPONSE: 200 {"id":"136","source_account":"ac1","target_account":"acC","status":"DONE","transaction_amount":10}
[qtp1535619626-128] INFO  - REQUEST: POST http://localhost:8888/api/1.0/transaction/transfer {"transaction_amount":10,"source_account":"ac3","target_account":"acA"}
[qtp1535619626-128] INFO  - RESPONSE: 200 {"id":"137","source_account":"ac3","target_account":"acA","status":"DONE","transaction_amount":10}
[qtp1535619626-127] INFO  - REQUEST: POST http://localhost:8888/api/1.0/transaction/transfer {"transaction_amount":10,"source_account":"ac3","target_account":"acA"}
[qtp1535619626-127] INFO  - RESPONSE: 200 {"id":"138","source_account":"ac3","target_account":"acA","status":"DONE","transaction_amount":10}
[qtp1535619626-128] INFO  - REQUEST: POST http://localhost:8888/api/1.0/transaction/transfer {"transaction_amount":10,"source_account":"ac3","target_account":"acB"}
[qtp1535619626-128] INFO  - RESPONSE: 200 {"id":"139","source_account":"ac3","target_account":"acB","status":"DONE","transaction_amount":10}
[qtp1535619626-127] INFO  - REQUEST: POST http://localhost:8888/api/1.0/transaction/transfer {"transaction_amount":10,"source_account":"ac3","target_account":"acB"}
[qtp1535619626-127] INFO  - RESPONSE: 200 {"id":"140","source_account":"ac3","target_account":"acB","status":"DONE","transaction_amount":10}
[qtp1535619626-131] INFO  - REQUEST: POST http://localhost:8888/api/1.0/transaction/transfer {"transaction_amount":20,"source_account":"acC","target_account":"ac1"}
[qtp1535619626-128] INFO  - REQUEST: POST http://localhost:8888/api/1.0/transaction/transfer {"transaction_amount":20,"source_account":"acB","target_account":"ac2"}
[qtp1535619626-131] INFO  - RESPONSE: 200 {"id":"141","source_account":"acC","target_account":"ac1","status":"DONE","transaction_amount":20}
[qtp1535619626-128] INFO  - RESPONSE: 200 {"id":"142","source_account":"acB","target_account":"ac2","status":"DONE","transaction_amount":20}
[qtp1535619626-128] INFO  - REQUEST: POST http://localhost:8888/api/1.0/transaction/transfer {"transaction_amount":10,"source_account":"ac3","target_account":"acA"}
[qtp1535619626-128] INFO  - RESPONSE: 200 {"id":"143","source_account":"ac3","target_account":"acA","status":"DONE","transaction_amount":10}
[qtp1535619626-127] INFO  - REQUEST: POST http://localhost:8888/api/1.0/transaction/transfer {"transaction_amount":10,"source_account":"ac3","target_account":"acC"}
[qtp1535619626-127] INFO  - RESPONSE: 200 {"id":"144","source_account":"ac3","target_account":"acC","status":"DONE","transaction_amount":10}
[qtp1535619626-128] INFO  - REQUEST: POST http://localhost:8888/api/1.0/transaction/transfer {"transaction_amount":20,"source_account":"acC","target_account":"ac2"}
[qtp1535619626-128] INFO  - RESPONSE: 200 {"id":"145","source_account":"acC","target_account":"ac2","status":"DONE","transaction_amount":20}
[qtp1535619626-131] INFO  - REQUEST: POST http://localhost:8888/api/1.0/transaction/transfer {"transaction_amount":10,"source_account":"ac3","target_account":"acA"}
[qtp1535619626-127] INFO  - REQUEST: POST http://localhost:8888/api/1.0/transaction/transfer {"transaction_amount":20,"source_account":"acB","target_account":"ac3"}
[qtp1535619626-131] INFO  - RESPONSE: 200 {"id":"146","source_account":"ac3","target_account":"acA","status":"DONE","transaction_amount":10}
[qtp1535619626-127] INFO  - RESPONSE: 200 {"id":"147","source_account":"acB","target_account":"ac3","status":"DONE","transaction_amount":20}
[qtp1535619626-128] INFO  - REQUEST: POST http://localhost:8888/api/1.0/transaction/transfer {"transaction_amount":10,"source_account":"ac3","target_account":"acB"}
[qtp1535619626-128] INFO  - RESPONSE: 200 {"id":"148","source_account":"ac3","target_account":"acB","status":"DONE","transaction_amount":10}
[qtp1535619626-129] INFO  - REQUEST: POST http://localhost:8888/api/1.0/transaction/transfer {"transaction_amount":10,"source_account":"ac3","target_account":"acB"}
[qtp1535619626-129] INFO  - RESPONSE: 200 {"id":"149","source_account":"ac3","target_account":"acB","status":"DONE","transaction_amount":10}
[qtp1535619626-109] INFO  - REQUEST: POST http://localhost:8888/api/1.0/transaction/transfer {"transaction_amount":20,"source_account":"acC","target_account":"ac2"}
[qtp1535619626-109] INFO  - RESPONSE: 200 {"id":"150","source_account":"acC","target_account":"ac2","status":"DONE","transaction_amount":20}
[qtp1535619626-109] INFO  - REQUEST: POST http://localhost:8888/api/1.0/transaction/transfer {"transaction_amount":10,"source_account":"ac3","target_account":"acA"}
[qtp1535619626-129] INFO  - REQUEST: POST http://localhost:8888/api/1.0/transaction/transfer {"transaction_amount":10,"source_account":"ac3","target_account":"acC"}
[qtp1535619626-109] INFO  - RESPONSE: 200 {"id":"151","source_account":"ac3","target_account":"acA","status":"DONE","transaction_amount":10}
[qtp1535619626-129] INFO  - RESPONSE: 200 {"id":"152","source_account":"ac3","target_account":"acC","status":"DONE","transaction_amount":10}
[qtp1535619626-128] INFO  - REQUEST: POST http://localhost:8888/api/1.0/transaction/transfer {"transaction_amount":10,"source_account":"ac3","target_account":"acC"}
[qtp1535619626-131] INFO  - REQUEST: POST http://localhost:8888/api/1.0/transaction/transfer {"transaction_amount":20,"source_account":"acC","target_account":"ac3"}
[qtp1535619626-128] INFO  - RESPONSE: 200 {"id":"153","source_account":"ac3","target_account":"acC","status":"DONE","transaction_amount":10}
[qtp1535619626-131] INFO  - RESPONSE: 200 {"id":"154","source_account":"acC","target_account":"ac3","status":"DONE","transaction_amount":20}
[qtp1535619626-128] INFO  - REQUEST: POST http://localhost:8888/api/1.0/transaction/transfer {"transaction_amount":10,"source_account":"ac3","target_account":"acC"}
[qtp1535619626-128] INFO  - RESPONSE: 200 {"id":"155","source_account":"ac3","target_account":"acC","status":"DONE","transaction_amount":10}
[qtp1535619626-129] INFO  - REQUEST: POST http://localhost:8888/api/1.0/transaction/transfer {"transaction_amount":10,"source_account":"ac3","target_account":"acA"}
[qtp1535619626-129] INFO  - RESPONSE: 200 {"id":"156","source_account":"ac3","target_account":"acA","status":"DONE","transaction_amount":10}
[qtp1535619626-128] INFO  - REQUEST: POST http://localhost:8888/api/1.0/transaction/transfer {"transaction_amount":10,"source_account":"ac3","target_account":"acA"}
[qtp1535619626-128] INFO  - RESPONSE: 200 {"id":"157","source_account":"ac3","target_account":"acA","status":"DONE","transaction_amount":10}
[qtp1535619626-129] INFO  - REQUEST: POST http://localhost:8888/api/1.0/transaction/transfer {"transaction_amount":10,"source_account":"ac3","target_account":"acB"}
[qtp1535619626-129] INFO  - RESPONSE: 200 {"id":"158","source_account":"ac3","target_account":"acB","status":"DONE","transaction_amount":10}
[qtp1535619626-131] INFO  - REQUEST: POST http://localhost:8888/api/1.0/transaction/transfer {"transaction_amount":10,"source_account":"ac3","target_account":"acA"}
[qtp1535619626-131] INFO  - RESPONSE: 200 {"id":"159","source_account":"ac3","target_account":"acA","status":"DONE","transaction_amount":10}
[qtp1535619626-129] INFO  - REQUEST: POST http://localhost:8888/api/1.0/transaction/transfer {"transaction_amount":10,"source_account":"ac3","target_account":"acA"}
[qtp1535619626-129] INFO  - RESPONSE: 200 {"id":"160","source_account":"ac3","target_account":"acA","status":"DONE","transaction_amount":10}
[qtp1535619626-131] INFO  - REQUEST: POST http://localhost:8888/api/1.0/transaction/transfer {"transaction_amount":10,"source_account":"ac3","target_account":"acB"}
[qtp1535619626-129] INFO  - REQUEST: POST http://localhost:8888/api/1.0/transaction/transfer {"transaction_amount":10,"source_account":"ac3","target_account":"acB"}
[qtp1535619626-131] INFO  - RESPONSE: 200 {"id":"161","source_account":"ac3","target_account":"acB","status":"DONE","transaction_amount":10}
[qtp1535619626-129] INFO  - RESPONSE: 200 {"id":"162","source_account":"ac3","target_account":"acB","status":"DONE","transaction_amount":10}
[qtp1535619626-128] INFO  - REQUEST: POST http://localhost:8888/api/1.0/transaction/transfer {"transaction_amount":10,"source_account":"ac3","target_account":"acB"}
[qtp1535619626-128] INFO  - RESPONSE: 200 {"id":"163","source_account":"ac3","target_account":"acB","status":"DONE","transaction_amount":10}
[qtp1535619626-131] INFO  - REQUEST: POST http://localhost:8888/api/1.0/transaction/transfer {"transaction_amount":10,"source_account":"ac3","target_account":"acC"}
[qtp1535619626-129] INFO  - REQUEST: POST http://localhost:8888/api/1.0/transaction/transfer {"transaction_amount":10,"source_account":"ac3","target_account":"acC"}
[qtp1535619626-131] INFO  - RESPONSE: 200 {"id":"164","source_account":"ac3","target_account":"acC","status":"DONE","transaction_amount":10}
[qtp1535619626-129] INFO  - RESPONSE: 200 {"id":"165","source_account":"ac3","target_account":"acC","status":"DONE","transaction_amount":10}
[qtp1535619626-109] INFO  - REQUEST: POST http://localhost:8888/api/1.0/transaction/transfer {"transaction_amount":10,"source_account":"ac3","target_account":"acC"}
[qtp1535619626-109] INFO  - RESPONSE: 200 {"id":"166","source_account":"ac3","target_account":"acC","status":"DONE","transaction_amount":10}
[qtp1535619626-127] INFO  - REQUEST: POST http://localhost:8888/api/1.0/transaction/transfer {"transaction_amount":10,"source_account":"ac3","target_account":"acB"}
[qtp1535619626-127] INFO  - RESPONSE: 200 {"id":"167","source_account":"ac3","target_account":"acB","status":"DONE","transaction_amount":10}
[qtp1535619626-129] INFO  - REQUEST: POST http://localhost:8888/api/1.0/transaction/transfer {"transaction_amount":10,"source_account":"ac3","target_account":"acA"}
[qtp1535619626-129] INFO  - RESPONSE: 200 {"id":"168","source_account":"ac3","target_account":"acA","status":"DONE","transaction_amount":10}
[qtp1535619626-129] INFO  - REQUEST: POST http://localhost:8888/api/1.0/transaction/transfer {"transaction_amount":"10000","source_account":"ac1","target_account":"acA"}
[qtp1535619626-127] INFO  - REQUEST: POST http://localhost:8888/api/1.0/transaction/transfer {"transaction_amount":"10000","source_account":"ac1","target_account":"acA"}
[qtp1535619626-127] ERROR  - RESPONSE: 500 {"status":"500","message":"Insufficient account money to make the transaction"}
[qtp1535619626-129] ERROR  - RESPONSE: 500 {"status":"500","message":"Insufficient account money to make the transaction"}
[qtp1535619626-131] INFO  - REQUEST: POST http://localhost:8888/api/1.0/transaction/transfer {"transaction_amount":10,"source_account":"ac3","target_account":"acC"}
[qtp1535619626-131] INFO  - RESPONSE: 200 {"id":"171","source_account":"ac3","target_account":"acC","status":"DONE","transaction_amount":10}
[qtp1535619626-109] INFO  - REQUEST: POST http://localhost:8888/api/1.0/transaction/transfer {"transaction_amount":10,"source_account":"ac3","target_account":"acC"}
[qtp1535619626-127] INFO  - REQUEST: POST http://localhost:8888/api/1.0/transaction/transfer {"transaction_amount":10,"source_account":"ac3","target_account":"acB"}
[qtp1535619626-109] INFO  - RESPONSE: 200 {"id":"172","source_account":"ac3","target_account":"acC","status":"DONE","transaction_amount":10}
[qtp1535619626-127] INFO  - RESPONSE: 200 {"id":"173","source_account":"ac3","target_account":"acB","status":"DONE","transaction_amount":10}
[qtp1535619626-131] INFO  - REQUEST: POST http://localhost:8888/api/1.0/transaction/transfer {"transaction_amount":"10","source_account":"invalidAccountId","target_account":"acB"}
[qtp1535619626-131] INFO  - RESPONSE: 404 {"status":"404","message":"Account with id \u0027invalidAccountId\u0027 not found"}
[qtp1535619626-129] INFO  - REQUEST: POST http://localhost:8888/api/1.0/transaction/transfer {"transaction_amount":10,"source_account":"ac3","target_account":"acC"}
[qtp1535619626-129] INFO  - RESPONSE: 200 {"id":"175","source_account":"ac3","target_account":"acC","status":"DONE","transaction_amount":10}
[qtp1535619626-127] INFO  - REQUEST: POST http://localhost:8888/api/1.0/transaction/transfer {"transaction_amount":"10000","source_account":"ac1","target_account":"acA"}
[qtp1535619626-127] ERROR  - RESPONSE: 500 {"status":"500","message":"Insufficient account money to make the transaction"}
[qtp1535619626-131] INFO  - REQUEST: POST http://localhost:8888/api/1.0/transaction/transfer {"transaction_amount":"10","source_account":"invalidAccountId","target_account":"acB"}
[qtp1535619626-131] INFO  - RESPONSE: 404 {"status":"404","message":"Account with id \u0027invalidAccountId\u0027 not found"}
[qtp1535619626-129] INFO  - REQUEST: POST http://localhost:8888/api/1.0/transaction/transfer {"transaction_amount":"10000","source_account":"ac1","target_account":"acA"}
[qtp1535619626-129] ERROR  - RESPONSE: 500 {"status":"500","message":"Insufficient account money to make the transaction"}
[qtp1535619626-129] INFO  - REQUEST: POST http://localhost:8888/api/1.0/transaction/transfer {"transaction_amount":"10000","source_account":"ac1","target_account":"acA"}
[qtp1535619626-129] ERROR  - RESPONSE: 500 {"status":"500","message":"Insufficient account money to make the transaction"}
[qtp1535619626-129] INFO  - REQUEST: POST http://localhost:8888/api/1.0/transaction/transfer {"transaction_amount":"10000","source_account":"ac1","target_account":"acA"}
[qtp1535619626-131] INFO  - REQUEST: POST http://localhost:8888/api/1.0/transaction/transfer {"transaction_amount":"10000","source_account":"ac1","target_account":"acA"}
[qtp1535619626-131] ERROR  - RESPONSE: 500 {"status":"500","message":"Insufficient account money to make the transaction"}
[qtp1535619626-109] INFO  - REQUEST: POST http://localhost:8888/api/1.0/transaction/transfer {"transaction_amount":"10","source_account":"invalidAccountId","target_account":"acB"}
[qtp1535619626-109] INFO  - RESPONSE: 404 {"status":"404","message":"Account with id \u0027invalidAccountId\u0027 not found"}
[qtp1535619626-129] ERROR  - RESPONSE: 500 {"status":"500","message":"Insufficient account money to make the transaction"}
[qtp1535619626-127] INFO  - REQUEST: POST http://localhost:8888/api/1.0/transaction/transfer {"transaction_amount":"10","source_account":"invalidAccountId","target_account":"acB"}
[qtp1535619626-127] INFO  - RESPONSE: 404 {"status":"404","message":"Account with id \u0027invalidAccountId\u0027 not found"}
[qtp1535619626-128] INFO  - REQUEST: POST http://localhost:8888/api/1.0/transaction/transfer {"transaction_amount":"10","source_account":"invalidAccountId","target_account":"acB"}
[qtp1535619626-127] INFO  - REQUEST: POST http://localhost:8888/api/1.0/transaction/transfer {"transaction_amount":"10","source_account":"invalidAccountId","target_account":"acB"}
[qtp1535619626-128] INFO  - RESPONSE: 404 {"status":"404","message":"Account with id \u0027invalidAccountId\u0027 not found"}
[qtp1535619626-127] INFO  - RESPONSE: 404 {"status":"404","message":"Account with id \u0027invalidAccountId\u0027 not found"}
[qtp1535619626-109] INFO  - REQUEST: POST http://localhost:8888/api/1.0/transaction/transfer {"transaction_amount":"10000","source_account":"ac1","target_account":"acA"}
[qtp1535619626-109] ERROR  - RESPONSE: 500 {"status":"500","message":"Insufficient account money to make the transaction"}
[qtp1535619626-128] INFO  - REQUEST: POST http://localhost:8888/api/1.0/transaction/transfer {"transaction_amount":"10","source_account":"invalidAccountId","target_account":"acB"}
[qtp1535619626-129] INFO  - REQUEST: POST http://localhost:8888/api/1.0/transaction/transfer {"transaction_amount":"10000","source_account":"ac1","target_account":"acA"}
[qtp1535619626-109] INFO  - REQUEST: POST http://localhost:8888/api/1.0/transaction/transfer {"transaction_amount":"10000","source_account":"ac1","target_account":"acA"}
[qtp1535619626-129] ERROR  - RESPONSE: 500 {"status":"500","message":"Insufficient account money to make the transaction"}
[qtp1535619626-128] INFO  - RESPONSE: 404 {"status":"404","message":"Account with id \u0027invalidAccountId\u0027 not found"}
[qtp1535619626-109] ERROR  - RESPONSE: 500 {"status":"500","message":"Insufficient account money to make the transaction"}
[qtp1535619626-127] INFO  - REQUEST: POST http://localhost:8888/api/1.0/transaction/transfer {"transaction_amount":"10","source_account":"invalidAccountId","target_account":"acB"}
[qtp1535619626-127] INFO  - RESPONSE: 404 {"status":"404","message":"Account with id \u0027invalidAccountId\u0027 not found"}
[qtp1535619626-131] INFO  - REQUEST: POST http://localhost:8888/api/1.0/transaction/transfer {"transaction_amount":"10","source_account":"invalidAccountId","target_account":"acB"}
[qtp1535619626-131] INFO  - RESPONSE: 404 {"status":"404","message":"Account with id \u0027invalidAccountId\u0027 not found"}
[qtp1535619626-109] INFO  - REQUEST: POST http://localhost:8888/api/1.0/transaction/transfer {"transaction_amount":"10","source_account":"invalidAccountId","target_account":"acB"}
[qtp1535619626-109] INFO  - RESPONSE: 404 {"status":"404","message":"Account with id \u0027invalidAccountId\u0027 not found"}
[qtp1535619626-131] INFO  - REQUEST: POST http://localhost:8888/api/1.0/transaction/transfer {"transaction_amount":20,"source_account":"acC","target_account":"ac3"}
[qtp1535619626-131] INFO  - RESPONSE: 200 {"id":"193","source_account":"acC","target_account":"ac3","status":"DONE","transaction_amount":20}
[qtp1535619626-127] INFO  - REQUEST: POST http://localhost:8888/api/1.0/transaction/transfer {"transaction_amount":20,"source_account":"acC","target_account":"ac2"}
[qtp1535619626-127] INFO  - RESPONSE: 200 {"id":"194","source_account":"acC","target_account":"ac2","status":"DONE","transaction_amount":20}
[qtp1535619626-129] INFO  - REQUEST: POST http://localhost:8888/api/1.0/transaction/transfer {"transaction_amount":20,"source_account":"acC","target_account":"ac3"}
[qtp1535619626-129] INFO  - RESPONSE: 200 {"id":"195","source_account":"acC","target_account":"ac3","status":"DONE","transaction_amount":20}
[qtp1535619626-127] INFO  - REQUEST: POST http://localhost:8888/api/1.0/transaction/transfer {"transaction_amount":20,"source_account":"acC","target_account":"ac1"}
[qtp1535619626-127] INFO  - RESPONSE: 200 {"id":"196","source_account":"acC","target_account":"ac1","status":"DONE","transaction_amount":20}
[qtp1535619626-109] INFO  - REQUEST: POST http://localhost:8888/api/1.0/transaction/transfer {"transaction_amount":20,"source_account":"acC","target_account":"ac3"}
[qtp1535619626-109] INFO  - RESPONSE: 200 {"id":"197","source_account":"acC","target_account":"ac3","status":"DONE","transaction_amount":20}
[qtp1535619626-129] INFO  - REQUEST: POST http://localhost:8888/api/1.0/transaction/transfer {"transaction_amount":20,"source_account":"acC","target_account":"ac2"}
[qtp1535619626-129] INFO  - RESPONSE: 200 {"id":"198","source_account":"acC","target_account":"ac2","status":"DONE","transaction_amount":20}
[qtp1535619626-127] INFO  - REQUEST: POST http://localhost:8888/api/1.0/transaction/transfer {"transaction_amount":20,"source_account":"acC","target_account":"ac3"}
[qtp1535619626-127] INFO  - RESPONSE: 200 {"id":"199","source_account":"acC","target_account":"ac3","status":"DONE","transaction_amount":20}
[qtp1535619626-109] INFO  - REQUEST: POST http://localhost:8888/api/1.0/transaction/transfer {"transaction_amount":20,"source_account":"acC","target_account":"ac3"}
[qtp1535619626-109] INFO  - RESPONSE: 200 {"id":"200","source_account":"acC","target_account":"ac3","status":"DONE","transaction_amount":20}
[Thread-83] INFO spark.embeddedserver.jetty.EmbeddedJettyServer - >>> Spark shutting down ...
[Thread-83] INFO org.eclipse.jetty.server.AbstractConnector - Stopped ServerConnector@de68176{HTTP/1.1,[http/1.1]}{0.0.0.0:8888}
[Thread-83] INFO org.eclipse.jetty.server.session - node0 Stopped scavenging
[Thread-83] INFO spark.embeddedserver.jetty.EmbeddedJettyServer - done
]]></system-err>
</testsuite>
